Sat Dec 2 05:04:49 IST 2023

SLURM_JOBID:		 994163
SLURM_JOB_NODELIST:	 dt-gpu-09 


python run.py --epoches 100000 --modelLoad AB --weightModel identical --randomGraph RGG --seed 14 --strains 3 --CMDprogress_87_119
python run.py --epoches 100000 --modelLoad BB --weightModel identical --randomGraph ER --seed 12 --strains 4 --CMDprogress_88_119
python run.py --epoches 100000 --modelLoad infer2018 --weightModel identical --randomGraph BA --seed 13 --strains 4 --CMDprogress_89_119
python run.py --epoches 100000 --modelLoad infer2018 --weightModel identical --randomGraph RGG --seed 13 --strains 4 --CMDprogress_90_119
python run.py --epoches 100000 --modelLoad BB --weightModel identical --randomGraph ER --seed 10 --strains 4 --CMDprogress_91_119
python run.py --epoches 100000 --modelLoad BB --weightModel identical --randomGraph RGG --seed 14 --strains 3 --CMDprogress_92_119
python run.py --epoches 100000 --modelLoad infer2018 --weightModel identical --randomGraph RGG --seed 11 --strains 3 --CMDprogress_93_119
python run.py --epoches 100000 --modelLoad AB --weightModel identical --randomGraph RGG --seed 11 --strains 4 --CMDprogress_94_119
python run.py --epoches 100000 --modelLoad BB --weightModel identical --randomGraph BA --seed 11 --strains 4 --CMDprogress_95_119
python run.py --epoches 100000 --modelLoad infer2018 --weightModel identical --randomGraph RGG --seed 11 --strains 4 --CMDprogress_96_119
python run.py --epoches 100000 --modelLoad BB --weightModel identical --randomGraph WS --seed 13 --strains 4 --CMDprogress_97_119
python run.py --epoches 100000 --modelLoad BB --weightModel identical --randomGraph ER --seed 14 --strains 4 --CMDprogress_98_119
python run.py --epoches 100000 --modelLoad AB --weightModel identical --randomGraph BA --seed 14 --strains 3 --CMDprogress_99_119
python run.py --epoches 100000 --modelLoad infer2018 --weightModel identical --randomGraph RGG --seed 14 --strains 3 --CMDprogress_100_119
python run.py --epoches 100000 --modelLoad BB --weightModel identical --randomGraph BA --seed 13 --strains 4 --CMDprogress_101_119
python run.py --epoches 100000 --modelLoad infer2018 --weightModel identical --randomGraph ER --seed 13 --strains 3 --CMDprogress_102_119
python run.py --epoches 100000 --modelLoad infer2018 --weightModel identical --randomGraph WS --seed 14 --strains 3 --CMDprogress_103_119
python run.py --epoches 100000 --modelLoad AB --weightModel identical --randomGraph ER --seed 14 --strains 3 --CMDprogress_104_119
python run.py --epoches 100000 --modelLoad AB --weightModel identical --randomGraph BA --seed 11 --strains 4 --CMDprogress_105_119
python run.py --epoches 100000 --modelLoad AB --weightModel identical --randomGraph RGG --seed 12 --strains 3 --CMDprogress_106_119
python run.py --epoches 100000 --modelLoad BB --weightModel identical --randomGraph BA --seed 11 --strains 3 --CMDprogress_107_119
python run.py --epoches 100000 --modelLoad BB --weightModel identical --randomGraph ER --seed 14 --strains 3 --CMDprogress_108_119
python run.py --epoches 100000 --modelLoad BB --weightModel identical --randomGraph WS --seed 12 --strains 4 --CMDprogress_109_119
python run.py --epoches 100000 --modelLoad BB --weightModel identical --randomGraph WS --seed 14 --strains 4 --CMDprogress_110_119
python run.py --epoches 100000 --modelLoad AB --weightModel identical --randomGraph BA --seed 14 --strains 4 --CMDprogress_111_119
python run.py --epoches 100000 --modelLoad BB --weightModel identical --randomGraph ER --seed 12 --strains 3 --CMDprogress_112_119
python run.py --epoches 100000 --modelLoad infer2018 --weightModel identical --randomGraph ER --seed 14 --strains 4 --CMDprogress_113_119
python run.py --epoches 100000 --modelLoad AB --weightModel identical --randomGraph WS --seed 10 --strains 4 --CMDprogress_114_119
python run.py --epoches 100000 --modelLoad infer2018 --weightModel identical --randomGraph ER --seed 12 --strains 4 --CMDprogress_115_119
python run.py --epoches 100000 --modelLoad AB --weightModel identical --randomGraph WS --seed 10 --strains 3 --CMDprogress_116_119
python run.py --epoches 100000 --modelLoad infer2018 --weightModel identical --randomGraph BA --seed 10 --strains 4 --CMDprogress_117_119
python run.py --epoches 100000 --modelLoad infer2018 --weightModel identical --randomGraph WS --seed 11 --strains 4 --CMDprogress_118_119
python run.py --epoches 100000 --modelLoad infer2018 --weightModel identical --randomGraph WS --seed 13 --strains 4 --CMDprogress_119_119
