Sun Dec 17 13:12:40 IST 2023

SLURM_JOBID:		 1003746
SLURM_JOB_NODELIST:	 cs-3090-02 


python run.py --epoches 150000 --modelLoad AA --weightModel identical --randomGraph WS              --seed 14 --strains 4  --dense 0 --n 100 --intense -1 --identicalf 0.0002 --CMDprogress_0_19
python run.py --epoches 150000 --modelLoad AA --weightModel identical --randomGraph ER              --seed 14 --strains 4  --dense 0 --n 100 --intense -1 --identicalf 0.0002 --CMDprogress_1_19
python run.py --epoches 150000 --modelLoad AA --weightModel identical --randomGraph RGG              --seed 13 --strains 4  --dense 0 --n 100 --intense -1 --identicalf 0.0002 --CMDprogress_2_19
python run.py --epoches 150000 --modelLoad AA --weightModel identical --randomGraph WS              --seed 11 --strains 4  --dense 0 --n 100 --intense -1 --identicalf 0.0002 --CMDprogress_3_19
python run.py --epoches 150000 --modelLoad AA --weightModel identical --randomGraph RGG              --seed 12 --strains 4  --dense 0 --n 100 --intense -1 --identicalf 0.0002 --CMDprogress_4_19
python run.py --epoches 150000 --modelLoad AA --weightModel identical --randomGraph ER              --seed 12 --strains 4  --dense 0 --n 100 --intense -1 --identicalf 0.0002 --CMDprogress_5_19
python run.py --epoches 150000 --modelLoad AA --weightModel identical --randomGraph RGG              --seed 14 --strains 4  --dense 0 --n 100 --intense -1 --identicalf 0.0002 --CMDprogress_6_19
python run.py --epoches 150000 --modelLoad AA --weightModel identical --randomGraph WS              --seed 13 --strains 4  --dense 0 --n 100 --intense -1 --identicalf 0.0002 --CMDprogress_7_19
python run.py --epoches 150000 --modelLoad AA --weightModel identical --randomGraph BA              --seed 11 --strains 4  --dense 0 --n 100 --intense -1 --identicalf 0.0002 --CMDprogress_8_19
python run.py --epoches 150000 --modelLoad AA --weightModel identical --randomGraph BA              --seed 12 --strains 4  --dense 0 --n 100 --intense -1 --identicalf 0.0002 --CMDprogress_9_19
python run.py --epoches 150000 --modelLoad AA --weightModel identical --randomGraph ER              --seed 11 --strains 4  --dense 0 --n 100 --intense -1 --identicalf 0.0002 --CMDprogress_10_19
python run.py --epoches 150000 --modelLoad AA --weightModel identical --randomGraph ER              --seed 13 --strains 4  --dense 0 --n 100 --intense -1 --identicalf 0.0002 --CMDprogress_11_19
python run.py --epoches 150000 --modelLoad AA --weightModel identical --randomGraph BA              --seed 14 --strains 4  --dense 0 --n 100 --intense -1 --identicalf 0.0002 --CMDprogress_12_19
python run.py --epoches 150000 --modelLoad AA --weightModel identical --randomGraph BA              --seed 13 --strains 4  --dense 0 --n 100 --intense -1 --identicalf 0.0002 --CMDprogress_13_19
python run.py --epoches 150000 --modelLoad AA --weightModel identical --randomGraph WS              --seed 10 --strains 4  --dense 0 --n 100 --intense -1 --identicalf 0.0002 --CMDprogress_14_19
python run.py --epoches 150000 --modelLoad AA --weightModel identical --randomGraph ER              --seed 10 --strains 4  --dense 0 --n 100 --intense -1 --identicalf 0.0002 --CMDprogress_15_19
python run.py --epoches 150000 --modelLoad AA --weightModel identical --randomGraph WS              --seed 12 --strains 4  --dense 0 --n 100 --intense -1 --identicalf 0.0002 --CMDprogress_16_19
python run.py --epoches 150000 --modelLoad AA --weightModel identical --randomGraph RGG              --seed 10 --strains 4  --dense 0 --n 100 --intense -1 --identicalf 0.0002 --CMDprogress_17_19
python run.py --epoches 150000 --modelLoad AA --weightModel identical --randomGraph RGG              --seed 11 --strains 4  --dense 0 --n 100 --intense -1 --identicalf 0.0002 --CMDprogress_18_19
python run.py --epoches 150000 --modelLoad AA --weightModel identical --randomGraph BA              --seed 10 --strains 4  --dense 0 --n 100 --intense -1 --identicalf 0.0002 --CMDprogress_19_19
