Fri Dec 1 10:41:08 IST 2023

SLURM_JOBID:		 993989
SLURM_JOB_NODELIST:	 dt-gpu-09 


python run.py --epoches 100000 --modelLoad AB --weightModel identical --randomGraph RGG --seed 12 --strains 4 --CMDprogress_0_119
python run.py --epoches 100000 --modelLoad AB --weightModel identical --randomGraph RGG --seed 11 --strains 3 --CMDprogress_1_119
python run.py --epoches 100000 --modelLoad infer2018 --weightModel identical --randomGraph ER --seed 10 --strains 3 --CMDprogress_2_119
python run.py --epoches 100000 --modelLoad AB --weightModel identical --randomGraph BA --seed 14 --strains 3 --CMDprogress_3_119
python run.py --epoches 100000 --modelLoad BB --weightModel identical --randomGraph ER --seed 13 --strains 3 --CMDprogress_4_119
python run.py --epoches 100000 --modelLoad BB --weightModel identical --randomGraph RGG --seed 13 --strains 3 --CMDprogress_5_119
python run.py --epoches 100000 --modelLoad BB --weightModel identical --randomGraph BA --seed 11 --strains 3 --CMDprogress_6_119
python run.py --epoches 100000 --modelLoad AB --weightModel identical --randomGraph BA --seed 13 --strains 3 --CMDprogress_7_119
python run.py --epoches 100000 --modelLoad infer2018 --weightModel identical --randomGraph WS --seed 14 --strains 3 --CMDprogress_8_119
python run.py --epoches 100000 --modelLoad AB --weightModel identical --randomGraph WS --seed 14 --strains 4 --CMDprogress_9_119
python run.py --epoches 100000 --modelLoad infer2018 --weightModel identical --randomGraph ER --seed 12 --strains 3 --CMDprogress_10_119
python run.py --epoches 100000 --modelLoad AB --weightModel identical --randomGraph WS --seed 11 --strains 3 --CMDprogress_11_119
python run.py --epoches 100000 --modelLoad BB --weightModel identical --randomGraph BA --seed 13 --strains 4 --CMDprogress_12_119
python run.py --epoches 100000 --modelLoad infer2018 --weightModel identical --randomGraph WS --seed 13 --strains 4 --CMDprogress_13_119
python run.py --epoches 100000 --modelLoad infer2018 --weightModel identical --randomGraph RGG --seed 10 --strains 4 --CMDprogress_14_119
python run.py --epoches 100000 --modelLoad AB --weightModel identical --randomGraph BA --seed 13 --strains 4 --CMDprogress_15_119
python run.py --epoches 100000 --modelLoad BB --weightModel identical --randomGraph ER --seed 10 --strains 4 --CMDprogress_16_119
python run.py --epoches 100000 --modelLoad AB --weightModel identical --randomGraph ER --seed 13 --strains 4 --CMDprogress_17_119
python run.py --epoches 100000 --modelLoad BB --weightModel identical --randomGraph RGG --seed 13 --strains 4 --CMDprogress_18_119
python run.py --epoches 100000 --modelLoad infer2018 --weightModel identical --randomGraph WS --seed 11 --strains 3 --CMDprogress_19_119
python run.py --epoches 100000 --modelLoad AB --weightModel identical --randomGraph ER --seed 10 --strains 4 --CMDprogress_20_119
python run.py --epoches 100000 --modelLoad infer2018 --weightModel identical --randomGraph BA --seed 12 --strains 3 --CMDprogress_21_119
python run.py --epoches 100000 --modelLoad infer2018 --weightModel identical --randomGraph WS --seed 13 --strains 3 --CMDprogress_22_119
python run.py --epoches 100000 --modelLoad AB --weightModel identical --randomGraph ER --seed 14 --strains 4 --CMDprogress_23_119
python run.py --epoches 100000 --modelLoad BB --weightModel identical --randomGraph ER --seed 14 --strains 3 --CMDprogress_24_119
python run.py --epoches 100000 --modelLoad infer2018 --weightModel identical --randomGraph ER --seed 14 --strains 3 --CMDprogress_25_119
python run.py --epoches 100000 --modelLoad BB --weightModel identical --randomGraph RGG --seed 14 --strains 3 --CMDprogress_26_119
python run.py --epoches 100000 --modelLoad BB --weightModel identical --randomGraph BA --seed 14 --strains 3 --CMDprogress_27_119
python run.py --epoches 100000 --modelLoad infer2018 --weightModel identical --randomGraph WS --seed 14 --strains 4 --CMDprogress_28_119
python run.py --epoches 100000 --modelLoad BB --weightModel identical --randomGraph BA --seed 12 --strains 4 --CMDprogress_29_119
python run.py --epoches 100000 --modelLoad AB --weightModel identical --randomGraph ER --seed 10 --strains 3 --CMDprogress_30_119
python run.py --epoches 100000 --modelLoad BB --weightModel identical --randomGraph ER --seed 10 --strains 3 --CMDprogress_31_119
python run.py --epoches 100000 --modelLoad BB --weightModel identical --randomGraph WS --seed 13 --strains 4 --CMDprogress_32_119
python run.py --epoches 100000 --modelLoad BB --weightModel identical --randomGraph RGG --seed 10 --strains 3 --CMDprogress_33_119
python run.py --epoches 100000 --modelLoad BB --weightModel identical --randomGraph BA --seed 10 --strains 3 --CMDprogress_34_119
python run.py --epoches 100000 --modelLoad BB --weightModel identical --randomGraph RGG --seed 11 --strains 4 --CMDprogress_35_119
python run.py --epoches 100000 --modelLoad AB --weightModel identical --randomGraph RGG --seed 14 --strains 3 --CMDprogress_36_119
python run.py --epoches 100000 --modelLoad BB --weightModel identical --randomGraph BA --seed 13 --strains 3 --CMDprogress_37_119
python run.py --epoches 100000 --modelLoad infer2018 --weightModel identical --randomGraph BA --seed 13 --strains 4 --CMDprogress_38_119
python run.py --epoches 100000 --modelLoad BB --weightModel identical --randomGraph ER --seed 13 --strains 4 --CMDprogress_39_119
python run.py --epoches 100000 --modelLoad AB --weightModel identical --randomGraph RGG --seed 12 --strains 3 --CMDprogress_40_119
python run.py --epoches 100000 --modelLoad AB --weightModel identical --randomGraph WS --seed 14 --strains 3 --CMDprogress_41_119
python run.py --epoches 100000 --modelLoad BB --weightModel identical --randomGraph WS --seed 12 --strains 3 --CMDprogress_42_119
python run.py --epoches 100000 --modelLoad infer2018 --weightModel identical --randomGraph WS --seed 11 --strains 4 --CMDprogress_43_119
python run.py --epoches 100000 --modelLoad infer2018 --weightModel identical --randomGraph ER --seed 13 --strains 4 --CMDprogress_44_119
python run.py --epoches 100000 --modelLoad AB --weightModel identical --randomGraph WS --seed 10 --strains 4 --CMDprogress_45_119
python run.py --epoches 100000 --modelLoad AB --weightModel identical --randomGraph WS --seed 12 --strains 3 --CMDprogress_46_119
python run.py --epoches 100000 --modelLoad AB --weightModel identical --randomGraph RGG --seed 11 --strains 4 --CMDprogress_47_119
python run.py --epoches 100000 --modelLoad BB --weightModel identical --randomGraph WS --seed 12 --strains 4 --CMDprogress_48_119
python run.py --epoches 100000 --modelLoad infer2018 --weightModel identical --randomGraph RGG --seed 10 --strains 3 --CMDprogress_49_119
python run.py --epoches 100000 --modelLoad AB --weightModel identical --randomGraph ER --seed 11 --strains 4 --CMDprogress_50_119
python run.py --epoches 100000 --modelLoad BB --weightModel identical --randomGraph WS --seed 14 --strains 3 --CMDprogress_51_119
python run.py --epoches 100000 --modelLoad AB --weightModel identical --randomGraph RGG --seed 13 --strains 4 --CMDprogress_52_119
python run.py --epoches 100000 --modelLoad infer2018 --weightModel identical --randomGraph BA --seed 14 --strains 4 --CMDprogress_53_119
python run.py --epoches 100000 --modelLoad AB --weightModel identical --randomGraph RGG --seed 10 --strains 4 --CMDprogress_54_119
python run.py --epoches 100000 --modelLoad BB --weightModel identical --randomGraph ER --seed 12 --strains 3 --CMDprogress_55_119
python run.py --epoches 100000 --modelLoad infer2018 --weightModel identical --randomGraph ER --seed 11 --strains 4 --CMDprogress_56_119
python run.py --epoches 100000 --modelLoad AB --weightModel identical --randomGraph WS --seed 11 --strains 4 --CMDprogress_57_119
python run.py --epoches 100000 --modelLoad AB --weightModel identical --randomGraph BA --seed 11 --strains 3 --CMDprogress_58_119
python run.py --epoches 100000 --modelLoad infer2018 --weightModel identical --randomGraph RGG --seed 11 --strains 4 --CMDprogress_59_119
python run.py --epoches 100000 --modelLoad infer2018 --weightModel identical --randomGraph RGG --seed 12 --strains 3 --CMDprogress_60_119
python run.py --epoches 100000 --modelLoad AB --weightModel identical --randomGraph BA --seed 11 --strains 4 --CMDprogress_61_119
python run.py --epoches 100000 --modelLoad BB --weightModel identical --randomGraph RGG --seed 10 --strains 4 --CMDprogress_62_119
python run.py --epoches 100000 --modelLoad infer2018 --weightModel identical --randomGraph BA --seed 13 --strains 3 --CMDprogress_63_119
python run.py --epoches 100000 --modelLoad BB --weightModel identical --randomGraph BA --seed 11 --strains 4 --CMDprogress_64_119
python run.py --epoches 100000 --modelLoad AB --weightModel identical --randomGraph BA --seed 10 --strains 4 --CMDprogress_65_119
python run.py --epoches 100000 --modelLoad infer2018 --weightModel identical --randomGraph RGG --seed 14 --strains 3 --CMDprogress_66_119
python run.py --epoches 100000 --modelLoad BB --weightModel identical --randomGraph RGG --seed 12 --strains 4 --CMDprogress_67_119
python run.py --epoches 100000 --modelLoad infer2018 --weightModel identical --randomGraph BA --seed 11 --strains 4 --CMDprogress_68_119
python run.py --epoches 100000 --modelLoad AB --weightModel identical --randomGraph BA --seed 14 --strains 4 --CMDprogress_69_119
python run.py --epoches 100000 --modelLoad infer2018 --weightModel identical --randomGraph RGG --seed 13 --strains 3 --CMDprogress_70_119
python run.py --epoches 100000 --modelLoad infer2018 --weightModel identical --randomGraph WS --seed 12 --strains 3 --CMDprogress_71_119
python run.py --epoches 100000 --modelLoad BB --weightModel identical --randomGraph BA --seed 10 --strains 4 --CMDprogress_72_119
python run.py --epoches 100000 --modelLoad AB --weightModel identical --randomGraph WS --seed 13 --strains 4 --CMDprogress_73_119
python run.py --epoches 100000 --modelLoad AB --weightModel identical --randomGraph ER --seed 12 --strains 4 --CMDprogress_74_119
python run.py --epoches 100000 --modelLoad infer2018 --weightModel identical --randomGraph RGG --seed 11 --strains 3 --CMDprogress_75_119
python run.py --epoches 100000 --modelLoad infer2018 --weightModel identical --randomGraph RGG --seed 14 --strains 4 --CMDprogress_76_119
python run.py --epoches 100000 --modelLoad infer2018 --weightModel identical --randomGraph ER --seed 13 --strains 3 --CMDprogress_77_119
python run.py --epoches 100000 --modelLoad BB --weightModel identical --randomGraph ER --seed 12 --strains 4 --CMDprogress_78_119
python run.py --epoches 100000 --modelLoad BB --weightModel identical --randomGraph RGG --seed 11 --strains 3 --CMDprogress_79_119
python run.py --epoches 100000 --modelLoad AB --weightModel identical --randomGraph RGG --seed 14 --strains 4 --CMDprogress_80_119
python run.py --epoches 100000 --modelLoad infer2018 --weightModel identical --randomGraph WS --seed 10 --strains 4 --CMDprogress_81_119
python run.py --epoches 100000 --modelLoad BB --weightModel identical --randomGraph WS --seed 13 --strains 3 --CMDprogress_82_119
python run.py --epoches 100000 --modelLoad BB --weightModel identical --randomGraph WS --seed 11 --strains 3 --CMDprogress_83_119
python run.py --epoches 100000 --modelLoad infer2018 --weightModel identical --randomGraph BA --seed 10 --strains 4 --CMDprogress_84_119
python run.py --epoches 100000 --modelLoad AB --weightModel identical --randomGraph ER --seed 13 --strains 3 --CMDprogress_85_119
python run.py --epoches 100000 --modelLoad infer2018 --weightModel identical --randomGraph ER --seed 11 --strains 3 --CMDprogress_86_119
python run.py --epoches 100000 --modelLoad infer2018 --weightModel identical --randomGraph RGG --seed 12 --strains 4 --CMDprogress_87_119
./myCommands.sh: line 278: unexpected EOF while looking for matching `"'
./myCommands.sh: line 281: syntax error: unexpected end of file
