Sat Jan 6 05:42:42 IST 2024

SLURM_JOBID:		 1014622
SLURM_JOB_NODELIST:	 ise-pheno-10 


python run.py --epoches 150000 --modelLoad AA --weightModel identical --randomGraph ba3        --seed 11 --strains 2  --dense 0 --n 100 --intense -1 --CMDprogress_0_23
python run.py --epoches 150000 --modelLoad AA --weightModel identical --randomGraph er3        --seed 11 --strains 3  --dense 0 --n 100 --intense -1 --CMDprogress_1_23
python run.py --epoches 150000 --modelLoad AA --weightModel identical --randomGraph ba1        --seed 11 --strains 3  --dense 0 --n 100 --intense -1 --CMDprogress_2_23
python run.py --epoches 150000 --modelLoad AA --weightModel identical --randomGraph er1        --seed 11 --strains 3  --dense 0 --n 100 --intense -1 --CMDprogress_3_23
Traceback (most recent call last):
  File "/sise/home/lx/code/12_1_topology_learning/Topology_Learning_Epis/run.py", line 227, in <module>
    utils.log_print(printFlag,"recall:", evaluate.recall(Aw, PreA))
  File "/sise/home/lx/code/12_1_topology_learning/Topology_Learning_Epis/modules/evaluate.py", line 42, in recall
    Z= torch.tensor(continious_to_sparcity(Z.numpy(), links))+IMatrix
TypeError: can't convert cuda:0 device type tensor to numpy. Use Tensor.cpu() to copy the tensor to host memory first.
Traceback (most recent call last):
  File "/sise/home/lx/code/12_1_topology_learning/Topology_Learning_Epis/run.py", line 227, in <module>
    utils.log_print(printFlag,"recall:", evaluate.recall(Aw, PreA))
  File "/sise/home/lx/code/12_1_topology_learning/Topology_Learning_Epis/modules/evaluate.py", line 42, in recall
    Z= torch.tensor(continious_to_sparcity(Z.numpy(), links))+IMatrix
TypeError: can't convert cuda:0 device type tensor to numpy. Use Tensor.cpu() to copy the tensor to host memory first.
Traceback (most recent call last):
  File "/sise/home/lx/code/12_1_topology_learning/Topology_Learning_Epis/run.py", line 227, in <module>
    utils.log_print(printFlag,"recall:", evaluate.recall(Aw, PreA))
  File "/sise/home/lx/code/12_1_topology_learning/Topology_Learning_Epis/modules/evaluate.py", line 42, in recall
    Z= torch.tensor(continious_to_sparcity(Z.numpy(), links))+IMatrix
TypeError: can't convert cuda:0 device type tensor to numpy. Use Tensor.cpu() to copy the tensor to host memory first.
Traceback (most recent call last):
  File "/sise/home/lx/code/12_1_topology_learning/Topology_Learning_Epis/run.py", line 227, in <module>
    utils.log_print(printFlag,"recall:", evaluate.recall(Aw, PreA))
  File "/sise/home/lx/code/12_1_topology_learning/Topology_Learning_Epis/modules/evaluate.py", line 42, in recall
    Z= torch.tensor(continious_to_sparcity(Z.numpy(), links))+IMatrix
TypeError: can't convert cuda:0 device type tensor to numpy. Use Tensor.cpu() to copy the tensor to host memory first.
python run.py --epoches 150000 --modelLoad AA --weightModel identical --randomGraph ba3        --seed 11 --strains 1  --dense 0 --n 100 --intense -1 --CMDprogress_4_23
python run.py --epoches 150000 --modelLoad AA --weightModel identical --randomGraph er2        --seed 11 --strains 2  --dense 0 --n 100 --intense -1 --CMDprogress_5_23
python run.py --epoches 150000 --modelLoad AA --weightModel identical --randomGraph er2        --seed 11 --strains 1  --dense 0 --n 100 --intense -1 --CMDprogress_6_23
python run.py --epoches 150000 --modelLoad AA --weightModel identical --randomGraph er1        --seed 11 --strains 4  --dense 0 --n 100 --intense -1 --CMDprogress_7_23
Traceback (most recent call last):
  File "/sise/home/lx/code/12_1_topology_learning/Topology_Learning_Epis/run.py", line 227, in <module>
    utils.log_print(printFlag,"recall:", evaluate.recall(Aw, PreA))
  File "/sise/home/lx/code/12_1_topology_learning/Topology_Learning_Epis/modules/evaluate.py", line 42, in recall
    Z= torch.tensor(continious_to_sparcity(Z.numpy(), links))+IMatrix
TypeError: can't convert cuda:0 device type tensor to numpy. Use Tensor.cpu() to copy the tensor to host memory first.
Traceback (most recent call last):
  File "/sise/home/lx/code/12_1_topology_learning/Topology_Learning_Epis/run.py", line 227, in <module>
    utils.log_print(printFlag,"recall:", evaluate.recall(Aw, PreA))
  File "/sise/home/lx/code/12_1_topology_learning/Topology_Learning_Epis/modules/evaluate.py", line 42, in recall
    Z= torch.tensor(continious_to_sparcity(Z.numpy(), links))+IMatrix
TypeError: can't convert cuda:0 device type tensor to numpy. Use Tensor.cpu() to copy the tensor to host memory first.
Traceback (most recent call last):
  File "/sise/home/lx/code/12_1_topology_learning/Topology_Learning_Epis/run.py", line 227, in <module>
    utils.log_print(printFlag,"recall:", evaluate.recall(Aw, PreA))
  File "/sise/home/lx/code/12_1_topology_learning/Topology_Learning_Epis/modules/evaluate.py", line 42, in recall
    Z= torch.tensor(continious_to_sparcity(Z.numpy(), links))+IMatrix
TypeError: can't convert cuda:0 device type tensor to numpy. Use Tensor.cpu() to copy the tensor to host memory first.
Traceback (most recent call last):
  File "/sise/home/lx/code/12_1_topology_learning/Topology_Learning_Epis/run.py", line 227, in <module>
    utils.log_print(printFlag,"recall:", evaluate.recall(Aw, PreA))
  File "/sise/home/lx/code/12_1_topology_learning/Topology_Learning_Epis/modules/evaluate.py", line 42, in recall
    Z= torch.tensor(continious_to_sparcity(Z.numpy(), links))+IMatrix
TypeError: can't convert cuda:0 device type tensor to numpy. Use Tensor.cpu() to copy the tensor to host memory first.
python run.py --epoches 150000 --modelLoad AA --weightModel identical --randomGraph er1        --seed 11 --strains 2  --dense 0 --n 100 --intense -1 --CMDprogress_8_23
python run.py --epoches 150000 --modelLoad AA --weightModel identical --randomGraph ba2        --seed 11 --strains 4  --dense 0 --n 100 --intense -1 --CMDprogress_9_23
python run.py --epoches 150000 --modelLoad AA --weightModel identical --randomGraph ba1        --seed 11 --strains 4  --dense 0 --n 100 --intense -1 --CMDprogress_10_23
python run.py --epoches 150000 --modelLoad AA --weightModel identical --randomGraph ba2        --seed 11 --strains 3  --dense 0 --n 100 --intense -1 --CMDprogress_11_23
Traceback (most recent call last):
  File "/sise/home/lx/code/12_1_topology_learning/Topology_Learning_Epis/run.py", line 227, in <module>
    utils.log_print(printFlag,"recall:", evaluate.recall(Aw, PreA))
  File "/sise/home/lx/code/12_1_topology_learning/Topology_Learning_Epis/modules/evaluate.py", line 42, in recall
    Z= torch.tensor(continious_to_sparcity(Z.numpy(), links))+IMatrix
TypeError: can't convert cuda:0 device type tensor to numpy. Use Tensor.cpu() to copy the tensor to host memory first.
Traceback (most recent call last):
  File "/sise/home/lx/code/12_1_topology_learning/Topology_Learning_Epis/run.py", line 227, in <module>
    utils.log_print(printFlag,"recall:", evaluate.recall(Aw, PreA))
  File "/sise/home/lx/code/12_1_topology_learning/Topology_Learning_Epis/modules/evaluate.py", line 42, in recall
    Z= torch.tensor(continious_to_sparcity(Z.numpy(), links))+IMatrix
TypeError: can't convert cuda:0 device type tensor to numpy. Use Tensor.cpu() to copy the tensor to host memory first.
Traceback (most recent call last):
  File "/sise/home/lx/code/12_1_topology_learning/Topology_Learning_Epis/run.py", line 227, in <module>
    utils.log_print(printFlag,"recall:", evaluate.recall(Aw, PreA))
  File "/sise/home/lx/code/12_1_topology_learning/Topology_Learning_Epis/modules/evaluate.py", line 42, in recall
    Z= torch.tensor(continious_to_sparcity(Z.numpy(), links))+IMatrix
TypeError: can't convert cuda:0 device type tensor to numpy. Use Tensor.cpu() to copy the tensor to host memory first.
Traceback (most recent call last):
  File "/sise/home/lx/code/12_1_topology_learning/Topology_Learning_Epis/run.py", line 227, in <module>
    utils.log_print(printFlag,"recall:", evaluate.recall(Aw, PreA))
  File "/sise/home/lx/code/12_1_topology_learning/Topology_Learning_Epis/modules/evaluate.py", line 42, in recall
    Z= torch.tensor(continious_to_sparcity(Z.numpy(), links))+IMatrix
TypeError: can't convert cuda:0 device type tensor to numpy. Use Tensor.cpu() to copy the tensor to host memory first.
python run.py --epoches 150000 --modelLoad AA --weightModel identical --randomGraph er3        --seed 11 --strains 1  --dense 0 --n 100 --intense -1 --CMDprogress_12_23
python run.py --epoches 150000 --modelLoad AA --weightModel identical --randomGraph ba3        --seed 11 --strains 4  --dense 0 --n 100 --intense -1 --CMDprogress_13_23
python run.py --epoches 150000 --modelLoad AA --weightModel identical --randomGraph er3        --seed 11 --strains 4  --dense 0 --n 100 --intense -1 --CMDprogress_14_23
python run.py --epoches 150000 --modelLoad AA --weightModel identical --randomGraph ba2        --seed 11 --strains 1  --dense 0 --n 100 --intense -1 --CMDprogress_15_23
Traceback (most recent call last):
  File "/sise/home/lx/code/12_1_topology_learning/Topology_Learning_Epis/run.py", line 227, in <module>
    utils.log_print(printFlag,"recall:", evaluate.recall(Aw, PreA))
  File "/sise/home/lx/code/12_1_topology_learning/Topology_Learning_Epis/modules/evaluate.py", line 42, in recall
    Z= torch.tensor(continious_to_sparcity(Z.numpy(), links))+IMatrix
TypeError: can't convert cuda:0 device type tensor to numpy. Use Tensor.cpu() to copy the tensor to host memory first.
Traceback (most recent call last):
  File "/sise/home/lx/code/12_1_topology_learning/Topology_Learning_Epis/run.py", line 227, in <module>
    utils.log_print(printFlag,"recall:", evaluate.recall(Aw, PreA))
  File "/sise/home/lx/code/12_1_topology_learning/Topology_Learning_Epis/modules/evaluate.py", line 42, in recall
    Z= torch.tensor(continious_to_sparcity(Z.numpy(), links))+IMatrix
TypeError: can't convert cuda:0 device type tensor to numpy. Use Tensor.cpu() to copy the tensor to host memory first.
Traceback (most recent call last):
  File "/sise/home/lx/code/12_1_topology_learning/Topology_Learning_Epis/run.py", line 227, in <module>
    utils.log_print(printFlag,"recall:", evaluate.recall(Aw, PreA))
  File "/sise/home/lx/code/12_1_topology_learning/Topology_Learning_Epis/modules/evaluate.py", line 42, in recall
    Z= torch.tensor(continious_to_sparcity(Z.numpy(), links))+IMatrix
TypeError: can't convert cuda:0 device type tensor to numpy. Use Tensor.cpu() to copy the tensor to host memory first.
Traceback (most recent call last):
  File "/sise/home/lx/code/12_1_topology_learning/Topology_Learning_Epis/run.py", line 227, in <module>
    utils.log_print(printFlag,"recall:", evaluate.recall(Aw, PreA))
  File "/sise/home/lx/code/12_1_topology_learning/Topology_Learning_Epis/modules/evaluate.py", line 42, in recall
    Z= torch.tensor(continious_to_sparcity(Z.numpy(), links))+IMatrix
TypeError: can't convert cuda:0 device type tensor to numpy. Use Tensor.cpu() to copy the tensor to host memory first.
python run.py --epoches 150000 --modelLoad AA --weightModel identical --randomGraph ba3        --seed 11 --strains 3  --dense 0 --n 100 --intense -1 --CMDprogress_16_23
python run.py --epoches 150000 --modelLoad AA --weightModel identical --randomGraph er1        --seed 11 --strains 1  --dense 0 --n 100 --intense -1 --CMDprogress_17_23
python run.py --epoches 150000 --modelLoad AA --weightModel identical --randomGraph ba1        --seed 11 --strains 2  --dense 0 --n 100 --intense -1 --CMDprogress_18_23
python run.py --epoches 150000 --modelLoad AA --weightModel identical --randomGraph ba2        --seed 11 --strains 2  --dense 0 --n 100 --intense -1 --CMDprogress_19_23
Traceback (most recent call last):
  File "/sise/home/lx/code/12_1_topology_learning/Topology_Learning_Epis/run.py", line 227, in <module>
    utils.log_print(printFlag,"recall:", evaluate.recall(Aw, PreA))
  File "/sise/home/lx/code/12_1_topology_learning/Topology_Learning_Epis/modules/evaluate.py", line 42, in recall
    Z= torch.tensor(continious_to_sparcity(Z.numpy(), links))+IMatrix
TypeError: can't convert cuda:0 device type tensor to numpy. Use Tensor.cpu() to copy the tensor to host memory first.
Traceback (most recent call last):
  File "/sise/home/lx/code/12_1_topology_learning/Topology_Learning_Epis/run.py", line 227, in <module>
    utils.log_print(printFlag,"recall:", evaluate.recall(Aw, PreA))
  File "/sise/home/lx/code/12_1_topology_learning/Topology_Learning_Epis/modules/evaluate.py", line 42, in recall
    Z= torch.tensor(continious_to_sparcity(Z.numpy(), links))+IMatrix
TypeError: can't convert cuda:0 device type tensor to numpy. Use Tensor.cpu() to copy the tensor to host memory first.
Traceback (most recent call last):
  File "/sise/home/lx/code/12_1_topology_learning/Topology_Learning_Epis/run.py", line 227, in <module>
    utils.log_print(printFlag,"recall:", evaluate.recall(Aw, PreA))
  File "/sise/home/lx/code/12_1_topology_learning/Topology_Learning_Epis/modules/evaluate.py", line 42, in recall
    Z= torch.tensor(continious_to_sparcity(Z.numpy(), links))+IMatrix
TypeError: can't convert cuda:0 device type tensor to numpy. Use Tensor.cpu() to copy the tensor to host memory first.
Traceback (most recent call last):
  File "/sise/home/lx/code/12_1_topology_learning/Topology_Learning_Epis/run.py", line 227, in <module>
    utils.log_print(printFlag,"recall:", evaluate.recall(Aw, PreA))
  File "/sise/home/lx/code/12_1_topology_learning/Topology_Learning_Epis/modules/evaluate.py", line 42, in recall
    Z= torch.tensor(continious_to_sparcity(Z.numpy(), links))+IMatrix
TypeError: can't convert cuda:0 device type tensor to numpy. Use Tensor.cpu() to copy the tensor to host memory first.
python run.py --epoches 150000 --modelLoad AA --weightModel identical --randomGraph er2        --seed 11 --strains 3  --dense 0 --n 100 --intense -1 --CMDprogress_20_23
python run.py --epoches 150000 --modelLoad AA --weightModel identical --randomGraph ba1        --seed 11 --strains 1  --dense 0 --n 100 --intense -1 --CMDprogress_21_23
python run.py --epoches 150000 --modelLoad AA --weightModel identical --randomGraph er2        --seed 11 --strains 4  --dense 0 --n 100 --intense -1 --CMDprogress_22_23
python run.py --epoches 150000 --modelLoad AA --weightModel identical --randomGraph er3        --seed 11 --strains 2  --dense 0 --n 100 --intense -1 --CMDprogress_23_23
Traceback (most recent call last):
  File "/sise/home/lx/code/12_1_topology_learning/Topology_Learning_Epis/run.py", line 227, in <module>
    utils.log_print(printFlag,"recall:", evaluate.recall(Aw, PreA))
  File "/sise/home/lx/code/12_1_topology_learning/Topology_Learning_Epis/modules/evaluate.py", line 42, in recall
    Z= torch.tensor(continious_to_sparcity(Z.numpy(), links))+IMatrix
TypeError: can't convert cuda:0 device type tensor to numpy. Use Tensor.cpu() to copy the tensor to host memory first.
Traceback (most recent call last):
  File "/sise/home/lx/code/12_1_topology_learning/Topology_Learning_Epis/run.py", line 227, in <module>
    utils.log_print(printFlag,"recall:", evaluate.recall(Aw, PreA))
  File "/sise/home/lx/code/12_1_topology_learning/Topology_Learning_Epis/modules/evaluate.py", line 42, in recall
    Z= torch.tensor(continious_to_sparcity(Z.numpy(), links))+IMatrix
TypeError: can't convert cuda:0 device type tensor to numpy. Use Tensor.cpu() to copy the tensor to host memory first.
Traceback (most recent call last):
  File "/sise/home/lx/code/12_1_topology_learning/Topology_Learning_Epis/run.py", line 227, in <module>
    utils.log_print(printFlag,"recall:", evaluate.recall(Aw, PreA))
  File "/sise/home/lx/code/12_1_topology_learning/Topology_Learning_Epis/modules/evaluate.py", line 42, in recall
    Z= torch.tensor(continious_to_sparcity(Z.numpy(), links))+IMatrix
TypeError: can't convert cuda:0 device type tensor to numpy. Use Tensor.cpu() to copy the tensor to host memory first.
Traceback (most recent call last):
  File "/sise/home/lx/code/12_1_topology_learning/Topology_Learning_Epis/run.py", line 227, in <module>
    utils.log_print(printFlag,"recall:", evaluate.recall(Aw, PreA))
  File "/sise/home/lx/code/12_1_topology_learning/Topology_Learning_Epis/modules/evaluate.py", line 42, in recall
    Z= torch.tensor(continious_to_sparcity(Z.numpy(), links))+IMatrix
TypeError: can't convert cuda:0 device type tensor to numpy. Use Tensor.cpu() to copy the tensor to host memory first.
