Sun Nov 26 05:48:48 IST 2023

SLURM_JOBID:		 979375
SLURM_JOB_NODELIST:	 dt-gpu-01 


python run.py --epoches 100000 --modelLoad AA --weightModel identical --randomGraph WS --seed 11 --strains 3 --CMDprogress_0_19
python run.py --epoches 100000 --modelLoad AA --weightModel identical --randomGraph GEO --seed 12 --strains 3 --CMDprogress_1_19
Traceback (most recent call last):
  File "/sise/home/lx/code/12_1_topology_learning/Topology_Learning_Epis/run.py", line 209, in <module>
    utils.log_print(printFlag,"jaccard_index:", evaluate.jaccard_index(Aw>thred, PreA>thred))
  File "/sise/home/lx/code/12_1_topology_learning/Topology_Learning_Epis/modules/evaluate.py", line 26, in jaccard_index
    denominator= torch.sum((Z+preZ)-Z*preZ)
RuntimeError: Subtraction, the `-` operator, with two bool tensors is not supported. Use the `^` or `logical_xor()` operator instead.
python run.py --epoches 100000 --modelLoad AA --weightModel identical --randomGraph WS --seed 12 --strains 3 --CMDprogress_2_19
Traceback (most recent call last):
  File "/sise/home/lx/code/12_1_topology_learning/Topology_Learning_Epis/run.py", line 209, in <module>
    utils.log_print(printFlag,"jaccard_index:", evaluate.jaccard_index(Aw>thred, PreA>thred))
  File "/sise/home/lx/code/12_1_topology_learning/Topology_Learning_Epis/modules/evaluate.py", line 26, in jaccard_index
    denominator= torch.sum((Z+preZ)-Z*preZ)
RuntimeError: Subtraction, the `-` operator, with two bool tensors is not supported. Use the `^` or `logical_xor()` operator instead.
python run.py --epoches 100000 --modelLoad AA --weightModel identical --randomGraph BA --seed 10 --strains 3 --CMDprogress_3_19
Traceback (most recent call last):
  File "/sise/home/lx/code/12_1_topology_learning/Topology_Learning_Epis/run.py", line 209, in <module>
    utils.log_print(printFlag,"jaccard_index:", evaluate.jaccard_index(Aw>thred, PreA>thred))
  File "/sise/home/lx/code/12_1_topology_learning/Topology_Learning_Epis/modules/evaluate.py", line 26, in jaccard_index
    denominator= torch.sum((Z+preZ)-Z*preZ)
RuntimeError: Subtraction, the `-` operator, with two bool tensors is not supported. Use the `^` or `logical_xor()` operator instead.
python run.py --epoches 100000 --modelLoad AA --weightModel identical --randomGraph ER --seed 13 --strains 3 --CMDprogress_4_19
Traceback (most recent call last):
  File "/sise/home/lx/code/12_1_topology_learning/Topology_Learning_Epis/run.py", line 209, in <module>
    utils.log_print(printFlag,"jaccard_index:", evaluate.jaccard_index(Aw>thred, PreA>thred))
  File "/sise/home/lx/code/12_1_topology_learning/Topology_Learning_Epis/modules/evaluate.py", line 26, in jaccard_index
    denominator= torch.sum((Z+preZ)-Z*preZ)
RuntimeError: Subtraction, the `-` operator, with two bool tensors is not supported. Use the `^` or `logical_xor()` operator instead.
python run.py --epoches 100000 --modelLoad AA --weightModel identical --randomGraph BA --seed 14 --strains 3 --CMDprogress_5_19
Traceback (most recent call last):
  File "/sise/home/lx/code/12_1_topology_learning/Topology_Learning_Epis/run.py", line 209, in <module>
    utils.log_print(printFlag,"jaccard_index:", evaluate.jaccard_index(Aw>thred, PreA>thred))
  File "/sise/home/lx/code/12_1_topology_learning/Topology_Learning_Epis/modules/evaluate.py", line 26, in jaccard_index
    denominator= torch.sum((Z+preZ)-Z*preZ)
RuntimeError: Subtraction, the `-` operator, with two bool tensors is not supported. Use the `^` or `logical_xor()` operator instead.
python run.py --epoches 100000 --modelLoad AA --weightModel identical --randomGraph ER --seed 12 --strains 3 --CMDprogress_6_19
Traceback (most recent call last):
  File "/sise/home/lx/code/12_1_topology_learning/Topology_Learning_Epis/run.py", line 209, in <module>
    utils.log_print(printFlag,"jaccard_index:", evaluate.jaccard_index(Aw>thred, PreA>thred))
  File "/sise/home/lx/code/12_1_topology_learning/Topology_Learning_Epis/modules/evaluate.py", line 26, in jaccard_index
    denominator= torch.sum((Z+preZ)-Z*preZ)
RuntimeError: Subtraction, the `-` operator, with two bool tensors is not supported. Use the `^` or `logical_xor()` operator instead.
python run.py --epoches 100000 --modelLoad AA --weightModel identical --randomGraph ER --seed 10 --strains 3 --CMDprogress_7_19
Traceback (most recent call last):
  File "/sise/home/lx/code/12_1_topology_learning/Topology_Learning_Epis/run.py", line 209, in <module>
    utils.log_print(printFlag,"jaccard_index:", evaluate.jaccard_index(Aw>thred, PreA>thred))
  File "/sise/home/lx/code/12_1_topology_learning/Topology_Learning_Epis/modules/evaluate.py", line 26, in jaccard_index
    denominator= torch.sum((Z+preZ)-Z*preZ)
RuntimeError: Subtraction, the `-` operator, with two bool tensors is not supported. Use the `^` or `logical_xor()` operator instead.
python run.py --epoches 100000 --modelLoad AA --weightModel identical --randomGraph WS --seed 13 --strains 3 --CMDprogress_8_19
Traceback (most recent call last):
  File "/sise/home/lx/code/12_1_topology_learning/Topology_Learning_Epis/run.py", line 209, in <module>
    utils.log_print(printFlag,"jaccard_index:", evaluate.jaccard_index(Aw>thred, PreA>thred))
  File "/sise/home/lx/code/12_1_topology_learning/Topology_Learning_Epis/modules/evaluate.py", line 26, in jaccard_index
    denominator= torch.sum((Z+preZ)-Z*preZ)
RuntimeError: Subtraction, the `-` operator, with two bool tensors is not supported. Use the `^` or `logical_xor()` operator instead.
python run.py --epoches 100000 --modelLoad AA --weightModel identical --randomGraph GEO --seed 14 --strains 3 --CMDprogress_9_19
Traceback (most recent call last):
  File "/sise/home/lx/code/12_1_topology_learning/Topology_Learning_Epis/run.py", line 209, in <module>
    utils.log_print(printFlag,"jaccard_index:", evaluate.jaccard_index(Aw>thred, PreA>thred))
  File "/sise/home/lx/code/12_1_topology_learning/Topology_Learning_Epis/modules/evaluate.py", line 26, in jaccard_index
    denominator= torch.sum((Z+preZ)-Z*preZ)
RuntimeError: Subtraction, the `-` operator, with two bool tensors is not supported. Use the `^` or `logical_xor()` operator instead.
python run.py --epoches 100000 --modelLoad AA --weightModel identical --randomGraph BA --seed 11 --strains 3 --CMDprogress_10_19
Traceback (most recent call last):
  File "/sise/home/lx/code/12_1_topology_learning/Topology_Learning_Epis/run.py", line 209, in <module>
    utils.log_print(printFlag,"jaccard_index:", evaluate.jaccard_index(Aw>thred, PreA>thred))
  File "/sise/home/lx/code/12_1_topology_learning/Topology_Learning_Epis/modules/evaluate.py", line 26, in jaccard_index
    denominator= torch.sum((Z+preZ)-Z*preZ)
RuntimeError: Subtraction, the `-` operator, with two bool tensors is not supported. Use the `^` or `logical_xor()` operator instead.
python run.py --epoches 100000 --modelLoad AA --weightModel identical --randomGraph WS --seed 14 --strains 3 --CMDprogress_11_19
Traceback (most recent call last):
  File "/sise/home/lx/code/12_1_topology_learning/Topology_Learning_Epis/run.py", line 209, in <module>
    utils.log_print(printFlag,"jaccard_index:", evaluate.jaccard_index(Aw>thred, PreA>thred))
  File "/sise/home/lx/code/12_1_topology_learning/Topology_Learning_Epis/modules/evaluate.py", line 26, in jaccard_index
    denominator= torch.sum((Z+preZ)-Z*preZ)
RuntimeError: Subtraction, the `-` operator, with two bool tensors is not supported. Use the `^` or `logical_xor()` operator instead.
python run.py --epoches 100000 --modelLoad AA --weightModel identical --randomGraph ER --seed 11 --strains 3 --CMDprogress_12_19
Traceback (most recent call last):
  File "/sise/home/lx/code/12_1_topology_learning/Topology_Learning_Epis/run.py", line 209, in <module>
    utils.log_print(printFlag,"jaccard_index:", evaluate.jaccard_index(Aw>thred, PreA>thred))
  File "/sise/home/lx/code/12_1_topology_learning/Topology_Learning_Epis/modules/evaluate.py", line 26, in jaccard_index
    denominator= torch.sum((Z+preZ)-Z*preZ)
RuntimeError: Subtraction, the `-` operator, with two bool tensors is not supported. Use the `^` or `logical_xor()` operator instead.
python run.py --epoches 100000 --modelLoad AA --weightModel identical --randomGraph GEO --seed 13 --strains 3 --CMDprogress_13_19
Traceback (most recent call last):
  File "/sise/home/lx/code/12_1_topology_learning/Topology_Learning_Epis/run.py", line 209, in <module>
    utils.log_print(printFlag,"jaccard_index:", evaluate.jaccard_index(Aw>thred, PreA>thred))
  File "/sise/home/lx/code/12_1_topology_learning/Topology_Learning_Epis/modules/evaluate.py", line 26, in jaccard_index
    denominator= torch.sum((Z+preZ)-Z*preZ)
RuntimeError: Subtraction, the `-` operator, with two bool tensors is not supported. Use the `^` or `logical_xor()` operator instead.
python run.py --epoches 100000 --modelLoad AA --weightModel identical --randomGraph GEO --seed 11 --strains 3 --CMDprogress_14_19
Traceback (most recent call last):
  File "/sise/home/lx/code/12_1_topology_learning/Topology_Learning_Epis/run.py", line 209, in <module>
    utils.log_print(printFlag,"jaccard_index:", evaluate.jaccard_index(Aw>thred, PreA>thred))
  File "/sise/home/lx/code/12_1_topology_learning/Topology_Learning_Epis/modules/evaluate.py", line 26, in jaccard_index
    denominator= torch.sum((Z+preZ)-Z*preZ)
RuntimeError: Subtraction, the `-` operator, with two bool tensors is not supported. Use the `^` or `logical_xor()` operator instead.
python run.py --epoches 100000 --modelLoad AA --weightModel identical --randomGraph GEO --seed 10 --strains 3 --CMDprogress_15_19
Traceback (most recent call last):
  File "/sise/home/lx/code/12_1_topology_learning/Topology_Learning_Epis/run.py", line 209, in <module>
    utils.log_print(printFlag,"jaccard_index:", evaluate.jaccard_index(Aw>thred, PreA>thred))
  File "/sise/home/lx/code/12_1_topology_learning/Topology_Learning_Epis/modules/evaluate.py", line 26, in jaccard_index
    denominator= torch.sum((Z+preZ)-Z*preZ)
RuntimeError: Subtraction, the `-` operator, with two bool tensors is not supported. Use the `^` or `logical_xor()` operator instead.
python run.py --epoches 100000 --modelLoad AA --weightModel identical --randomGraph WS --seed 10 --strains 3 --CMDprogress_16_19
Traceback (most recent call last):
  File "/sise/home/lx/code/12_1_topology_learning/Topology_Learning_Epis/run.py", line 209, in <module>
    utils.log_print(printFlag,"jaccard_index:", evaluate.jaccard_index(Aw>thred, PreA>thred))
  File "/sise/home/lx/code/12_1_topology_learning/Topology_Learning_Epis/modules/evaluate.py", line 26, in jaccard_index
    denominator= torch.sum((Z+preZ)-Z*preZ)
RuntimeError: Subtraction, the `-` operator, with two bool tensors is not supported. Use the `^` or `logical_xor()` operator instead.
python run.py --epoches 100000 --modelLoad AA --weightModel identical --randomGraph BA --seed 13 --strains 3 --CMDprogress_17_19
Traceback (most recent call last):
  File "/sise/home/lx/code/12_1_topology_learning/Topology_Learning_Epis/run.py", line 209, in <module>
    utils.log_print(printFlag,"jaccard_index:", evaluate.jaccard_index(Aw>thred, PreA>thred))
  File "/sise/home/lx/code/12_1_topology_learning/Topology_Learning_Epis/modules/evaluate.py", line 26, in jaccard_index
    denominator= torch.sum((Z+preZ)-Z*preZ)
RuntimeError: Subtraction, the `-` operator, with two bool tensors is not supported. Use the `^` or `logical_xor()` operator instead.
python run.py --epoches 100000 --modelLoad AA --weightModel identical --randomGraph BA --seed 12 --strains 3 --CMDprogress_18_19
Traceback (most recent call last):
  File "/sise/home/lx/code/12_1_topology_learning/Topology_Learning_Epis/run.py", line 209, in <module>
    utils.log_print(printFlag,"jaccard_index:", evaluate.jaccard_index(Aw>thred, PreA>thred))
  File "/sise/home/lx/code/12_1_topology_learning/Topology_Learning_Epis/modules/evaluate.py", line 26, in jaccard_index
    denominator= torch.sum((Z+preZ)-Z*preZ)
RuntimeError: Subtraction, the `-` operator, with two bool tensors is not supported. Use the `^` or `logical_xor()` operator instead.
python run.py --epoches 100000 --modelLoad AA --weightModel identical --randomGraph ER --seed 14 --strains 3 --CMDprogress_19_19
Traceback (most recent call last):
  File "/sise/home/lx/code/12_1_topology_learning/Topology_Learning_Epis/run.py", line 209, in <module>
    utils.log_print(printFlag,"jaccard_index:", evaluate.jaccard_index(Aw>thred, PreA>thred))
  File "/sise/home/lx/code/12_1_topology_learning/Topology_Learning_Epis/modules/evaluate.py", line 26, in jaccard_index
    denominator= torch.sum((Z+preZ)-Z*preZ)
RuntimeError: Subtraction, the `-` operator, with two bool tensors is not supported. Use the `^` or `logical_xor()` operator instead.
