Sat Nov 25 17:35:40 IST 2023

SLURM_JOBID:		 979192
SLURM_JOB_NODELIST:	 cs-gpu-02 


python run.py --epoches 100000 --modelLoad AA --weightModel identical --randomGraph WS --seed 14 --strains 3 --CMDprogress_0_99
python run.py --epoches 100000 --modelLoad BA --weightModel identical --randomGraph RGG --seed 12 --strains 3 --CMDprogress_1_99
python run.py --epoches 100000 --modelLoad AA --weightModel identical --randomGraph WS --seed 11 --strains 4 --CMDprogress_2_99
python run.py --epoches 100000 --modelLoad BA --weightModel identical --randomGraph WS --seed 12 --strains 3 --CMDprogress_3_99
python run.py --epoches 100000 --modelLoad AA --weightModel identical --randomGraph RGG --seed 14 --strains 1 --CMDprogress_4_99
python run.py --epoches 100000 --modelLoad AA --weightModel identical --randomGraph ER --seed 14 --strains 2 --CMDprogress_5_99
python run.py --epoches 100000 --modelLoad AA --weightModel identical --randomGraph WS --seed 10 --strains 1 --CMDprogress_6_99
python run.py --epoches 100000 --modelLoad AA --weightModel identical --randomGraph WS --seed 12 --strains 3 --CMDprogress_7_99
python run.py --epoches 100000 --modelLoad AA --weightModel identical --randomGraph BA --seed 14 --strains 2 --CMDprogress_8_99
python run.py --epoches 100000 --modelLoad AA --weightModel identical --randomGraph RGG --seed 10 --strains 4 --CMDprogress_9_99
python run.py --epoches 100000 --modelLoad BA --weightModel identical --randomGraph RGG --seed 11 --strains 3 --CMDprogress_10_99
python run.py --epoches 100000 --modelLoad BA --weightModel identical --randomGraph BA --seed 13 --strains 3 --CMDprogress_11_99
python run.py --epoches 100000 --modelLoad AA --weightModel identical --randomGraph ER --seed 14 --strains 4 --CMDprogress_12_99
python run.py --epoches 100000 --modelLoad AA --weightModel identical --randomGraph RGG --seed 14 --strains 3 --CMDprogress_13_99
python run.py --epoches 100000 --modelLoad AA --weightModel identical --randomGraph WS --seed 12 --strains 2 --CMDprogress_14_99
python run.py --epoches 100000 --modelLoad AA --weightModel identical --randomGraph ER --seed 11 --strains 2 --CMDprogress_15_99
python run.py --epoches 100000 --modelLoad AA --weightModel identical --randomGraph ER --seed 12 --strains 4 --CMDprogress_16_99
python run.py --epoches 100000 --modelLoad AA --weightModel identical --randomGraph RGG --seed 14 --strains 2 --CMDprogress_17_99
python run.py --epoches 100000 --modelLoad AA --weightModel identical --randomGraph BA --seed 13 --strains 4 --CMDprogress_18_99
python run.py --epoches 100000 --modelLoad BA --weightModel identical --randomGraph WS --seed 13 --strains 3 --CMDprogress_19_99
python run.py --epoches 100000 --modelLoad BA --weightModel identical --randomGraph BA --seed 14 --strains 3 --CMDprogress_20_99
python run.py --epoches 100000 --modelLoad AA --weightModel identical --randomGraph RGG --seed 12 --strains 4 --CMDprogress_21_99
python run.py --epoches 100000 --modelLoad AA --weightModel identical --randomGraph BA --seed 12 --strains 3 --CMDprogress_22_99
python run.py --epoches 100000 --modelLoad AA --weightModel identical --randomGraph WS --seed 10 --strains 4 --CMDprogress_23_99
python run.py --epoches 100000 --modelLoad AA --weightModel identical --randomGraph ER --seed 13 --strains 3 --CMDprogress_24_99
python run.py --epoches 100000 --modelLoad AA --weightModel identical --randomGraph ER --seed 14 --strains 1 --CMDprogress_25_99
python run.py --epoches 100000 --modelLoad AA --weightModel identical --randomGraph RGG --seed 11 --strains 2 --CMDprogress_26_99
python run.py --epoches 100000 --modelLoad BA --weightModel identical --randomGraph RGG --seed 13 --strains 3 --CMDprogress_27_99
python run.py --epoches 100000 --modelLoad AA --weightModel identical --randomGraph ER --seed 13 --strains 2 --CMDprogress_28_99
python run.py --epoches 100000 --modelLoad AA --weightModel identical --randomGraph WS --seed 11 --strains 2 --CMDprogress_29_99
python run.py --epoches 100000 --modelLoad AA --weightModel identical --randomGraph BA --seed 10 --strains 4 --CMDprogress_30_99
python run.py --epoches 100000 --modelLoad BA --weightModel identical --randomGraph ER --seed 11 --strains 3 --CMDprogress_31_99
python run.py --epoches 100000 --modelLoad BA --weightModel identical --randomGraph ER --seed 14 --strains 3 --CMDprogress_32_99
python run.py --epoches 100000 --modelLoad AA --weightModel identical --randomGraph BA --seed 11 --strains 1 --CMDprogress_33_99
python run.py --epoches 100000 --modelLoad AA --weightModel identical --randomGraph ER --seed 10 --strains 4 --CMDprogress_34_99
python run.py --epoches 100000 --modelLoad AA --weightModel identical --randomGraph ER --seed 14 --strains 3 --CMDprogress_35_99
python run.py --epoches 100000 --modelLoad AA --weightModel identical --randomGraph ER --seed 12 --strains 3 --CMDprogress_36_99
python run.py --epoches 100000 --modelLoad AA --weightModel identical --randomGraph BA --seed 10 --strains 1 --CMDprogress_37_99
python run.py --epoches 100000 --modelLoad AA --weightModel identical --randomGraph ER --seed 11 --strains 1 --CMDprogress_38_99
python run.py --epoches 100000 --modelLoad AA --weightModel identical --randomGraph BA --seed 14 --strains 3 --CMDprogress_39_99
python run.py --epoches 100000 --modelLoad AA --weightModel identical --randomGraph WS --seed 11 --strains 3 --CMDprogress_40_99
python run.py --epoches 100000 --modelLoad AA --weightModel identical --randomGraph RGG --seed 12 --strains 3 --CMDprogress_41_99
python run.py --epoches 100000 --modelLoad AA --weightModel identical --randomGraph ER --seed 12 --strains 2 --CMDprogress_42_99
python run.py --epoches 100000 --modelLoad AA --weightModel identical --randomGraph WS --seed 13 --strains 4 --CMDprogress_43_99
python run.py --epoches 100000 --modelLoad AA --weightModel identical --randomGraph RGG --seed 12 --strains 2 --CMDprogress_44_99
python run.py --epoches 100000 --modelLoad AA --weightModel identical --randomGraph WS --seed 14 --strains 2 --CMDprogress_45_99
python run.py --epoches 100000 --modelLoad AA --weightModel identical --randomGraph ER --seed 12 --strains 1 --CMDprogress_46_99
python run.py --epoches 100000 --modelLoad BA --weightModel identical --randomGraph BA --seed 10 --strains 3 --CMDprogress_47_99
python run.py --epoches 100000 --modelLoad AA --weightModel identical --randomGraph RGG --seed 11 --strains 3 --CMDprogress_48_99
python run.py --epoches 100000 --modelLoad AA --weightModel identical --randomGraph BA --seed 10 --strains 3 --CMDprogress_49_99
python run.py --epoches 100000 --modelLoad AA --weightModel identical --randomGraph RGG --seed 13 --strains 4 --CMDprogress_50_99
python run.py --epoches 100000 --modelLoad BA --weightModel identical --randomGraph WS --seed 11 --strains 3 --CMDprogress_51_99
python run.py --epoches 100000 --modelLoad AA --weightModel identical --randomGraph RGG --seed 11 --strains 1 --CMDprogress_52_99
python run.py --epoches 100000 --modelLoad AA --weightModel identical --randomGraph RGG --seed 11 --strains 4 --CMDprogress_53_99
python run.py --epoches 100000 --modelLoad BA --weightModel identical --randomGraph RGG --seed 14 --strains 3 --CMDprogress_54_99
python run.py --epoches 100000 --modelLoad AA --weightModel identical --randomGraph BA --seed 12 --strains 2 --CMDprogress_55_99
python run.py --epoches 100000 --modelLoad AA --weightModel identical --randomGraph RGG --seed 10 --strains 3 --CMDprogress_56_99
python run.py --epoches 100000 --modelLoad AA --weightModel identical --randomGraph WS --seed 14 --strains 4 --CMDprogress_57_99
python run.py --epoches 100000 --modelLoad AA --weightModel identical --randomGraph ER --seed 13 --strains 4 --CMDprogress_58_99
python run.py --epoches 100000 --modelLoad AA --weightModel identical --randomGraph ER --seed 13 --strains 1 --CMDprogress_59_99
python run.py --epoches 100000 --modelLoad AA --weightModel identical --randomGraph RGG --seed 10 --strains 1 --CMDprogress_60_99
python run.py --epoches 100000 --modelLoad AA --weightModel identical --randomGraph WS --seed 10 --strains 2 --CMDprogress_61_99
python run.py --epoches 100000 --modelLoad AA --weightModel identical --randomGraph BA --seed 11 --strains 2 --CMDprogress_62_99
python run.py --epoches 100000 --modelLoad AA --weightModel identical --randomGraph RGG --seed 14 --strains 4 --CMDprogress_63_99
python run.py --epoches 100000 --modelLoad AA --weightModel identical --randomGraph ER --seed 10 --strains 3 --CMDprogress_64_99
python run.py --epoches 100000 --modelLoad AA --weightModel identical --randomGraph BA --seed 13 --strains 2 --CMDprogress_65_99
python run.py --epoches 100000 --modelLoad BA --weightModel identical --randomGraph WS --seed 10 --strains 3 --CMDprogress_66_99
python run.py --epoches 100000 --modelLoad AA --weightModel identical --randomGraph BA --seed 14 --strains 4 --CMDprogress_67_99
python run.py --epoches 100000 --modelLoad BA --weightModel identical --randomGraph WS --seed 14 --strains 3 --CMDprogress_68_99
python run.py --epoches 100000 --modelLoad BA --weightModel identical --randomGraph RGG --seed 10 --strains 3 --CMDprogress_69_99
python run.py --epoches 100000 --modelLoad AA --weightModel identical --randomGraph BA --seed 13 --strains 1 --CMDprogress_70_99
python run.py --epoches 100000 --modelLoad AA --weightModel identical --randomGraph RGG --seed 13 --strains 1 --CMDprogress_71_99
python run.py --epoches 100000 --modelLoad AA --weightModel identical --randomGraph RGG --seed 13 --strains 2 --CMDprogress_72_99
python run.py --epoches 100000 --modelLoad BA --weightModel identical --randomGraph ER --seed 13 --strains 3 --CMDprogress_73_99
python run.py --epoches 100000 --modelLoad AA --weightModel identical --randomGraph ER --seed 11 --strains 3 --CMDprogress_74_99
python run.py --epoches 100000 --modelLoad AA --weightModel identical --randomGraph BA --seed 12 --strains 1 --CMDprogress_75_99
python run.py --epoches 100000 --modelLoad BA --weightModel identical --randomGraph BA --seed 12 --strains 3 --CMDprogress_76_99
python run.py --epoches 100000 --modelLoad AA --weightModel identical --randomGraph BA --seed 12 --strains 4 --CMDprogress_77_99
python run.py --epoches 100000 --modelLoad AA --weightModel identical --randomGraph ER --seed 11 --strains 4 --CMDprogress_78_99
python run.py --epoches 100000 --modelLoad AA --weightModel identical --randomGraph WS --seed 12 --strains 4 --CMDprogress_79_99
python run.py --epoches 100000 --modelLoad AA --weightModel identical --randomGraph BA --seed 11 --strains 4 --CMDprogress_80_99
python run.py --epoches 100000 --modelLoad AA --weightModel identical --randomGraph RGG --seed 13 --strains 3 --CMDprogress_81_99
python run.py --epoches 100000 --modelLoad AA --weightModel identical --randomGraph BA --seed 14 --strains 1 --CMDprogress_82_99
python run.py --epoches 100000 --modelLoad AA --weightModel identical --randomGraph BA --seed 11 --strains 3 --CMDprogress_83_99
python run.py --epoches 100000 --modelLoad BA --weightModel identical --randomGraph ER --seed 10 --strains 3 --CMDprogress_84_99
python run.py --epoches 100000 --modelLoad AA --weightModel identical --randomGraph WS --seed 12 --strains 1 --CMDprogress_85_99
python run.py --epoches 100000 --modelLoad AA --weightModel identical --randomGraph BA --seed 10 --strains 2 --CMDprogress_86_99
python run.py --epoches 100000 --modelLoad BA --weightModel identical --randomGraph BA --seed 11 --strains 3 --CMDprogress_87_99
python run.py --epoches 100000 --modelLoad AA --weightModel identical --randomGraph RGG --seed 12 --strains 1 --CMDprogress_88_99
python run.py --epoches 100000 --modelLoad AA --weightModel identical --randomGraph ER --seed 10 --strains 1 --CMDprogress_89_99
python run.py --epoches 100000 --modelLoad AA --weightModel identical --randomGraph WS --seed 13 --strains 1 --CMDprogress_90_99
python run.py --epoches 100000 --modelLoad AA --weightModel identical --randomGraph WS --seed 14 --strains 1 --CMDprogress_91_99
python run.py --epoches 100000 --modelLoad AA --weightModel identical --randomGraph ER --seed 10 --strains 2 --CMDprogress_92_99
python run.py --epoches 100000 --modelLoad AA --weightModel identical --randomGraph RGG --seed 10 --strains 2 --CMDprogress_93_99
python run.py --epoches 100000 --modelLoad AA --weightModel identical --randomGraph WS --seed 10 --strains 3 --CMDprogress_94_99
python run.py --epoches 100000 --modelLoad AA --weightModel identical --randomGraph WS --seed 11 --strains 1 --CMDprogress_95_99
python run.py --epoches 100000 --modelLoad BA --weightModel identical --randomGraph ER --seed 12 --strains 3 --CMDprogress_96_99
python run.py --epoches 100000 --modelLoad AA --weightModel identical --randomGraph WS --seed 13 --strains 3 --CMDprogress_97_99
python run.py --epoches 100000 --modelLoad AA --weightModel identical --randomGraph BA --seed 13 --strains 3 --CMDprogress_98_99
python run.py --epoches 100000 --modelLoad AA --weightModel identical --randomGraph WS --seed 13 --strains 2 --CMDprogress_99_99
