Sun Dec 24 10:17:31 IST 2023

SLURM_JOBID:		 1007330
SLURM_JOB_NODELIST:	 ise-pheno-06 


python run.py --epoches 150000 --modelLoad AB --weightModel identical --randomGraph RGG                --seed 11 --strains 4  --dense 0 --n 100 --intense -1 --CMDprogress_168_319
python run.py --epoches 150000 --modelLoad BA --weightModel identical --randomGraph ER                --seed 13 --strains 4  --dense 0 --n 100 --intense -1 --CMDprogress_169_319
python run.py --epoches 150000 --modelLoad infer2018 --weightModel identical --randomGraph WS                --seed 12 --strains 2  --dense 0 --n 100 --intense -1 --CMDprogress_170_319
python run.py --epoches 150000 --modelLoad BA --weightModel identical --randomGraph ER                --seed 12 --strains 3  --dense 0 --n 100 --intense -1 --CMDprogress_171_319
python run.py --epoches 150000 --modelLoad AB --weightModel identical --randomGraph RGG                --seed 10 --strains 2  --dense 0 --n 100 --intense -1 --CMDprogress_172_319
python run.py --epoches 150000 --modelLoad BA --weightModel identical --randomGraph RGG                --seed 10 --strains 1  --dense 0 --n 100 --intense -1 --CMDprogress_173_319
python run.py --epoches 150000 --modelLoad infer2018 --weightModel identical --randomGraph RGG                --seed 12 --strains 4  --dense 0 --n 100 --intense -1 --CMDprogress_174_319
python run.py --epoches 150000 --modelLoad infer2018 --weightModel identical --randomGraph ER                --seed 12 --strains 2  --dense 0 --n 100 --intense -1 --CMDprogress_175_319
python run.py --epoches 150000 --modelLoad infer2018 --weightModel identical --randomGraph BA                --seed 14 --strains 4  --dense 0 --n 100 --intense -1 --CMDprogress_176_319
python run.py --epoches 150000 --modelLoad BB --weightModel identical --randomGraph BA                --seed 11 --strains 4  --dense 0 --n 100 --intense -1 --CMDprogress_177_319
python run.py --epoches 150000 --modelLoad BB --weightModel identical --randomGraph ER                --seed 14 --strains 4  --dense 0 --n 100 --intense -1 --CMDprogress_178_319
python run.py --epoches 150000 --modelLoad BB --weightModel identical --randomGraph WS                --seed 11 --strains 4  --dense 0 --n 100 --intense -1 --CMDprogress_179_319
python run.py --epoches 150000 --modelLoad BB --weightModel identical --randomGraph ER                --seed 11 --strains 2  --dense 0 --n 100 --intense -1 --CMDprogress_180_319
python run.py --epoches 150000 --modelLoad BA --weightModel identical --randomGraph ER                --seed 11 --strains 3  --dense 0 --n 100 --intense -1 --CMDprogress_181_319
python run.py --epoches 150000 --modelLoad AB --weightModel identical --randomGraph BA                --seed 11 --strains 1  --dense 0 --n 100 --intense -1 --CMDprogress_182_319
python run.py --epoches 150000 --modelLoad BA --weightModel identical --randomGraph RGG                --seed 12 --strains 4  --dense 0 --n 100 --intense -1 --CMDprogress_183_319
python run.py --epoches 150000 --modelLoad BB --weightModel identical --randomGraph ER                --seed 13 --strains 2  --dense 0 --n 100 --intense -1 --CMDprogress_184_319
python run.py --epoches 150000 --modelLoad BB --weightModel identical --randomGraph BA                --seed 13 --strains 4  --dense 0 --n 100 --intense -1 --CMDprogress_185_319
python run.py --epoches 150000 --modelLoad BB --weightModel identical --randomGraph RGG                --seed 12 --strains 2  --dense 0 --n 100 --intense -1 --CMDprogress_186_319
python run.py --epoches 150000 --modelLoad AB --weightModel identical --randomGraph ER                --seed 11 --strains 4  --dense 0 --n 100 --intense -1 --CMDprogress_187_319
python run.py --epoches 150000 --modelLoad BB --weightModel identical --randomGraph WS                --seed 14 --strains 2  --dense 0 --n 100 --intense -1 --CMDprogress_188_319
python run.py --epoches 150000 --modelLoad BA --weightModel identical --randomGraph BA                --seed 14 --strains 4  --dense 0 --n 100 --intense -1 --CMDprogress_189_319
python run.py --epoches 150000 --modelLoad BB --weightModel identical --randomGraph BA                --seed 10 --strains 4  --dense 0 --n 100 --intense -1 --CMDprogress_190_319
python run.py --epoches 150000 --modelLoad BB --weightModel identical --randomGraph BA                --seed 14 --strains 3  --dense 0 --n 100 --intense -1 --CMDprogress_191_319
python run.py --epoches 150000 --modelLoad infer2018 --weightModel identical --randomGraph WS                --seed 14 --strains 4  --dense 0 --n 100 --intense -1 --CMDprogress_192_319
python run.py --epoches 150000 --modelLoad AB --weightModel identical --randomGraph RGG                --seed 14 --strains 3  --dense 0 --n 100 --intense -1 --CMDprogress_193_319
python run.py --epoches 150000 --modelLoad BB --weightModel identical --randomGraph ER                --seed 12 --strains 1  --dense 0 --n 100 --intense -1 --CMDprogress_194_319
python run.py --epoches 150000 --modelLoad BA --weightModel identical --randomGraph BA                --seed 11 --strains 1  --dense 0 --n 100 --intense -1 --CMDprogress_195_319
python run.py --epoches 150000 --modelLoad BA --weightModel identical --randomGraph RGG                --seed 14 --strains 3  --dense 0 --n 100 --intense -1 --CMDprogress_196_319
python run.py --epoches 150000 --modelLoad infer2018 --weightModel identical --randomGraph WS                --seed 11 --strains 3  --dense 0 --n 100 --intense -1 --CMDprogress_197_319
python run.py --epoches 150000 --modelLoad infer2018 --weightModel identical --randomGraph WS                --seed 12 --strains 3  --dense 0 --n 100 --intense -1 --CMDprogress_198_319
python run.py --epoches 150000 --modelLoad infer2018 --weightModel identical --randomGraph WS                --seed 10 --strains 1  --dense 0 --n 100 --intense -1 --CMDprogress_199_319
python run.py --epoches 150000 --modelLoad BA --weightModel identical --randomGraph ER                --seed 11 --strains 1  --dense 0 --n 100 --intense -1 --CMDprogress_200_319
python run.py --epoches 150000 --modelLoad BB --weightModel identical --randomGraph WS                --seed 13 --strains 3  --dense 0 --n 100 --intense -1 --CMDprogress_201_319
python run.py --epoches 150000 --modelLoad infer2018 --weightModel identical --randomGraph RGG                --seed 10 --strains 4  --dense 0 --n 100 --intense -1 --CMDprogress_202_319
python run.py --epoches 150000 --modelLoad AB --weightModel identical --randomGraph WS                --seed 11 --strains 3  --dense 0 --n 100 --intense -1 --CMDprogress_203_319
python run.py --epoches 150000 --modelLoad infer2018 --weightModel identical --randomGraph BA                --seed 12 --strains 4  --dense 0 --n 100 --intense -1 --CMDprogress_204_319
python run.py --epoches 150000 --modelLoad BA --weightModel identical --randomGraph WS                --seed 14 --strains 1  --dense 0 --n 100 --intense -1 --CMDprogress_205_319
python run.py --epoches 150000 --modelLoad BA --weightModel identical --randomGraph BA                --seed 12 --strains 4  --dense 0 --n 100 --intense -1 --CMDprogress_206_319
python run.py --epoches 150000 --modelLoad BA --weightModel identical --randomGraph ER                --seed 13 --strains 3  --dense 0 --n 100 --intense -1 --CMDprogress_207_319
python run.py --epoches 150000 --modelLoad AB --weightModel identical --randomGraph BA                --seed 11 --strains 2  --dense 0 --n 100 --intense -1 --CMDprogress_208_319
python run.py --epoches 150000 --modelLoad BB --weightModel identical --randomGraph RGG                --seed 14 --strains 2  --dense 0 --n 100 --intense -1 --CMDprogress_209_319
python run.py --epoches 150000 --modelLoad AB --weightModel identical --randomGraph WS                --seed 12 --strains 1  --dense 0 --n 100 --intense -1 --CMDprogress_210_319
python run.py --epoches 150000 --modelLoad BB --weightModel identical --randomGraph WS                --seed 13 --strains 1  --dense 0 --n 100 --intense -1 --CMDprogress_211_319
python run.py --epoches 150000 --modelLoad AB --weightModel identical --randomGraph ER                --seed 12 --strains 3  --dense 0 --n 100 --intense -1 --CMDprogress_212_319
python run.py --epoches 150000 --modelLoad AB --weightModel identical --randomGraph BA                --seed 13 --strains 3  --dense 0 --n 100 --intense -1 --CMDprogress_213_319
python run.py --epoches 150000 --modelLoad BB --weightModel identical --randomGraph ER                --seed 14 --strains 2  --dense 0 --n 100 --intense -1 --CMDprogress_214_319
python run.py --epoches 150000 --modelLoad BB --weightModel identical --randomGraph RGG                --seed 11 --strains 4  --dense 0 --n 100 --intense -1 --CMDprogress_215_319
python run.py --epoches 150000 --modelLoad AB --weightModel identical --randomGraph BA                --seed 11 --strains 3  --dense 0 --n 100 --intense -1 --CMDprogress_216_319
python run.py --epoches 150000 --modelLoad BA --weightModel identical --randomGraph BA                --seed 12 --strains 2  --dense 0 --n 100 --intense -1 --CMDprogress_217_319
python run.py --epoches 150000 --modelLoad AB --weightModel identical --randomGraph RGG                --seed 11 --strains 1  --dense 0 --n 100 --intense -1 --CMDprogress_218_319
python run.py --epoches 150000 --modelLoad BA --weightModel identical --randomGraph WS                --seed 10 --strains 3  --dense 0 --n 100 --intense -1 --CMDprogress_219_319
python run.py --epoches 150000 --modelLoad BB --weightModel identical --randomGraph WS                --seed 11 --strains 1  --dense 0 --n 100 --intense -1 --CMDprogress_220_319
python run.py --epoches 150000 --modelLoad infer2018 --weightModel identical --randomGraph ER                --seed 11 --strains 2  --dense 0 --n 100 --intense -1 --CMDprogress_221_319
python run.py --epoches 150000 --modelLoad AB --weightModel identical --randomGraph BA                --seed 10 --strains 4  --dense 0 --n 100 --intense -1 --CMDprogress_222_319
python run.py --epoches 150000 --modelLoad BA --weightModel identical --randomGraph RGG                --seed 12 --strains 1  --dense 0 --n 100 --intense -1 --CMDprogress_223_319
python run.py --epoches 150000 --modelLoad infer2018 --weightModel identical --randomGraph ER                --seed 13 --strains 3  --dense 0 --n 100 --intense -1 --CMDprogress_224_319
python run.py --epoches 150000 --modelLoad BA --weightModel identical --randomGraph RGG                --seed 12 --strains 3  --dense 0 --n 100 --intense -1 --CMDprogress_225_319
python run.py --epoches 150000 --modelLoad BA --weightModel identical --randomGraph WS                --seed 14 --strains 3  --dense 0 --n 100 --intense -1 --CMDprogress_226_319
python run.py --epoches 150000 --modelLoad infer2018 --weightModel identical --randomGraph RGG                --seed 11 --strains 2  --dense 0 --n 100 --intense -1 --CMDprogress_227_319
python run.py --epoches 150000 --modelLoad BB --weightModel identical --randomGraph RGG                --seed 13 --strains 3  --dense 0 --n 100 --intense -1 --CMDprogress_228_319
python run.py --epoches 150000 --modelLoad AB --weightModel identical --randomGraph RGG                --seed 14 --strains 1  --dense 0 --n 100 --intense -1 --CMDprogress_229_319
python run.py --epoches 150000 --modelLoad BB --weightModel identical --randomGraph RGG                --seed 10 --strains 2  --dense 0 --n 100 --intense -1 --CMDprogress_230_319
python run.py --epoches 150000 --modelLoad infer2018 --weightModel identical --randomGraph ER                --seed 11 --strains 1  --dense 0 --n 100 --intense -1 --CMDprogress_231_319
python run.py --epoches 150000 --modelLoad BB --weightModel identical --randomGraph RGG                --seed 10 --strains 3  --dense 0 --n 100 --intense -1 --CMDprogress_232_319
python run.py --epoches 150000 --modelLoad AB --weightModel identical --randomGraph RGG                --seed 12 --strains 1  --dense 0 --n 100 --intense -1 --CMDprogress_233_319
python run.py --epoches 150000 --modelLoad BB --weightModel identical --randomGraph WS                --seed 11 --strains 2  --dense 0 --n 100 --intense -1 --CMDprogress_234_319
python run.py --epoches 150000 --modelLoad AB --weightModel identical --randomGraph RGG                --seed 13 --strains 2  --dense 0 --n 100 --intense -1 --CMDprogress_235_319
python run.py --epoches 150000 --modelLoad infer2018 --weightModel identical --randomGraph BA                --seed 13 --strains 4  --dense 0 --n 100 --intense -1 --CMDprogress_236_319
python run.py --epoches 150000 --modelLoad AB --weightModel identical --randomGraph BA                --seed 12 --strains 2  --dense 0 --n 100 --intense -1 --CMDprogress_237_319
python run.py --epoches 150000 --modelLoad BB --weightModel identical --randomGraph BA                --seed 13 --strains 3  --dense 0 --n 100 --intense -1 --CMDprogress_238_319
python run.py --epoches 150000 --modelLoad BB --weightModel identical --randomGraph RGG                --seed 14 --strains 1  --dense 0 --n 100 --intense -1 --CMDprogress_239_319
python run.py --epoches 150000 --modelLoad infer2018 --weightModel identical --randomGraph BA                --seed 13 --strains 1  --dense 0 --n 100 --intense -1 --CMDprogress_240_319
python run.py --epoches 150000 --modelLoad infer2018 --weightModel identical --randomGraph ER                --seed 14 --strains 2  --dense 0 --n 100 --intense -1 --CMDprogress_241_319
python run.py --epoches 150000 --modelLoad AB --weightModel identical --randomGraph BA                --seed 11 --strains 4  --dense 0 --n 100 --intense -1 --CMDprogress_242_319
python run.py --epoches 150000 --modelLoad BB --weightModel identical --randomGraph BA                --seed 12 --strains 2  --dense 0 --n 100 --intense -1 --CMDprogress_243_319
python run.py --epoches 150000 --modelLoad BB --weightModel identical --randomGraph WS                --seed 10 --strains 1  --dense 0 --n 100 --intense -1 --CMDprogress_244_319
python run.py --epoches 150000 --modelLoad AB --weightModel identical --randomGraph WS                --seed 10 --strains 1  --dense 0 --n 100 --intense -1 --CMDprogress_245_319
python run.py --epoches 150000 --modelLoad BA --weightModel identical --randomGraph BA                --seed 13 --strains 1  --dense 0 --n 100 --intense -1 --CMDprogress_246_319
python run.py --epoches 150000 --modelLoad BB --weightModel identical --randomGraph WS                --seed 14 --strains 4  --dense 0 --n 100 --intense -1 --CMDprogress_247_319
python run.py --epoches 150000 --modelLoad BB --weightModel identical --randomGraph WS                --seed 13 --strains 2  --dense 0 --n 100 --intense -1 --CMDprogress_248_319
python run.py --epoches 150000 --modelLoad AB --weightModel identical --randomGraph RGG                --seed 11 --strains 3  --dense 0 --n 100 --intense -1 --CMDprogress_249_319
python run.py --epoches 150000 --modelLoad infer2018 --weightModel identical --randomGraph RGG                --seed 10 --strains 2  --dense 0 --n 100 --intense -1 --CMDprogress_250_319
python run.py --epoches 150000 --modelLoad BB --weightModel identical --randomGraph RGG                --seed 12 --strains 1  --dense 0 --n 100 --intense -1 --CMDprogress_251_319
python run.py --epoches 150000 --modelLoad BA --weightModel identical --randomGraph RGG                --seed 11 --strains 1  --dense 0 --n 100 --intense -1 --CMDprogress_252_319
python run.py --epoches 150000 --modelLoad BA --weightModel identical --randomGraph RGG                --seed 10 --strains 4  --dense 0 --n 100 --intense -1 --CMDprogress_253_319
python run.py --epoches 150000 --modelLoad BA --weightModel identical --randomGraph BA                --seed 14 --strains 3  --dense 0 --n 100 --intense -1 --CMDprogress_254_319
python run.py --epoches 150000 --modelLoad BB --weightModel identical --randomGraph ER                --seed 13 --strains 1  --dense 0 --n 100 --intense -1 --CMDprogress_255_319
python run.py --epoches 150000 --modelLoad AB --weightModel identical --randomGraph BA                --seed 12 --strains 1  --dense 0 --n 100 --intense -1 --CMDprogress_256_319
python run.py --epoches 150000 --modelLoad BB --weightModel identical --randomGraph ER                --seed 13 --strains 3  --dense 0 --n 100 --intense -1 --CMDprogress_257_319
python run.py --epoches 150000 --modelLoad BB --weightModel identical --randomGraph BA                --seed 10 --strains 2  --dense 0 --n 100 --intense -1 --CMDprogress_258_319
python run.py --epoches 150000 --modelLoad BA --weightModel identical --randomGraph RGG                --seed 14 --strains 2  --dense 0 --n 100 --intense -1 --CMDprogress_259_319
python run.py --epoches 150000 --modelLoad AB --weightModel identical --randomGraph ER                --seed 11 --strains 3  --dense 0 --n 100 --intense -1 --CMDprogress_260_319
python run.py --epoches 150000 --modelLoad infer2018 --weightModel identical --randomGraph BA                --seed 10 --strains 4  --dense 0 --n 100 --intense -1 --CMDprogress_261_319
python run.py --epoches 150000 --modelLoad BA --weightModel identical --randomGraph RGG                --seed 12 --strains 2  --dense 0 --n 100 --intense -1 --CMDprogress_262_319
python run.py --epoches 150000 --modelLoad infer2018 --weightModel identical --randomGraph ER                --seed 12 --strains 3  --dense 0 --n 100 --intense -1 --CMDprogress_263_319
python run.py --epoches 150000 --modelLoad infer2018 --weightModel identical --randomGraph ER                --seed 14 --strains 3  --dense 0 --n 100 --intense -1 --CMDprogress_264_319
python run.py --epoches 150000 --modelLoad infer2018 --weightModel identical --randomGraph ER                --seed 13 --strains 1  --dense 0 --n 100 --intense -1 --CMDprogress_265_319
python run.py --epoches 150000 --modelLoad AB --weightModel identical --randomGraph BA                --seed 14 --strains 2  --dense 0 --n 100 --intense -1 --CMDprogress_266_319
python run.py --epoches 150000 --modelLoad BB --weightModel identical --randomGraph RGG                --seed 11 --strains 2  --dense 0 --n 100 --intense -1 --CMDprogress_267_319
python run.py --epoches 150000 --modelLoad BB --weightModel identical --randomGraph BA                --seed 13 --strains 1  --dense 0 --n 100 --intense -1 --CMDprogress_268_319
python run.py --epoches 150000 --modelLoad infer2018 --weightModel identical --randomGraph RGG                --seed 11 --strains 4  --dense 0 --n 100 --intense -1 --CMDprogress_269_319
python run.py --epoches 150000 --modelLoad BA --weightModel identical --randomGraph WS                --seed 13 --strains 3  --dense 0 --n 100 --intense -1 --CMDprogress_270_319
python run.py --epoches 150000 --modelLoad BB --weightModel identical --randomGraph ER                --seed 11 --strains 1  --dense 0 --n 100 --intense -1 --CMDprogress_271_319
python run.py --epoches 150000 --modelLoad BB --weightModel identical --randomGraph WS                --seed 11 --strains 3  --dense 0 --n 100 --intense -1 --CMDprogress_272_319
python run.py --epoches 150000 --modelLoad AB --weightModel identical --randomGraph WS                --seed 13 --strains 4  --dense 0 --n 100 --intense -1 --CMDprogress_273_319
python run.py --epoches 150000 --modelLoad BA --weightModel identical --randomGraph ER                --seed 10 --strains 2  --dense 0 --n 100 --intense -1 --CMDprogress_274_319
python run.py --epoches 150000 --modelLoad AB --weightModel identical --randomGraph WS                --seed 12 --strains 2  --dense 0 --n 100 --intense -1 --CMDprogress_275_319
python run.py --epoches 150000 --modelLoad infer2018 --weightModel identical --randomGraph RGG                --seed 13 --strains 3  --dense 0 --n 100 --intense -1 --CMDprogress_276_319
python run.py --epoches 150000 --modelLoad BB --weightModel identical --randomGraph ER                --seed 12 --strains 3  --dense 0 --n 100 --intense -1 --CMDprogress_277_319
python run.py --epoches 150000 --modelLoad BA --weightModel identical --randomGraph WS                --seed 12 --strains 1  --dense 0 --n 100 --intense -1 --CMDprogress_278_319
python run.py --epoches 150000 --modelLoad BA --weightModel identical --randomGraph ER                --seed 14 --strains 3  --dense 0 --n 100 --intense -1 --CMDprogress_279_319
python run.py --epoches 150000 --modelLoad BB --weightModel identical --randomGraph ER                --seed 14 --strains 1  --dense 0 --n 100 --intense -1 --CMDprogress_280_319
python run.py --epoches 150000 --modelLoad BA --weightModel identical --randomGraph ER                --seed 14 --strains 4  --dense 0 --n 100 --intense -1 --CMDprogress_281_319
python run.py --epoches 150000 --modelLoad BB --weightModel identical --randomGraph RGG                --seed 14 --strains 3  --dense 0 --n 100 --intense -1 --CMDprogress_282_319
python run.py --epoches 150000 --modelLoad AB --weightModel identical --randomGraph WS                --seed 14 --strains 1  --dense 0 --n 100 --intense -1 --CMDprogress_283_319
python run.py --epoches 150000 --modelLoad BB --weightModel identical --randomGraph ER                --seed 14 --strains 3  --dense 0 --n 100 --intense -1 --CMDprogress_284_319
python run.py --epoches 150000 --modelLoad infer2018 --weightModel identical --randomGraph RGG                --seed 11 --strains 1  --dense 0 --n 100 --intense -1 --CMDprogress_285_319
python run.py --epoches 150000 --modelLoad infer2018 --weightModel identical --randomGraph RGG                --seed 10 --strains 1  --dense 0 --n 100 --intense -1 --CMDprogress_286_319
python run.py --epoches 150000 --modelLoad infer2018 --weightModel identical --randomGraph WS                --seed 14 --strains 2  --dense 0 --n 100 --intense -1 --CMDprogress_287_319
python run.py --epoches 150000 --modelLoad BB --weightModel identical --randomGraph WS                --seed 12 --strains 1  --dense 0 --n 100 --intense -1 --CMDprogress_288_319
python run.py --epoches 150000 --modelLoad BB --weightModel identical --randomGraph ER                --seed 11 --strains 3  --dense 0 --n 100 --intense -1 --CMDprogress_289_319
python run.py --epoches 150000 --modelLoad BB --weightModel identical --randomGraph BA                --seed 14 --strains 2  --dense 0 --n 100 --intense -1 --CMDprogress_290_319
python run.py --epoches 150000 --modelLoad infer2018 --weightModel identical --randomGraph WS                --seed 13 --strains 3  --dense 0 --n 100 --intense -1 --CMDprogress_291_319
python run.py --epoches 150000 --modelLoad BB --weightModel identical --randomGraph RGG                --seed 13 --strains 2  --dense 0 --n 100 --intense -1 --CMDprogress_292_319
python run.py --epoches 150000 --modelLoad infer2018 --weightModel identical --randomGraph WS                --seed 10 --strains 2  --dense 0 --n 100 --intense -1 --CMDprogress_293_319
python run.py --epoches 150000 --modelLoad AB --weightModel identical --randomGraph ER                --seed 10 --strains 3  --dense 0 --n 100 --intense -1 --CMDprogress_294_319
python run.py --epoches 150000 --modelLoad infer2018 --weightModel identical --randomGraph BA                --seed 11 --strains 4  --dense 0 --n 100 --intense -1 --CMDprogress_295_319
python run.py --epoches 150000 --modelLoad BA --weightModel identical --randomGraph BA                --seed 13 --strains 3  --dense 0 --n 100 --intense -1 --CMDprogress_296_319
python run.py --epoches 150000 --modelLoad AB --weightModel identical --randomGraph WS                --seed 13 --strains 3  --dense 0 --n 100 --intense -1 --CMDprogress_297_319
python run.py --epoches 150000 --modelLoad BB --weightModel identical --randomGraph ER                --seed 10 --strains 1  --dense 0 --n 100 --intense -1 --CMDprogress_298_319
python run.py --epoches 150000 --modelLoad infer2018 --weightModel identical --randomGraph RGG                --seed 13 --strains 4  --dense 0 --n 100 --intense -1 --CMDprogress_299_319
python run.py --epoches 150000 --modelLoad BB --weightModel identical --randomGraph WS                --seed 14 --strains 1  --dense 0 --n 100 --intense -1 --CMDprogress_300_319
python run.py --epoches 150000 --modelLoad infer2018 --weightModel identical --randomGraph WS                --seed 10 --strains 4  --dense 0 --n 100 --intense -1 --CMDprogress_301_319
python run.py --epoches 150000 --modelLoad AB --weightModel identical --randomGraph RGG                --seed 13 --strains 1  --dense 0 --n 100 --intense -1 --CMDprogress_302_319
python run.py --epoches 150000 --modelLoad infer2018 --weightModel identical --randomGraph ER                --seed 12 --strains 1  --dense 0 --n 100 --intense -1 --CMDprogress_303_319
python run.py --epoches 150000 --modelLoad BA --weightModel identical --randomGraph BA                --seed 10 --strains 2  --dense 0 --n 100 --intense -1 --CMDprogress_304_319
python run.py --epoches 150000 --modelLoad BA --weightModel identical --randomGraph RGG                --seed 13 --strains 2  --dense 0 --n 100 --intense -1 --CMDprogress_305_319
python run.py --epoches 150000 --modelLoad BA --weightModel identical --randomGraph WS                --seed 14 --strains 4  --dense 0 --n 100 --intense -1 --CMDprogress_306_319
python run.py --epoches 150000 --modelLoad AB --weightModel identical --randomGraph BA                --seed 12 --strains 4  --dense 0 --n 100 --intense -1 --CMDprogress_307_319
python run.py --epoches 150000 --modelLoad AB --weightModel identical --randomGraph WS                --seed 13 --strains 2  --dense 0 --n 100 --intense -1 --CMDprogress_308_319
python run.py --epoches 150000 --modelLoad infer2018 --weightModel identical --randomGraph ER                --seed 10 --strains 1  --dense 0 --n 100 --intense -1 --CMDprogress_309_319
python run.py --epoches 150000 --modelLoad AB --weightModel identical --randomGraph RGG                --seed 12 --strains 3  --dense 0 --n 100 --intense -1 --CMDprogress_310_319
python run.py --epoches 150000 --modelLoad AB --weightModel identical --randomGraph RGG                --seed 10 --strains 1  --dense 0 --n 100 --intense -1 --CMDprogress_311_319
python run.py --epoches 150000 --modelLoad AB --weightModel identical --randomGraph ER                --seed 11 --strains 1  --dense 0 --n 100 --intense -1 --CMDprogress_312_319
python run.py --epoches 150000 --modelLoad BA --weightModel identical --randomGraph RGG                --seed 13 --strains 3  --dense 0 --n 100 --intense -1 --CMDprogress_313_319
python run.py --epoches 150000 --modelLoad AB --weightModel identical --randomGraph ER                --seed 13 --strains 3  --dense 0 --n 100 --intense -1 --CMDprogress_314_319
python run.py --epoches 150000 --modelLoad AB --weightModel identical --randomGraph ER                --seed 12 --strains 1  --dense 0 --n 100 --intense -1 --CMDprogress_315_319
python run.py --epoches 150000 --modelLoad BA --weightModel identical --randomGraph ER                --seed 14 --strains 1  --dense 0 --n 100 --intense -1 --CMDprogress_316_319
python run.py --epoches 150000 --modelLoad infer2018 --weightModel identical --randomGraph RGG                --seed 13 --strains 1  --dense 0 --n 100 --intense -1 --CMDprogress_317_319
python run.py --epoches 150000 --modelLoad BA --weightModel identical --randomGraph WS                --seed 12 --strains 4  --dense 0 --n 100 --intense -1 --CMDprogress_318_319
python run.py --epoches 150000 --modelLoad BA --weightModel identical --randomGraph BA                --seed 10 --strains 4  --dense 0 --n 100 --intense -1 --CMDprogress_319_319
