Thu Nov 30 06:08:51 IST 2023

SLURM_JOBID:		 993635
SLURM_JOB_NODELIST:	 ise-gpu-09 


python run.py --epoches 100000 --modelLoad BA --weightModel identical --randomGraph BA --seed 11 --strains 1 --CMDprogress_0_39
python run.py --epoches 100000 --modelLoad BA --weightModel identical --randomGraph WS --seed 13 --strains 1 --CMDprogress_1_39
python run.py --epoches 100000 --modelLoad BA --weightModel identical --randomGraph ER --seed 14 --strains 1 --CMDprogress_2_39
python run.py --epoches 100000 --modelLoad BA --weightModel identical --randomGraph RGG --seed 10 --strains 1 --CMDprogress_3_39
python run.py --epoches 100000 --modelLoad BA --weightModel identical --randomGraph RGG --seed 13 --strains 2 --CMDprogress_4_39
python run.py --epoches 100000 --modelLoad BA --weightModel identical --randomGraph BA --seed 14 --strains 2 --CMDprogress_5_39
python run.py --epoches 100000 --modelLoad BA --weightModel identical --randomGraph RGG --seed 12 --strains 1 --CMDprogress_6_39
python run.py --epoches 100000 --modelLoad BA --weightModel identical --randomGraph BA --seed 13 --strains 2 --CMDprogress_7_39
python run.py --epoches 100000 --modelLoad BA --weightModel identical --randomGraph RGG --seed 11 --strains 2 --CMDprogress_8_39
python run.py --epoches 100000 --modelLoad BA --weightModel identical --randomGraph RGG --seed 14 --strains 2 --CMDprogress_9_39
python run.py --epoches 100000 --modelLoad BA --weightModel identical --randomGraph WS --seed 14 --strains 2 --CMDprogress_10_39
python run.py --epoches 100000 --modelLoad BA --weightModel identical --randomGraph ER --seed 14 --strains 2 --CMDprogress_11_39
python run.py --epoches 100000 --modelLoad BA --weightModel identical --randomGraph RGG --seed 10 --strains 2 --CMDprogress_12_39
python run.py --epoches 100000 --modelLoad BA --weightModel identical --randomGraph BA --seed 12 --strains 2 --CMDprogress_13_39
python run.py --epoches 100000 --modelLoad BA --weightModel identical --randomGraph ER --seed 13 --strains 1 --CMDprogress_14_39
python run.py --epoches 100000 --modelLoad BA --weightModel identical --randomGraph BA --seed 12 --strains 1 --CMDprogress_15_39
python run.py --epoches 100000 --modelLoad BA --weightModel identical --randomGraph BA --seed 10 --strains 2 --CMDprogress_16_39
python run.py --epoches 100000 --modelLoad BA --weightModel identical --randomGraph ER --seed 11 --strains 1 --CMDprogress_17_39
python run.py --epoches 100000 --modelLoad BA --weightModel identical --randomGraph ER --seed 12 --strains 2 --CMDprogress_18_39
python run.py --epoches 100000 --modelLoad BA --weightModel identical --randomGraph BA --seed 14 --strains 1 --CMDprogress_19_39
python run.py --epoches 100000 --modelLoad BA --weightModel identical --randomGraph WS --seed 11 --strains 1 --CMDprogress_20_39
python run.py --epoches 100000 --modelLoad BA --weightModel identical --randomGraph WS --seed 13 --strains 2 --CMDprogress_21_39
python run.py --epoches 100000 --modelLoad BA --weightModel identical --randomGraph BA --seed 11 --strains 2 --CMDprogress_22_39
python run.py --epoches 100000 --modelLoad BA --weightModel identical --randomGraph RGG --seed 14 --strains 1 --CMDprogress_23_39
python run.py --epoches 100000 --modelLoad BA --weightModel identical --randomGraph ER --seed 12 --strains 1 --CMDprogress_24_39
python run.py --epoches 100000 --modelLoad BA --weightModel identical --randomGraph WS --seed 10 --strains 2 --CMDprogress_25_39
python run.py --epoches 100000 --modelLoad BA --weightModel identical --randomGraph ER --seed 10 --strains 2 --CMDprogress_26_39
python run.py --epoches 100000 --modelLoad BA --weightModel identical --randomGraph ER --seed 11 --strains 2 --CMDprogress_27_39
python run.py --epoches 100000 --modelLoad BA --weightModel identical --randomGraph RGG --seed 13 --strains 1 --CMDprogress_28_39
python run.py --epoches 100000 --modelLoad BA --weightModel identical --randomGraph RGG --seed 12 --strains 2 --CMDprogress_29_39
python run.py --epoches 100000 --modelLoad BA --weightModel identical --randomGraph ER --seed 10 --strains 1 --CMDprogress_30_39
python run.py --epoches 100000 --modelLoad BA --weightModel identical --randomGraph WS --seed 11 --strains 2 --CMDprogress_31_39
python run.py --epoches 100000 --modelLoad BA --weightModel identical --randomGraph BA --seed 10 --strains 1 --CMDprogress_32_39
python run.py --epoches 100000 --modelLoad BA --weightModel identical --randomGraph WS --seed 10 --strains 1 --CMDprogress_33_39
python run.py --epoches 100000 --modelLoad BA --weightModel identical --randomGraph WS --seed 12 --strains 2 --CMDprogress_34_39
python run.py --epoches 100000 --modelLoad BA --weightModel identical --randomGraph RGG --seed 11 --strains 1 --CMDprogress_35_39
python run.py --epoches 100000 --modelLoad BA --weightModel identical --randomGraph WS --seed 12 --strains 1 --CMDprogress_36_39
python run.py --epoches 100000 --modelLoad BA --weightModel identical --randomGraph ER --seed 13 --strains 2 --CMDprogress_37_39
python run.py --epoches 100000 --modelLoad BA --weightModel identical --randomGraph BA --seed 13 --strains 1 --CMDprogress_38_39
python run.py --epoches 100000 --modelLoad BA --weightModel identical --randomGraph WS --seed 14 --strains 1 --CMDprogress_39_39
