Fri Dec 22 10:10:38 IST 2023

SLURM_JOBID:		 1006497
SLURM_JOB_NODELIST:	 ise-pheno-06 


python run.py --epoches 150000 --modelLoad BA --weightModel identical --randomGraph WS                --seed 14 --strains 2  --dense 0 --n 100 --intense -1 --CMDprogress_0_319
python run.py --epoches 150000 --modelLoad BB --weightModel identical --randomGraph BA                --seed 12 --strains 1  --dense 0 --n 100 --intense -1 --CMDprogress_1_319
python run.py --epoches 150000 --modelLoad BA --weightModel identical --randomGraph WS                --seed 13 --strains 1  --dense 0 --n 100 --intense -1 --CMDprogress_2_319
python run.py --epoches 150000 --modelLoad BA --weightModel identical --randomGraph BA                --seed 12 --strains 1  --dense 0 --n 100 --intense -1 --CMDprogress_3_319
python run.py --epoches 150000 --modelLoad BA --weightModel identical --randomGraph RGG                --seed 11 --strains 4  --dense 0 --n 100 --intense -1 --CMDprogress_4_319
python run.py --epoches 150000 --modelLoad BB --weightModel identical --randomGraph ER                --seed 10 --strains 2  --dense 0 --n 100 --intense -1 --CMDprogress_5_319
python run.py --epoches 150000 --modelLoad infer2018 --weightModel identical --randomGraph BA                --seed 11 --strains 3  --dense 0 --n 100 --intense -1 --CMDprogress_6_319
python run.py --epoches 150000 --modelLoad infer2018 --weightModel identical --randomGraph WS                --seed 12 --strains 4  --dense 0 --n 100 --intense -1 --CMDprogress_7_319
python run.py --epoches 150000 --modelLoad infer2018 --weightModel identical --randomGraph WS                --seed 13 --strains 1  --dense 0 --n 100 --intense -1 --CMDprogress_8_319
python run.py --epoches 150000 --modelLoad BB --weightModel identical --randomGraph WS                --seed 10 --strains 3  --dense 0 --n 100 --intense -1 --CMDprogress_9_319
python run.py --epoches 150000 --modelLoad BA --weightModel identical --randomGraph WS                --seed 10 --strains 2  --dense 0 --n 100 --intense -1 --CMDprogress_10_319
python run.py --epoches 150000 --modelLoad BB --weightModel identical --randomGraph ER                --seed 10 --strains 4  --dense 0 --n 100 --intense -1 --CMDprogress_11_319
python run.py --epoches 150000 --modelLoad BB --weightModel identical --randomGraph WS                --seed 12 --strains 4  --dense 0 --n 100 --intense -1 --CMDprogress_12_319
python run.py --epoches 150000 --modelLoad infer2018 --weightModel identical --randomGraph BA                --seed 12 --strains 2  --dense 0 --n 100 --intense -1 --CMDprogress_13_319
python run.py --epoches 150000 --modelLoad infer2018 --weightModel identical --randomGraph ER                --seed 11 --strains 4  --dense 0 --n 100 --intense -1 --CMDprogress_14_319
python run.py --epoches 150000 --modelLoad AB --weightModel identical --randomGraph WS                --seed 13 --strains 1  --dense 0 --n 100 --intense -1 --CMDprogress_15_319
python run.py --epoches 150000 --modelLoad AB --weightModel identical --randomGraph ER                --seed 14 --strains 4  --dense 0 --n 100 --intense -1 --CMDprogress_16_319
python run.py --epoches 150000 --modelLoad BB --weightModel identical --randomGraph ER                --seed 11 --strains 4  --dense 0 --n 100 --intense -1 --CMDprogress_17_319
python run.py --epoches 150000 --modelLoad BB --weightModel identical --randomGraph WS                --seed 13 --strains 4  --dense 0 --n 100 --intense -1 --CMDprogress_18_319
python run.py --epoches 150000 --modelLoad BA --weightModel identical --randomGraph BA                --seed 14 --strains 2  --dense 0 --n 100 --intense -1 --CMDprogress_19_319
python run.py --epoches 150000 --modelLoad infer2018 --weightModel identical --randomGraph WS                --seed 13 --strains 4  --dense 0 --n 100 --intense -1 --CMDprogress_20_319
python run.py --epoches 150000 --modelLoad BB --weightModel identical --randomGraph BA                --seed 11 --strains 1  --dense 0 --n 100 --intense -1 --CMDprogress_21_319
python run.py --epoches 150000 --modelLoad AB --weightModel identical --randomGraph ER                --seed 10 --strains 1  --dense 0 --n 100 --intense -1 --CMDprogress_22_319
python run.py --epoches 150000 --modelLoad AB --weightModel identical --randomGraph BA                --seed 14 --strains 4  --dense 0 --n 100 --intense -1 --CMDprogress_23_319
python run.py --epoches 150000 --modelLoad BA --weightModel identical --randomGraph WS                --seed 12 --strains 2  --dense 0 --n 100 --intense -1 --CMDprogress_24_319
python run.py --epoches 150000 --modelLoad BA --weightModel identical --randomGraph WS                --seed 13 --strains 4  --dense 0 --n 100 --intense -1 --CMDprogress_25_319
python run.py --epoches 150000 --modelLoad BA --weightModel identical --randomGraph RGG                --seed 11 --strains 3  --dense 0 --n 100 --intense -1 --CMDprogress_26_319
python run.py --epoches 150000 --modelLoad BA --weightModel identical --randomGraph ER                --seed 10 --strains 3  --dense 0 --n 100 --intense -1 --CMDprogress_27_319
python run.py --epoches 150000 --modelLoad infer2018 --weightModel identical --randomGraph BA                --seed 11 --strains 1  --dense 0 --n 100 --intense -1 --CMDprogress_28_319
python run.py --epoches 150000 --modelLoad BB --weightModel identical --randomGraph BA                --seed 10 --strains 1  --dense 0 --n 100 --intense -1 --CMDprogress_29_319
python run.py --epoches 150000 --modelLoad AB --weightModel identical --randomGraph WS                --seed 11 --strains 2  --dense 0 --n 100 --intense -1 --CMDprogress_30_319
python run.py --epoches 150000 --modelLoad BA --weightModel identical --randomGraph BA                --seed 11 --strains 2  --dense 0 --n 100 --intense -1 --CMDprogress_31_319
python run.py --epoches 150000 --modelLoad AB --weightModel identical --randomGraph ER                --seed 13 --strains 4  --dense 0 --n 100 --intense -1 --CMDprogress_32_319
python run.py --epoches 150000 --modelLoad AB --weightModel identical --randomGraph RGG                --seed 10 --strains 3  --dense 0 --n 100 --intense -1 --CMDprogress_33_319
python run.py --epoches 150000 --modelLoad infer2018 --weightModel identical --randomGraph RGG                --seed 13 --strains 2  --dense 0 --n 100 --intense -1 --CMDprogress_34_319
python run.py --epoches 150000 --modelLoad BB --weightModel identical --randomGraph ER                --seed 13 --strains 4  --dense 0 --n 100 --intense -1 --CMDprogress_35_319
python run.py --epoches 150000 --modelLoad BB --weightModel identical --randomGraph RGG                --seed 10 --strains 4  --dense 0 --n 100 --intense -1 --CMDprogress_36_319
python run.py --epoches 150000 --modelLoad AB --weightModel identical --randomGraph WS                --seed 12 --strains 3  --dense 0 --n 100 --intense -1 --CMDprogress_37_319
python run.py --epoches 150000 --modelLoad BA --weightModel identical --randomGraph BA                --seed 11 --strains 3  --dense 0 --n 100 --intense -1 --CMDprogress_38_319
python run.py --epoches 150000 --modelLoad BB --weightModel identical --randomGraph BA                --seed 11 --strains 2  --dense 0 --n 100 --intense -1 --CMDprogress_39_319
python run.py --epoches 150000 --modelLoad BA --weightModel identical --randomGraph ER                --seed 12 --strains 1  --dense 0 --n 100 --intense -1 --CMDprogress_40_319
python run.py --epoches 150000 --modelLoad BA --weightModel identical --randomGraph ER                --seed 10 --strains 1  --dense 0 --n 100 --intense -1 --CMDprogress_41_319
python run.py --epoches 150000 --modelLoad infer2018 --weightModel identical --randomGraph BA                --seed 10 --strains 2  --dense 0 --n 100 --intense -1 --CMDprogress_42_319
python run.py --epoches 150000 --modelLoad infer2018 --weightModel identical --randomGraph ER                --seed 14 --strains 1  --dense 0 --n 100 --intense -1 --CMDprogress_43_319
python run.py --epoches 150000 --modelLoad AB --weightModel identical --randomGraph ER                --seed 14 --strains 1  --dense 0 --n 100 --intense -1 --CMDprogress_44_319
python run.py --epoches 150000 --modelLoad BB --weightModel identical --randomGraph BA                --seed 11 --strains 3  --dense 0 --n 100 --intense -1 --CMDprogress_45_319
python run.py --epoches 150000 --modelLoad infer2018 --weightModel identical --randomGraph WS                --seed 11 --strains 2  --dense 0 --n 100 --intense -1 --CMDprogress_46_319
python run.py --epoches 150000 --modelLoad BA --weightModel identical --randomGraph ER                --seed 14 --strains 2  --dense 0 --n 100 --intense -1 --CMDprogress_47_319
python run.py --epoches 150000 --modelLoad BA --weightModel identical --randomGraph ER                --seed 11 --strains 4  --dense 0 --n 100 --intense -1 --CMDprogress_48_319
python run.py --epoches 150000 --modelLoad infer2018 --weightModel identical --randomGraph ER                --seed 10 --strains 3  --dense 0 --n 100 --intense -1 --CMDprogress_49_319
python run.py --epoches 150000 --modelLoad AB --weightModel identical --randomGraph ER                --seed 13 --strains 1  --dense 0 --n 100 --intense -1 --CMDprogress_50_319
python run.py --epoches 150000 --modelLoad AB --weightModel identical --randomGraph ER                --seed 10 --strains 4  --dense 0 --n 100 --intense -1 --CMDprogress_51_319
python run.py --epoches 150000 --modelLoad AB --weightModel identical --randomGraph BA                --seed 13 --strains 2  --dense 0 --n 100 --intense -1 --CMDprogress_52_319
python run.py --epoches 150000 --modelLoad BB --weightModel identical --randomGraph RGG                --seed 11 --strains 3  --dense 0 --n 100 --intense -1 --CMDprogress_53_319
python run.py --epoches 150000 --modelLoad infer2018 --weightModel identical --randomGraph RGG                --seed 14 --strains 3  --dense 0 --n 100 --intense -1 --CMDprogress_54_319
python run.py --epoches 150000 --modelLoad AB --weightModel identical --randomGraph WS                --seed 14 --strains 3  --dense 0 --n 100 --intense -1 --CMDprogress_55_319
python run.py --epoches 150000 --modelLoad infer2018 --weightModel identical --randomGraph RGG                --seed 14 --strains 4  --dense 0 --n 100 --intense -1 --CMDprogress_56_319
python run.py --epoches 150000 --modelLoad infer2018 --weightModel identical --randomGraph WS                --seed 11 --strains 1  --dense 0 --n 100 --intense -1 --CMDprogress_57_319
python run.py --epoches 150000 --modelLoad AB --weightModel identical --randomGraph BA                --seed 10 --strains 3  --dense 0 --n 100 --intense -1 --CMDprogress_58_319
python run.py --epoches 150000 --modelLoad BA --weightModel identical --randomGraph WS                --seed 12 --strains 3  --dense 0 --n 100 --intense -1 --CMDprogress_59_319
python run.py --epoches 150000 --modelLoad AB --weightModel identical --randomGraph WS                --seed 10 --strains 2  --dense 0 --n 100 --intense -1 --CMDprogress_60_319
python run.py --epoches 150000 --modelLoad infer2018 --weightModel identical --randomGraph RGG                --seed 10 --strains 3  --dense 0 --n 100 --intense -1 --CMDprogress_61_319
python run.py --epoches 150000 --modelLoad BB --weightModel identical --randomGraph RGG                --seed 12 --strains 3  --dense 0 --n 100 --intense -1 --CMDprogress_62_319
python run.py --epoches 150000 --modelLoad infer2018 --weightModel identical --randomGraph ER                --seed 11 --strains 3  --dense 0 --n 100 --intense -1 --CMDprogress_63_319
python run.py --epoches 150000 --modelLoad BA --weightModel identical --randomGraph WS                --seed 10 --strains 4  --dense 0 --n 100 --intense -1 --CMDprogress_64_319
python run.py --epoches 150000 --modelLoad BB --weightModel identical --randomGraph WS                --seed 12 --strains 2  --dense 0 --n 100 --intense -1 --CMDprogress_65_319
python run.py --epoches 150000 --modelLoad infer2018 --weightModel identical --randomGraph WS                --seed 14 --strains 1  --dense 0 --n 100 --intense -1 --CMDprogress_66_319
python run.py --epoches 150000 --modelLoad BB --weightModel identical --randomGraph WS                --seed 12 --strains 3  --dense 0 --n 100 --intense -1 --CMDprogress_67_319
python run.py --epoches 150000 --modelLoad AB --weightModel identical --randomGraph ER                --seed 13 --strains 2  --dense 0 --n 100 --intense -1 --CMDprogress_68_319
python run.py --epoches 150000 --modelLoad AB --weightModel identical --randomGraph RGG                --seed 13 --strains 4  --dense 0 --n 100 --intense -1 --CMDprogress_69_319
python run.py --epoches 150000 --modelLoad BA --weightModel identical --randomGraph ER                --seed 11 --strains 2  --dense 0 --n 100 --intense -1 --CMDprogress_70_319
python run.py --epoches 150000 --modelLoad AB --weightModel identical --randomGraph BA                --seed 14 --strains 1  --dense 0 --n 100 --intense -1 --CMDprogress_71_319
python run.py --epoches 150000 --modelLoad BA --weightModel identical --randomGraph RGG                --seed 14 --strains 4  --dense 0 --n 100 --intense -1 --CMDprogress_72_319
python run.py --epoches 150000 --modelLoad BB --weightModel identical --randomGraph BA                --seed 13 --strains 2  --dense 0 --n 100 --intense -1 --CMDprogress_73_319
python run.py --epoches 150000 --modelLoad infer2018 --weightModel identical --randomGraph RGG                --seed 11 --strains 3  --dense 0 --n 100 --intense -1 --CMDprogress_74_319
python run.py --epoches 150000 --modelLoad infer2018 --weightModel identical --randomGraph BA                --seed 10 --strains 3  --dense 0 --n 100 --intense -1 --CMDprogress_75_319
python run.py --epoches 150000 --modelLoad infer2018 --weightModel identical --randomGraph ER                --seed 13 --strains 4  --dense 0 --n 100 --intense -1 --CMDprogress_76_319
python run.py --epoches 150000 --modelLoad BA --weightModel identical --randomGraph BA                --seed 13 --strains 4  --dense 0 --n 100 --intense -1 --CMDprogress_77_319
python run.py --epoches 150000 --modelLoad BA --weightModel identical --randomGraph ER                --seed 13 --strains 1  --dense 0 --n 100 --intense -1 --CMDprogress_78_319
python run.py --epoches 150000 --modelLoad BA --weightModel identical --randomGraph ER                --seed 12 --strains 2  --dense 0 --n 100 --intense -1 --CMDprogress_79_319
python run.py --epoches 150000 --modelLoad infer2018 --weightModel identical --randomGraph RGG                --seed 12 --strains 2  --dense 0 --n 100 --intense -1 --CMDprogress_80_319
python run.py --epoches 150000 --modelLoad infer2018 --weightModel identical --randomGraph ER                --seed 14 --strains 4  --dense 0 --n 100 --intense -1 --CMDprogress_81_319
python run.py --epoches 150000 --modelLoad BB --weightModel identical --randomGraph BA                --seed 14 --strains 4  --dense 0 --n 100 --intense -1 --CMDprogress_82_319
python run.py --epoches 150000 --modelLoad AB --weightModel identical --randomGraph ER                --seed 11 --strains 2  --dense 0 --n 100 --intense -1 --CMDprogress_83_319
python run.py --epoches 150000 --modelLoad AB --weightModel identical --randomGraph RGG                --seed 14 --strains 4  --dense 0 --n 100 --intense -1 --CMDprogress_84_319
python run.py --epoches 150000 --modelLoad AB --weightModel identical --randomGraph BA                --seed 10 --strains 2  --dense 0 --n 100 --intense -1 --CMDprogress_85_319
python run.py --epoches 150000 --modelLoad infer2018 --weightModel identical --randomGraph BA                --seed 12 --strains 3  --dense 0 --n 100 --intense -1 --CMDprogress_86_319
python run.py --epoches 150000 --modelLoad infer2018 --weightModel identical --randomGraph WS                --seed 10 --strains 3  --dense 0 --n 100 --intense -1 --CMDprogress_87_319
python run.py --epoches 150000 --modelLoad infer2018 --weightModel identical --randomGraph BA                --seed 12 --strains 1  --dense 0 --n 100 --intense -1 --CMDprogress_88_319
python run.py --epoches 150000 --modelLoad AB --weightModel identical --randomGraph ER                --seed 12 --strains 4  --dense 0 --n 100 --intense -1 --CMDprogress_89_319
python run.py --epoches 150000 --modelLoad AB --weightModel identical --randomGraph ER                --seed 10 --strains 2  --dense 0 --n 100 --intense -1 --CMDprogress_90_319
python run.py --epoches 150000 --modelLoad BA --weightModel identical --randomGraph WS                --seed 13 --strains 2  --dense 0 --n 100 --intense -1 --CMDprogress_91_319
python run.py --epoches 150000 --modelLoad infer2018 --weightModel identical --randomGraph BA                --seed 14 --strains 3  --dense 0 --n 100 --intense -1 --CMDprogress_92_319
python run.py --epoches 150000 --modelLoad infer2018 --weightModel identical --randomGraph ER                --seed 10 --strains 2  --dense 0 --n 100 --intense -1 --CMDprogress_93_319
python run.py --epoches 150000 --modelLoad infer2018 --weightModel identical --randomGraph WS                --seed 12 --strains 1  --dense 0 --n 100 --intense -1 --CMDprogress_94_319
python run.py --epoches 150000 --modelLoad infer2018 --weightModel identical --randomGraph BA                --seed 11 --strains 2  --dense 0 --n 100 --intense -1 --CMDprogress_95_319
python run.py --epoches 150000 --modelLoad infer2018 --weightModel identical --randomGraph RGG                --seed 14 --strains 2  --dense 0 --n 100 --intense -1 --CMDprogress_96_319
python run.py --epoches 150000 --modelLoad BA --weightModel identical --randomGraph RGG                --seed 13 --strains 1  --dense 0 --n 100 --intense -1 --CMDprogress_97_319
python run.py --epoches 150000 --modelLoad infer2018 --weightModel identical --randomGraph BA                --seed 14 --strains 1  --dense 0 --n 100 --intense -1 --CMDprogress_98_319
python run.py --epoches 150000 --modelLoad BB --weightModel identical --randomGraph BA                --seed 10 --strains 3  --dense 0 --n 100 --intense -1 --CMDprogress_99_319
python run.py --epoches 150000 --modelLoad AB --weightModel identical --randomGraph RGG                --seed 14 --strains 2  --dense 0 --n 100 --intense -1 --CMDprogress_100_319
python run.py --epoches 150000 --modelLoad AB --weightModel identical --randomGraph RGG                --seed 10 --strains 4  --dense 0 --n 100 --intense -1 --CMDprogress_101_319
python run.py --epoches 150000 --modelLoad BB --weightModel identical --randomGraph BA                --seed 14 --strains 1  --dense 0 --n 100 --intense -1 --CMDprogress_102_319
python run.py --epoches 150000 --modelLoad infer2018 --weightModel identical --randomGraph RGG                --seed 12 --strains 1  --dense 0 --n 100 --intense -1 --CMDprogress_103_319
python run.py --epoches 150000 --modelLoad infer2018 --weightModel identical --randomGraph WS                --seed 11 --strains 4  --dense 0 --n 100 --intense -1 --CMDprogress_104_319
python run.py --epoches 150000 --modelLoad BA --weightModel identical --randomGraph WS                --seed 10 --strains 1  --dense 0 --n 100 --intense -1 --CMDprogress_105_319
python run.py --epoches 150000 --modelLoad BA --weightModel identical --randomGraph WS                --seed 11 --strains 2  --dense 0 --n 100 --intense -1 --CMDprogress_106_319
python run.py --epoches 150000 --modelLoad AB --weightModel identical --randomGraph BA                --seed 12 --strains 3  --dense 0 --n 100 --intense -1 --CMDprogress_107_319
python run.py --epoches 150000 --modelLoad AB --weightModel identical --randomGraph RGG                --seed 12 --strains 2  --dense 0 --n 100 --intense -1 --CMDprogress_108_319
python run.py --epoches 150000 --modelLoad BB --weightModel identical --randomGraph WS                --seed 10 --strains 4  --dense 0 --n 100 --intense -1 --CMDprogress_109_319
python run.py --epoches 150000 --modelLoad BB --weightModel identical --randomGraph WS                --seed 10 --strains 2  --dense 0 --n 100 --intense -1 --CMDprogress_110_319
python run.py --epoches 150000 --modelLoad AB --weightModel identical --randomGraph WS                --seed 10 --strains 4  --dense 0 --n 100 --intense -1 --CMDprogress_111_319
python run.py --epoches 150000 --modelLoad AB --weightModel identical --randomGraph WS                --seed 10 --strains 3  --dense 0 --n 100 --intense -1 --CMDprogress_112_319
python run.py --epoches 150000 --modelLoad infer2018 --weightModel identical --randomGraph BA                --seed 13 --strains 2  --dense 0 --n 100 --intense -1 --CMDprogress_113_319
python run.py --epoches 150000 --modelLoad infer2018 --weightModel identical --randomGraph BA                --seed 10 --strains 1  --dense 0 --n 100 --intense -1 --CMDprogress_114_319
python run.py --epoches 150000 --modelLoad AB --weightModel identical --randomGraph BA                --seed 14 --strains 3  --dense 0 --n 100 --intense -1 --CMDprogress_115_319
python run.py --epoches 150000 --modelLoad infer2018 --weightModel identical --randomGraph RGG                --seed 12 --strains 3  --dense 0 --n 100 --intense -1 --CMDprogress_116_319
python run.py --epoches 150000 --modelLoad AB --weightModel identical --randomGraph RGG                --seed 11 --strains 2  --dense 0 --n 100 --intense -1 --CMDprogress_117_319
python run.py --epoches 150000 --modelLoad BA --weightModel identical --randomGraph RGG                --seed 13 --strains 4  --dense 0 --n 100 --intense -1 --CMDprogress_118_319
python run.py --epoches 150000 --modelLoad BA --weightModel identical --randomGraph RGG                --seed 11 --strains 2  --dense 0 --n 100 --intense -1 --CMDprogress_119_319
python run.py --epoches 150000 --modelLoad AB --weightModel identical --randomGraph RGG                --seed 12 --strains 4  --dense 0 --n 100 --intense -1 --CMDprogress_120_319
python run.py --epoches 150000 --modelLoad infer2018 --weightModel identical --randomGraph ER                --seed 12 --strains 4  --dense 0 --n 100 --intense -1 --CMDprogress_121_319
python run.py --epoches 150000 --modelLoad AB --weightModel identical --randomGraph WS                --seed 11 --strains 4  --dense 0 --n 100 --intense -1 --CMDprogress_122_319
python run.py --epoches 150000 --modelLoad AB --weightModel identical --randomGraph WS                --seed 12 --strains 4  --dense 0 --n 100 --intense -1 --CMDprogress_123_319
python run.py --epoches 150000 --modelLoad BB --weightModel identical --randomGraph ER                --seed 12 --strains 4  --dense 0 --n 100 --intense -1 --CMDprogress_124_319
python run.py --epoches 150000 --modelLoad BA --weightModel identical --randomGraph BA                --seed 11 --strains 4  --dense 0 --n 100 --intense -1 --CMDprogress_125_319
python run.py --epoches 150000 --modelLoad BB --weightModel identical --randomGraph RGG                --seed 13 --strains 4  --dense 0 --n 100 --intense -1 --CMDprogress_126_319
python run.py --epoches 150000 --modelLoad BB --weightModel identical --randomGraph WS                --seed 14 --strains 3  --dense 0 --n 100 --intense -1 --CMDprogress_127_319
python run.py --epoches 150000 --modelLoad AB --weightModel identical --randomGraph WS                --seed 14 --strains 4  --dense 0 --n 100 --intense -1 --CMDprogress_128_319
python run.py --epoches 150000 --modelLoad AB --weightModel identical --randomGraph ER                --seed 14 --strains 3  --dense 0 --n 100 --intense -1 --CMDprogress_129_319
python run.py --epoches 150000 --modelLoad AB --weightModel identical --randomGraph ER                --seed 12 --strains 2  --dense 0 --n 100 --intense -1 --CMDprogress_130_319
python run.py --epoches 150000 --modelLoad infer2018 --weightModel identical --randomGraph ER                --seed 10 --strains 4  --dense 0 --n 100 --intense -1 --CMDprogress_131_319
python run.py --epoches 150000 --modelLoad BA --weightModel identical --randomGraph BA                --seed 14 --strains 1  --dense 0 --n 100 --intense -1 --CMDprogress_132_319
python run.py --epoches 150000 --modelLoad infer2018 --weightModel identical --randomGraph WS                --seed 14 --strains 3  --dense 0 --n 100 --intense -1 --CMDprogress_133_319
python run.py --epoches 150000 --modelLoad BA --weightModel identical --randomGraph BA                --seed 10 --strains 3  --dense 0 --n 100 --intense -1 --CMDprogress_134_319
python run.py --epoches 150000 --modelLoad BA --weightModel identical --randomGraph BA                --seed 12 --strains 3  --dense 0 --n 100 --intense -1 --CMDprogress_135_319
python run.py --epoches 150000 --modelLoad BA --weightModel identical --randomGraph RGG                --seed 10 --strains 3  --dense 0 --n 100 --intense -1 --CMDprogress_136_319
python run.py --epoches 150000 --modelLoad BA --weightModel identical --randomGraph BA                --seed 13 --strains 2  --dense 0 --n 100 --intense -1 --CMDprogress_137_319
python run.py --epoches 150000 --modelLoad BB --weightModel identical --randomGraph ER                --seed 12 --strains 2  --dense 0 --n 100 --intense -1 --CMDprogress_138_319
python run.py --epoches 150000 --modelLoad BA --weightModel identical --randomGraph WS                --seed 11 --strains 3  --dense 0 --n 100 --intense -1 --CMDprogress_139_319
python run.py --epoches 150000 --modelLoad BB --weightModel identical --randomGraph RGG                --seed 12 --strains 4  --dense 0 --n 100 --intense -1 --CMDprogress_140_319
python run.py --epoches 150000 --modelLoad infer2018 --weightModel identical --randomGraph BA                --seed 14 --strains 2  --dense 0 --n 100 --intense -1 --CMDprogress_141_319
python run.py --epoches 150000 --modelLoad AB --weightModel identical --randomGraph RGG                --seed 13 --strains 3  --dense 0 --n 100 --intense -1 --CMDprogress_142_319
python run.py --epoches 150000 --modelLoad AB --weightModel identical --randomGraph BA                --seed 13 --strains 1  --dense 0 --n 100 --intense -1 --CMDprogress_143_319
python run.py --epoches 150000 --modelLoad BA --weightModel identical --randomGraph ER                --seed 10 --strains 4  --dense 0 --n 100 --intense -1 --CMDprogress_144_319
python run.py --epoches 150000 --modelLoad BA --weightModel identical --randomGraph RGG                --seed 10 --strains 2  --dense 0 --n 100 --intense -1 --CMDprogress_145_319
python run.py --epoches 150000 --modelLoad AB --weightModel identical --randomGraph ER                --seed 14 --strains 2  --dense 0 --n 100 --intense -1 --CMDprogress_146_319
python run.py --epoches 150000 --modelLoad BA --weightModel identical --randomGraph ER                --seed 12 --strains 4  --dense 0 --n 100 --intense -1 --CMDprogress_147_319
python run.py --epoches 150000 --modelLoad AB --weightModel identical --randomGraph WS                --seed 14 --strains 2  --dense 0 --n 100 --intense -1 --CMDprogress_148_319
python run.py --epoches 150000 --modelLoad BB --weightModel identical --randomGraph RGG                --seed 11 --strains 1  --dense 0 --n 100 --intense -1 --CMDprogress_149_319
python run.py --epoches 150000 --modelLoad BB --weightModel identical --randomGraph BA                --seed 12 --strains 4  --dense 0 --n 100 --intense -1 --CMDprogress_150_319
python run.py --epoches 150000 --modelLoad AB --weightModel identical --randomGraph BA                --seed 13 --strains 4  --dense 0 --n 100 --intense -1 --CMDprogress_151_319
python run.py --epoches 150000 --modelLoad infer2018 --weightModel identical --randomGraph BA                --seed 13 --strains 3  --dense 0 --n 100 --intense -1 --CMDprogress_152_319
python run.py --epoches 150000 --modelLoad BA --weightModel identical --randomGraph BA                --seed 10 --strains 1  --dense 0 --n 100 --intense -1 --CMDprogress_153_319
python run.py --epoches 150000 --modelLoad BA --weightModel identical --randomGraph WS                --seed 11 --strains 1  --dense 0 --n 100 --intense -1 --CMDprogress_154_319
python run.py --epoches 150000 --modelLoad infer2018 --weightModel identical --randomGraph RGG                --seed 14 --strains 1  --dense 0 --n 100 --intense -1 --CMDprogress_155_319
python run.py --epoches 150000 --modelLoad AB --weightModel identical --randomGraph WS                --seed 11 --strains 1  --dense 0 --n 100 --intense -1 --CMDprogress_156_319
python run.py --epoches 150000 --modelLoad BB --weightModel identical --randomGraph BA                --seed 12 --strains 3  --dense 0 --n 100 --intense -1 --CMDprogress_157_319
python run.py --epoches 150000 --modelLoad infer2018 --weightModel identical --randomGraph WS                --seed 13 --strains 2  --dense 0 --n 100 --intense -1 --CMDprogress_158_319
python run.py --epoches 150000 --modelLoad BB --weightModel identical --randomGraph RGG                --seed 13 --strains 1  --dense 0 --n 100 --intense -1 --CMDprogress_159_319
python run.py --epoches 150000 --modelLoad BA --weightModel identical --randomGraph ER                --seed 13 --strains 2  --dense 0 --n 100 --intense -1 --CMDprogress_160_319
python run.py --epoches 150000 --modelLoad BA --weightModel identical --randomGraph WS                --seed 11 --strains 4  --dense 0 --n 100 --intense -1 --CMDprogress_161_319
python run.py --epoches 150000 --modelLoad BB --weightModel identical --randomGraph ER                --seed 10 --strains 3  --dense 0 --n 100 --intense -1 --CMDprogress_162_319
python run.py --epoches 150000 --modelLoad BA --weightModel identical --randomGraph RGG                --seed 14 --strains 1  --dense 0 --n 100 --intense -1 --CMDprogress_163_319
python run.py --epoches 150000 --modelLoad BB --weightModel identical --randomGraph RGG                --seed 14 --strains 4  --dense 0 --n 100 --intense -1 --CMDprogress_164_319
python run.py --epoches 150000 --modelLoad infer2018 --weightModel identical --randomGraph ER                --seed 13 --strains 2  --dense 0 --n 100 --intense -1 --CMDprogress_165_319
python run.py --epoches 150000 --modelLoad AB --weightModel identical --randomGraph BA                --seed 10 --strains 1  --dense 0 --n 100 --intense -1 --CMDprogress_166_319
python run.py --epoches 150000 --modelLoad BB --weightModel identical --randomGraph RGG                --seed 10 --strains 1  --dense 0 --n 100 --intense -1 --CMDprogress_167_319
python run.py --epoches 150000 --modelLoad AB --weightModel identical --randomGraph RGG                --seed 11 --strains 4  --dense 0 --n 100 --intense -1 --CMDprogress_168_319
python run.py --epoches 150000 --modelLoad BA --weightModel identical --randomGraph ER                --seed 13 --strains 4  --dense 0 --n 100 --intense -1 --CMDprogress_169_319
python run.py --epoches 150000 --modelLoad infer2018 --weightModel identical --randomGraph WS                --seed 12 --strains 2  --dense 0 --n 100 --intense -1 --CMDprogress_170_319
python run.py --epoches 150000 --modelLoad BA --weightModel identical --randomGraph ER                --seed 12 --strains 3  --dense 0 --n 100 --intense -1 --CMDprogress_171_319
slurmstepd: error: *** JOB 1006497 ON ise-pheno-06 CANCELLED AT 2023-12-24T10:11:00 DUE TO TIME LIMIT ***
