Mon Nov 27 18:20:13 IST 2023

SLURM_JOBID:		 988303
SLURM_JOB_NODELIST:	 dt-gpu-03 


python run.py --epoches 100000 --modelLoad AB --weightModel identical --randomGraph RGG --seed 11 --strains 2 --CMDprogress_0_119
python run.py --epoches 100000 --modelLoad infer2018 --weightModel identical --randomGraph BA --seed 10 --strains 1 --CMDprogress_1_119
python run.py --epoches 100000 --modelLoad BB --weightModel identical --randomGraph BA --seed 14 --strains 1 --CMDprogress_2_119
python run.py --epoches 100000 --modelLoad AB --weightModel identical --randomGraph ER --seed 13 --strains 1 --CMDprogress_3_119
python run.py --epoches 100000 --modelLoad infer2018 --weightModel identical --randomGraph BA --seed 11 --strains 2 --CMDprogress_4_119
python run.py --epoches 100000 --modelLoad BB --weightModel identical --randomGraph BA --seed 11 --strains 2 --CMDprogress_5_119
python run.py --epoches 100000 --modelLoad infer2018 --weightModel identical --randomGraph WS --seed 10 --strains 2 --CMDprogress_6_119
python run.py --epoches 100000 --modelLoad AB --weightModel identical --randomGraph WS --seed 13 --strains 1 --CMDprogress_7_119
python run.py --epoches 100000 --modelLoad infer2018 --weightModel identical --randomGraph BA --seed 13 --strains 2 --CMDprogress_8_119
python run.py --epoches 100000 --modelLoad infer2018 --weightModel identical --randomGraph WS --seed 11 --strains 2 --CMDprogress_9_119
python run.py --epoches 100000 --modelLoad infer2018 --weightModel identical --randomGraph WS --seed 13 --strains 1 --CMDprogress_10_119
python run.py --epoches 100000 --modelLoad AB --weightModel identical --randomGraph WS --seed 10 --strains 2 --CMDprogress_11_119
python run.py --epoches 100000 --modelLoad infer2018 --weightModel identical --randomGraph ER --seed 14 --strains 2 --CMDprogress_12_119
python run.py --epoches 100000 --modelLoad AB --weightModel identical --randomGraph BA --seed 14 --strains 1 --CMDprogress_13_119
python run.py --epoches 100000 --modelLoad BB --weightModel identical --randomGraph ER --seed 14 --strains 2 --CMDprogress_14_119
python run.py --epoches 100000 --modelLoad AB --weightModel identical --randomGraph BA --seed 11 --strains 2 --CMDprogress_15_119
python run.py --epoches 100000 --modelLoad infer2018 --weightModel identical --randomGraph BA --seed 12 --strains 1 --CMDprogress_16_119
slurmstepd: error: *** JOB 988303 ON dt-gpu-03 CANCELLED AT 2023-11-28T06:13:08 ***
