Wed Dec 20 10:51:25 IST 2023

SLURM_JOBID:		 1005741
SLURM_JOB_NODELIST:	 cs-pheno-22 


python run.py --epoches 150000 --modelLoad AA --weightModel identical --randomGraph BA            --seed 10 --strains 4   --dense 0 --n 100 --intense 0 --identicalf 0.01 --CMDprogress_0_59
python run.py --epoches 150000 --modelLoad AA --weightModel identical --randomGraph BA            --seed 12 --strains 4   --dense 0 --n 100 --intense 1 --identicalf 0.01 --CMDprogress_1_59
python run.py --epoches 150000 --modelLoad AA --weightModel identical --randomGraph WS            --seed 11 --strains 4   --dense 0 --n 100 --intense 1 --identicalf 0.01 --CMDprogress_2_59
python run.py --epoches 150000 --modelLoad AA --weightModel identical --randomGraph ER            --seed 11 --strains 4   --dense 0 --n 100 --intense 1 --identicalf 0.01 --CMDprogress_3_59
python run.py --epoches 150000 --modelLoad AA --weightModel identical --randomGraph BA            --seed 10 --strains 4   --dense 0 --n 100 --intense 2 --identicalf 0.01 --CMDprogress_4_59
python run.py --epoches 150000 --modelLoad AA --weightModel identical --randomGraph WS            --seed 12 --strains 4   --dense 0 --n 100 --intense 2 --identicalf 0.01 --CMDprogress_5_59
python run.py --epoches 150000 --modelLoad AA --weightModel identical --randomGraph WS            --seed 13 --strains 4   --dense 0 --n 100 --intense 0 --identicalf 0.01 --CMDprogress_6_59
python run.py --epoches 150000 --modelLoad AA --weightModel identical --randomGraph BA            --seed 14 --strains 4   --dense 0 --n 100 --intense 1 --identicalf 0.01 --CMDprogress_7_59
python run.py --epoches 150000 --modelLoad AA --weightModel identical --randomGraph RGG            --seed 14 --strains 4   --dense 0 --n 100 --intense 2 --identicalf 0.01 --CMDprogress_8_59
python run.py --epoches 150000 --modelLoad AA --weightModel identical --randomGraph BA            --seed 11 --strains 4   --dense 0 --n 100 --intense 2 --identicalf 0.01 --CMDprogress_9_59
python run.py --epoches 150000 --modelLoad AA --weightModel identical --randomGraph WS            --seed 10 --strains 4   --dense 0 --n 100 --intense 1 --identicalf 0.01 --CMDprogress_10_59
python run.py --epoches 150000 --modelLoad AA --weightModel identical --randomGraph BA            --seed 13 --strains 4   --dense 0 --n 100 --intense 2 --identicalf 0.01 --CMDprogress_11_59
python run.py --epoches 150000 --modelLoad AA --weightModel identical --randomGraph RGG            --seed 11 --strains 4   --dense 0 --n 100 --intense 1 --identicalf 0.01 --CMDprogress_12_59
python run.py --epoches 150000 --modelLoad AA --weightModel identical --randomGraph RGG            --seed 11 --strains 4   --dense 0 --n 100 --intense 0 --identicalf 0.01 --CMDprogress_13_59
python run.py --epoches 150000 --modelLoad AA --weightModel identical --randomGraph BA            --seed 12 --strains 4   --dense 0 --n 100 --intense 0 --identicalf 0.01 --CMDprogress_14_59
python run.py --epoches 150000 --modelLoad AA --weightModel identical --randomGraph WS            --seed 10 --strains 4   --dense 0 --n 100 --intense 0 --identicalf 0.01 --CMDprogress_15_59
python run.py --epoches 150000 --modelLoad AA --weightModel identical --randomGraph WS            --seed 12 --strains 4   --dense 0 --n 100 --intense 0 --identicalf 0.01 --CMDprogress_16_59
python run.py --epoches 150000 --modelLoad AA --weightModel identical --randomGraph ER            --seed 13 --strains 4   --dense 0 --n 100 --intense 0 --identicalf 0.01 --CMDprogress_17_59
python run.py --epoches 150000 --modelLoad AA --weightModel identical --randomGraph RGG            --seed 13 --strains 4   --dense 0 --n 100 --intense 0 --identicalf 0.01 --CMDprogress_18_59
python run.py --epoches 150000 --modelLoad AA --weightModel identical --randomGraph ER            --seed 10 --strains 4   --dense 0 --n 100 --intense 1 --identicalf 0.01 --CMDprogress_19_59
python run.py --epoches 150000 --modelLoad AA --weightModel identical --randomGraph BA            --seed 13 --strains 4   --dense 0 --n 100 --intense 0 --identicalf 0.01 --CMDprogress_20_59
python run.py --epoches 150000 --modelLoad AA --weightModel identical --randomGraph BA            --seed 11 --strains 4   --dense 0 --n 100 --intense 1 --identicalf 0.01 --CMDprogress_21_59
python run.py --epoches 150000 --modelLoad AA --weightModel identical --randomGraph RGG            --seed 12 --strains 4   --dense 0 --n 100 --intense 1 --identicalf 0.01 --CMDprogress_22_59
python run.py --epoches 150000 --modelLoad AA --weightModel identical --randomGraph WS            --seed 11 --strains 4   --dense 0 --n 100 --intense 2 --identicalf 0.01 --CMDprogress_23_59
python run.py --epoches 150000 --modelLoad AA --weightModel identical --randomGraph ER            --seed 14 --strains 4   --dense 0 --n 100 --intense 0 --identicalf 0.01 --CMDprogress_24_59
python run.py --epoches 150000 --modelLoad AA --weightModel identical --randomGraph BA            --seed 14 --strains 4   --dense 0 --n 100 --intense 2 --identicalf 0.01 --CMDprogress_25_59
python run.py --epoches 150000 --modelLoad AA --weightModel identical --randomGraph BA            --seed 11 --strains 4   --dense 0 --n 100 --intense 0 --identicalf 0.01 --CMDprogress_26_59
python run.py --epoches 150000 --modelLoad AA --weightModel identical --randomGraph RGG            --seed 10 --strains 4   --dense 0 --n 100 --intense 0 --identicalf 0.01 --CMDprogress_27_59
python run.py --epoches 150000 --modelLoad AA --weightModel identical --randomGraph RGG            --seed 14 --strains 4   --dense 0 --n 100 --intense 0 --identicalf 0.01 --CMDprogress_28_59
python run.py --epoches 150000 --modelLoad AA --weightModel identical --randomGraph ER            --seed 12 --strains 4   --dense 0 --n 100 --intense 2 --identicalf 0.01 --CMDprogress_29_59
python run.py --epoches 150000 --modelLoad AA --weightModel identical --randomGraph RGG            --seed 13 --strains 4   --dense 0 --n 100 --intense 2 --identicalf 0.01 --CMDprogress_30_59
python run.py --epoches 150000 --modelLoad AA --weightModel identical --randomGraph RGG            --seed 10 --strains 4   --dense 0 --n 100 --intense 1 --identicalf 0.01 --CMDprogress_31_59
python run.py --epoches 150000 --modelLoad AA --weightModel identical --randomGraph RGG            --seed 10 --strains 4   --dense 0 --n 100 --intense 2 --identicalf 0.01 --CMDprogress_32_59
python run.py --epoches 150000 --modelLoad AA --weightModel identical --randomGraph ER            --seed 11 --strains 4   --dense 0 --n 100 --intense 2 --identicalf 0.01 --CMDprogress_33_59
python run.py --epoches 150000 --modelLoad AA --weightModel identical --randomGraph ER            --seed 12 --strains 4   --dense 0 --n 100 --intense 1 --identicalf 0.01 --CMDprogress_34_59
python run.py --epoches 150000 --modelLoad AA --weightModel identical --randomGraph BA            --seed 10 --strains 4   --dense 0 --n 100 --intense 1 --identicalf 0.01 --CMDprogress_35_59
python run.py --epoches 150000 --modelLoad AA --weightModel identical --randomGraph WS            --seed 14 --strains 4   --dense 0 --n 100 --intense 0 --identicalf 0.01 --CMDprogress_36_59
python run.py --epoches 150000 --modelLoad AA --weightModel identical --randomGraph WS            --seed 11 --strains 4   --dense 0 --n 100 --intense 0 --identicalf 0.01 --CMDprogress_37_59
python run.py --epoches 150000 --modelLoad AA --weightModel identical --randomGraph ER            --seed 14 --strains 4   --dense 0 --n 100 --intense 1 --identicalf 0.01 --CMDprogress_38_59
python run.py --epoches 150000 --modelLoad AA --weightModel identical --randomGraph ER            --seed 14 --strains 4   --dense 0 --n 100 --intense 2 --identicalf 0.01 --CMDprogress_39_59
python run.py --epoches 150000 --modelLoad AA --weightModel identical --randomGraph WS            --seed 12 --strains 4   --dense 0 --n 100 --intense 1 --identicalf 0.01 --CMDprogress_40_59
python run.py --epoches 150000 --modelLoad AA --weightModel identical --randomGraph ER            --seed 12 --strains 4   --dense 0 --n 100 --intense 0 --identicalf 0.01 --CMDprogress_41_59
python run.py --epoches 150000 --modelLoad AA --weightModel identical --randomGraph WS            --seed 13 --strains 4   --dense 0 --n 100 --intense 1 --identicalf 0.01 --CMDprogress_42_59
python run.py --epoches 150000 --modelLoad AA --weightModel identical --randomGraph RGG            --seed 12 --strains 4   --dense 0 --n 100 --intense 0 --identicalf 0.01 --CMDprogress_43_59
python run.py --epoches 150000 --modelLoad AA --weightModel identical --randomGraph ER            --seed 10 --strains 4   --dense 0 --n 100 --intense 2 --identicalf 0.01 --CMDprogress_44_59
python run.py --epoches 150000 --modelLoad AA --weightModel identical --randomGraph WS            --seed 14 --strains 4   --dense 0 --n 100 --intense 1 --identicalf 0.01 --CMDprogress_45_59
python run.py --epoches 150000 --modelLoad AA --weightModel identical --randomGraph RGG            --seed 12 --strains 4   --dense 0 --n 100 --intense 2 --identicalf 0.01 --CMDprogress_46_59
python run.py --epoches 150000 --modelLoad AA --weightModel identical --randomGraph RGG            --seed 14 --strains 4   --dense 0 --n 100 --intense 1 --identicalf 0.01 --CMDprogress_47_59
python run.py --epoches 150000 --modelLoad AA --weightModel identical --randomGraph RGG            --seed 13 --strains 4   --dense 0 --n 100 --intense 1 --identicalf 0.01 --CMDprogress_48_59
python run.py --epoches 150000 --modelLoad AA --weightModel identical --randomGraph ER            --seed 10 --strains 4   --dense 0 --n 100 --intense 0 --identicalf 0.01 --CMDprogress_49_59
python run.py --epoches 150000 --modelLoad AA --weightModel identical --randomGraph ER            --seed 11 --strains 4   --dense 0 --n 100 --intense 0 --identicalf 0.01 --CMDprogress_50_59
python run.py --epoches 150000 --modelLoad AA --weightModel identical --randomGraph RGG            --seed 11 --strains 4   --dense 0 --n 100 --intense 2 --identicalf 0.01 --CMDprogress_51_59
python run.py --epoches 150000 --modelLoad AA --weightModel identical --randomGraph ER            --seed 13 --strains 4   --dense 0 --n 100 --intense 1 --identicalf 0.01 --CMDprogress_52_59
python run.py --epoches 150000 --modelLoad AA --weightModel identical --randomGraph WS            --seed 10 --strains 4   --dense 0 --n 100 --intense 2 --identicalf 0.01 --CMDprogress_53_59
python run.py --epoches 150000 --modelLoad AA --weightModel identical --randomGraph ER            --seed 13 --strains 4   --dense 0 --n 100 --intense 2 --identicalf 0.01 --CMDprogress_54_59
python run.py --epoches 150000 --modelLoad AA --weightModel identical --randomGraph BA            --seed 13 --strains 4   --dense 0 --n 100 --intense 1 --identicalf 0.01 --CMDprogress_55_59
python run.py --epoches 150000 --modelLoad AA --weightModel identical --randomGraph WS            --seed 13 --strains 4   --dense 0 --n 100 --intense 2 --identicalf 0.01 --CMDprogress_56_59
python run.py --epoches 150000 --modelLoad AA --weightModel identical --randomGraph BA            --seed 12 --strains 4   --dense 0 --n 100 --intense 2 --identicalf 0.01 --CMDprogress_57_59
python run.py --epoches 150000 --modelLoad AA --weightModel identical --randomGraph BA            --seed 14 --strains 4   --dense 0 --n 100 --intense 0 --identicalf 0.01 --CMDprogress_58_59
python run.py --epoches 150000 --modelLoad AA --weightModel identical --randomGraph WS            --seed 14 --strains 4   --dense 0 --n 100 --intense 2 --identicalf 0.01 --CMDprogress_59_59
