Thu Dec 21 10:51:17 IST 2023

SLURM_JOBID:		 1006255
SLURM_JOB_NODELIST:	 ise-3090-01 


python run.py --epoches 150000 --modelLoad AA --weightModel identical --randomGraph BA            --seed 12 --strains 4   --dense -4 --n 100 --intense -1 --identicalf 0.01 --CMDprogress_0_39
python run.py --epoches 150000 --modelLoad AA --weightModel identical --randomGraph BA            --seed 11 --strains 4   --dense -4 --n 100 --intense -1 --identicalf 0.01 --CMDprogress_1_39
python run.py --epoches 150000 --modelLoad AA --weightModel identical --randomGraph RGG            --seed 14 --strains 4   --dense -4 --n 100 --intense -1 --identicalf 0.01 --CMDprogress_2_39
python run.py --epoches 150000 --modelLoad AA --weightModel identical --randomGraph RGG            --seed 12 --strains 4   --dense -4 --n 100 --intense -1 --identicalf 0.01 --CMDprogress_3_39
python run.py --epoches 150000 --modelLoad AA --weightModel identical --randomGraph ER            --seed 11 --strains 4   --dense -4 --n 100 --intense -1 --identicalf 0.01 --CMDprogress_4_39
python run.py --epoches 150000 --modelLoad AA --weightModel identical --randomGraph BA            --seed 10 --strains 4   --dense -3 --n 100 --intense -1 --identicalf 0.01 --CMDprogress_5_39
python run.py --epoches 150000 --modelLoad AA --weightModel identical --randomGraph ER            --seed 13 --strains 4   --dense -3 --n 100 --intense -1 --identicalf 0.01 --CMDprogress_6_39
python run.py --epoches 150000 --modelLoad AA --weightModel identical --randomGraph WS            --seed 14 --strains 4   --dense -3 --n 100 --intense -1 --identicalf 0.01 --CMDprogress_7_39
python run.py --epoches 150000 --modelLoad AA --weightModel identical --randomGraph RGG            --seed 13 --strains 4   --dense -3 --n 100 --intense -1 --identicalf 0.01 --CMDprogress_8_39
python run.py --epoches 150000 --modelLoad AA --weightModel identical --randomGraph WS            --seed 12 --strains 4   --dense -4 --n 100 --intense -1 --identicalf 0.01 --CMDprogress_9_39
python run.py --epoches 150000 --modelLoad AA --weightModel identical --randomGraph RGG            --seed 11 --strains 4   --dense -4 --n 100 --intense -1 --identicalf 0.01 --CMDprogress_10_39
python run.py --epoches 150000 --modelLoad AA --weightModel identical --randomGraph BA            --seed 13 --strains 4   --dense -3 --n 100 --intense -1 --identicalf 0.01 --CMDprogress_11_39
python run.py --epoches 150000 --modelLoad AA --weightModel identical --randomGraph WS            --seed 11 --strains 4   --dense -3 --n 100 --intense -1 --identicalf 0.01 --CMDprogress_12_39
python run.py --epoches 150000 --modelLoad AA --weightModel identical --randomGraph ER            --seed 13 --strains 4   --dense -4 --n 100 --intense -1 --identicalf 0.01 --CMDprogress_13_39
python run.py --epoches 150000 --modelLoad AA --weightModel identical --randomGraph WS            --seed 11 --strains 4   --dense -4 --n 100 --intense -1 --identicalf 0.01 --CMDprogress_14_39
python run.py --epoches 150000 --modelLoad AA --weightModel identical --randomGraph RGG            --seed 10 --strains 4   --dense -4 --n 100 --intense -1 --identicalf 0.01 --CMDprogress_15_39
python run.py --epoches 150000 --modelLoad AA --weightModel identical --randomGraph RGG            --seed 14 --strains 4   --dense -3 --n 100 --intense -1 --identicalf 0.01 --CMDprogress_16_39
python run.py --epoches 150000 --modelLoad AA --weightModel identical --randomGraph WS            --seed 10 --strains 4   --dense -4 --n 100 --intense -1 --identicalf 0.01 --CMDprogress_17_39
python run.py --epoches 150000 --modelLoad AA --weightModel identical --randomGraph WS            --seed 13 --strains 4   --dense -3 --n 100 --intense -1 --identicalf 0.01 --CMDprogress_18_39
python run.py --epoches 150000 --modelLoad AA --weightModel identical --randomGraph BA            --seed 11 --strains 4   --dense -3 --n 100 --intense -1 --identicalf 0.01 --CMDprogress_19_39
python run.py --epoches 150000 --modelLoad AA --weightModel identical --randomGraph ER            --seed 12 --strains 4   --dense -4 --n 100 --intense -1 --identicalf 0.01 --CMDprogress_20_39
python run.py --epoches 150000 --modelLoad AA --weightModel identical --randomGraph ER            --seed 10 --strains 4   --dense -3 --n 100 --intense -1 --identicalf 0.01 --CMDprogress_21_39
python run.py --epoches 150000 --modelLoad AA --weightModel identical --randomGraph ER            --seed 10 --strains 4   --dense -4 --n 100 --intense -1 --identicalf 0.01 --CMDprogress_22_39
python run.py --epoches 150000 --modelLoad AA --weightModel identical --randomGraph BA            --seed 10 --strains 4   --dense -4 --n 100 --intense -1 --identicalf 0.01 --CMDprogress_23_39
python run.py --epoches 150000 --modelLoad AA --weightModel identical --randomGraph WS            --seed 13 --strains 4   --dense -4 --n 100 --intense -1 --identicalf 0.01 --CMDprogress_24_39
python run.py --epoches 150000 --modelLoad AA --weightModel identical --randomGraph RGG            --seed 10 --strains 4   --dense -3 --n 100 --intense -1 --identicalf 0.01 --CMDprogress_25_39
python run.py --epoches 150000 --modelLoad AA --weightModel identical --randomGraph ER            --seed 14 --strains 4   --dense -4 --n 100 --intense -1 --identicalf 0.01 --CMDprogress_26_39
python run.py --epoches 150000 --modelLoad AA --weightModel identical --randomGraph BA            --seed 14 --strains 4   --dense -3 --n 100 --intense -1 --identicalf 0.01 --CMDprogress_27_39
python run.py --epoches 150000 --modelLoad AA --weightModel identical --randomGraph WS            --seed 10 --strains 4   --dense -3 --n 100 --intense -1 --identicalf 0.01 --CMDprogress_28_39
python run.py --epoches 150000 --modelLoad AA --weightModel identical --randomGraph RGG            --seed 12 --strains 4   --dense -3 --n 100 --intense -1 --identicalf 0.01 --CMDprogress_29_39
python run.py --epoches 150000 --modelLoad AA --weightModel identical --randomGraph ER            --seed 11 --strains 4   --dense -3 --n 100 --intense -1 --identicalf 0.01 --CMDprogress_30_39
python run.py --epoches 150000 --modelLoad AA --weightModel identical --randomGraph BA            --seed 13 --strains 4   --dense -4 --n 100 --intense -1 --identicalf 0.01 --CMDprogress_31_39
python run.py --epoches 150000 --modelLoad AA --weightModel identical --randomGraph RGG            --seed 13 --strains 4   --dense -4 --n 100 --intense -1 --identicalf 0.01 --CMDprogress_32_39
python run.py --epoches 150000 --modelLoad AA --weightModel identical --randomGraph WS            --seed 12 --strains 4   --dense -3 --n 100 --intense -1 --identicalf 0.01 --CMDprogress_33_39
python run.py --epoches 150000 --modelLoad AA --weightModel identical --randomGraph ER            --seed 14 --strains 4   --dense -3 --n 100 --intense -1 --identicalf 0.01 --CMDprogress_34_39
python run.py --epoches 150000 --modelLoad AA --weightModel identical --randomGraph BA            --seed 14 --strains 4   --dense -4 --n 100 --intense -1 --identicalf 0.01 --CMDprogress_35_39
python run.py --epoches 150000 --modelLoad AA --weightModel identical --randomGraph BA            --seed 12 --strains 4   --dense -3 --n 100 --intense -1 --identicalf 0.01 --CMDprogress_36_39
python run.py --epoches 150000 --modelLoad AA --weightModel identical --randomGraph ER            --seed 12 --strains 4   --dense -3 --n 100 --intense -1 --identicalf 0.01 --CMDprogress_37_39
python run.py --epoches 150000 --modelLoad AA --weightModel identical --randomGraph RGG            --seed 11 --strains 4   --dense -3 --n 100 --intense -1 --identicalf 0.01 --CMDprogress_38_39
python run.py --epoches 150000 --modelLoad AA --weightModel identical --randomGraph WS            --seed 14 --strains 4   --dense -4 --n 100 --intense -1 --identicalf 0.01 --CMDprogress_39_39
