Fri Mar 15 20:38:28 IST 2024

SLURM_JOBID:		 1088622
SLURM_JOB_NODELIST:	 ise-pheno-25 


python run.py --epoches 150000 --modelLoad AA --weightModel identical --randomGraph us_air        --seed 11 --strains 2  --dense 0 --n 100 --intense -1 --CMDprogress_0_7
python run.py --epoches 150000 --modelLoad AA --weightModel identical --randomGraph global_air        --seed 11 --strains 3  --dense 0 --n 100 --intense -1 --CMDprogress_1_7
python run.py --epoches 150000 --modelLoad AA --weightModel identical --randomGraph global_air        --seed 11 --strains 1  --dense 0 --n 100 --intense -1 --CMDprogress_2_7
python run.py --epoches 150000 --modelLoad AA --weightModel identical --randomGraph us_air        --seed 11 --strains 1  --dense 0 --n 100 --intense -1 --CMDprogress_3_7
Traceback (most recent call last):
  File "/sise/home/lx/code/12_1_topology_learning/Topology_Learning_Epis/run.py", line 240, in <module>
    utils.log_print(printFlag,"recall:", evaluate.recall(Aw.cpu(), PreA.cpu()))
  File "/sise/home/lx/code/12_1_topology_learning/Topology_Learning_Epis/modules/evaluate.py", line 73, in recall
    preZ= torch.tensor(continious_to_sparcity(preZ.numpy(), links))+IMatrix
RuntimeError: Can't call numpy() on Tensor that requires grad. Use tensor.detach().numpy() instead.
Traceback (most recent call last):
  File "/sise/home/lx/code/12_1_topology_learning/Topology_Learning_Epis/run.py", line 240, in <module>
    utils.log_print(printFlag,"recall:", evaluate.recall(Aw.cpu(), PreA.cpu()))
  File "/sise/home/lx/code/12_1_topology_learning/Topology_Learning_Epis/modules/evaluate.py", line 73, in recall
    preZ= torch.tensor(continious_to_sparcity(preZ.numpy(), links))+IMatrix
RuntimeError: Can't call numpy() on Tensor that requires grad. Use tensor.detach().numpy() instead.
Traceback (most recent call last):
  File "/sise/home/lx/code/12_1_topology_learning/Topology_Learning_Epis/run.py", line 240, in <module>
    utils.log_print(printFlag,"recall:", evaluate.recall(Aw.cpu(), PreA.cpu()))
  File "/sise/home/lx/code/12_1_topology_learning/Topology_Learning_Epis/modules/evaluate.py", line 73, in recall
    preZ= torch.tensor(continious_to_sparcity(preZ.numpy(), links))+IMatrix
RuntimeError: Can't call numpy() on Tensor that requires grad. Use tensor.detach().numpy() instead.
Traceback (most recent call last):
  File "/sise/home/lx/code/12_1_topology_learning/Topology_Learning_Epis/run.py", line 240, in <module>
    utils.log_print(printFlag,"recall:", evaluate.recall(Aw.cpu(), PreA.cpu()))
  File "/sise/home/lx/code/12_1_topology_learning/Topology_Learning_Epis/modules/evaluate.py", line 73, in recall
    preZ= torch.tensor(continious_to_sparcity(preZ.numpy(), links))+IMatrix
RuntimeError: Can't call numpy() on Tensor that requires grad. Use tensor.detach().numpy() instead.
python run.py --epoches 150000 --modelLoad AA --weightModel identical --randomGraph us_air        --seed 11 --strains 3  --dense 0 --n 100 --intense -1 --CMDprogress_4_7
python run.py --epoches 150000 --modelLoad AA --weightModel identical --randomGraph global_air        --seed 11 --strains 2  --dense 0 --n 100 --intense -1 --CMDprogress_5_7
python run.py --epoches 150000 --modelLoad AA --weightModel identical --randomGraph us_air        --seed 11 --strains 4  --dense 0 --n 100 --intense -1 --CMDprogress_6_7
python run.py --epoches 150000 --modelLoad AA --weightModel identical --randomGraph global_air        --seed 11 --strains 4  --dense 0 --n 100 --intense -1 --CMDprogress_7_7
Traceback (most recent call last):
  File "/sise/home/lx/code/12_1_topology_learning/Topology_Learning_Epis/run.py", line 240, in <module>
    utils.log_print(printFlag,"recall:", evaluate.recall(Aw.cpu(), PreA.cpu()))
  File "/sise/home/lx/code/12_1_topology_learning/Topology_Learning_Epis/modules/evaluate.py", line 73, in recall
    preZ= torch.tensor(continious_to_sparcity(preZ.numpy(), links))+IMatrix
RuntimeError: Can't call numpy() on Tensor that requires grad. Use tensor.detach().numpy() instead.
Traceback (most recent call last):
  File "/sise/home/lx/code/12_1_topology_learning/Topology_Learning_Epis/run.py", line 240, in <module>
    utils.log_print(printFlag,"recall:", evaluate.recall(Aw.cpu(), PreA.cpu()))
  File "/sise/home/lx/code/12_1_topology_learning/Topology_Learning_Epis/modules/evaluate.py", line 73, in recall
    preZ= torch.tensor(continious_to_sparcity(preZ.numpy(), links))+IMatrix
RuntimeError: Can't call numpy() on Tensor that requires grad. Use tensor.detach().numpy() instead.
Traceback (most recent call last):
  File "/sise/home/lx/code/12_1_topology_learning/Topology_Learning_Epis/run.py", line 240, in <module>
    utils.log_print(printFlag,"recall:", evaluate.recall(Aw.cpu(), PreA.cpu()))
  File "/sise/home/lx/code/12_1_topology_learning/Topology_Learning_Epis/modules/evaluate.py", line 73, in recall
    preZ= torch.tensor(continious_to_sparcity(preZ.numpy(), links))+IMatrix
RuntimeError: Can't call numpy() on Tensor that requires grad. Use tensor.detach().numpy() instead.
Traceback (most recent call last):
  File "/sise/home/lx/code/12_1_topology_learning/Topology_Learning_Epis/run.py", line 240, in <module>
    utils.log_print(printFlag,"recall:", evaluate.recall(Aw.cpu(), PreA.cpu()))
  File "/sise/home/lx/code/12_1_topology_learning/Topology_Learning_Epis/modules/evaluate.py", line 73, in recall
    preZ= torch.tensor(continious_to_sparcity(preZ.numpy(), links))+IMatrix
RuntimeError: Can't call numpy() on Tensor that requires grad. Use tensor.detach().numpy() instead.
