Sat Dec 16 11:18:45 IST 2023

SLURM_JOBID:		 1003447
SLURM_JOB_NODELIST:	 cs-3090-01 


python run.py --epoches 150000 --modelLoad AA --weightModel identical --randomGraph BA              --seed 14 --strains 4  --dense 0 --n 100 --intense -1 --identicalf 0.001 --CMDprogress_0_119
python run.py --epoches 150000 --modelLoad AA --weightModel identical --randomGraph BA              --seed 11 --strains 4  --dense 0 --n 100 --intense -1 --identicalf 0.05 --CMDprogress_1_119
python run.py --epoches 150000 --modelLoad AA --weightModel identical --randomGraph BA              --seed 14 --strains 4  --dense 0 --n 100 --intense -1 --identicalf 0.02 --CMDprogress_2_119
python run.py --epoches 150000 --modelLoad AA --weightModel identical --randomGraph BA              --seed 12 --strains 4  --dense 0 --n 100 --intense -1 --identicalf 0.1 --CMDprogress_3_119
python run.py --epoches 150000 --modelLoad AA --weightModel identical --randomGraph BA              --seed 13 --strains 4  --dense 0 --n 100 --intense -1 --identicalf 0.1 --CMDprogress_4_119
python run.py --epoches 150000 --modelLoad AA --weightModel identical --randomGraph RGG              --seed 12 --strains 4  --dense 0 --n 100 --intense -1 --identicalf 0.1 --CMDprogress_5_119
python run.py --epoches 150000 --modelLoad AA --weightModel identical --randomGraph BA              --seed 12 --strains 4  --dense 0 --n 100 --intense -1 --identicalf 0.05 --CMDprogress_6_119
python run.py --epoches 150000 --modelLoad AA --weightModel identical --randomGraph RGG              --seed 13 --strains 4  --dense 0 --n 100 --intense -1 --identicalf 0.002 --CMDprogress_7_119
python run.py --epoches 150000 --modelLoad AA --weightModel identical --randomGraph RGG              --seed 10 --strains 4  --dense 0 --n 100 --intense -1 --identicalf 0.002 --CMDprogress_8_119
python run.py --epoches 150000 --modelLoad AA --weightModel identical --randomGraph WS              --seed 11 --strains 4  --dense 0 --n 100 --intense -1 --identicalf 0.005 --CMDprogress_9_119
python run.py --epoches 150000 --modelLoad AA --weightModel identical --randomGraph ER              --seed 13 --strains 4  --dense 0 --n 100 --intense -1 --identicalf 0.002 --CMDprogress_10_119
python run.py --epoches 150000 --modelLoad AA --weightModel identical --randomGraph BA              --seed 13 --strains 4  --dense 0 --n 100 --intense -1 --identicalf 0.05 --CMDprogress_11_119
python run.py --epoches 150000 --modelLoad AA --weightModel identical --randomGraph RGG              --seed 12 --strains 4  --dense 0 --n 100 --intense -1 --identicalf 0.005 --CMDprogress_12_119
python run.py --epoches 150000 --modelLoad AA --weightModel identical --randomGraph WS              --seed 11 --strains 4  --dense 0 --n 100 --intense -1 --identicalf 0.1 --CMDprogress_13_119
python run.py --epoches 150000 --modelLoad AA --weightModel identical --randomGraph RGG              --seed 12 --strains 4  --dense 0 --n 100 --intense -1 --identicalf 0.002 --CMDprogress_14_119
python run.py --epoches 150000 --modelLoad AA --weightModel identical --randomGraph BA              --seed 13 --strains 4  --dense 0 --n 100 --intense -1 --identicalf 0.001 --CMDprogress_15_119
python run.py --epoches 150000 --modelLoad AA --weightModel identical --randomGraph WS              --seed 13 --strains 4  --dense 0 --n 100 --intense -1 --identicalf 0.05 --CMDprogress_16_119
python run.py --epoches 150000 --modelLoad AA --weightModel identical --randomGraph ER              --seed 14 --strains 4  --dense 0 --n 100 --intense -1 --identicalf 0.05 --CMDprogress_17_119
python run.py --epoches 150000 --modelLoad AA --weightModel identical --randomGraph RGG              --seed 11 --strains 4  --dense 0 --n 100 --intense -1 --identicalf 0.002 --CMDprogress_18_119
python run.py --epoches 150000 --modelLoad AA --weightModel identical --randomGraph RGG              --seed 14 --strains 4  --dense 0 --n 100 --intense -1 --identicalf 0.02 --CMDprogress_19_119
python run.py --epoches 150000 --modelLoad AA --weightModel identical --randomGraph WS              --seed 10 --strains 4  --dense 0 --n 100 --intense -1 --identicalf 0.1 --CMDprogress_20_119
python run.py --epoches 150000 --modelLoad AA --weightModel identical --randomGraph RGG              --seed 11 --strains 4  --dense 0 --n 100 --intense -1 --identicalf 0.1 --CMDprogress_21_119
python run.py --epoches 150000 --modelLoad AA --weightModel identical --randomGraph WS              --seed 10 --strains 4  --dense 0 --n 100 --intense -1 --identicalf 0.002 --CMDprogress_22_119
python run.py --epoches 150000 --modelLoad AA --weightModel identical --randomGraph BA              --seed 14 --strains 4  --dense 0 --n 100 --intense -1 --identicalf 0.002 --CMDprogress_23_119
python run.py --epoches 150000 --modelLoad AA --weightModel identical --randomGraph RGG              --seed 13 --strains 4  --dense 0 --n 100 --intense -1 --identicalf 0.005 --CMDprogress_24_119
python run.py --epoches 150000 --modelLoad AA --weightModel identical --randomGraph RGG              --seed 11 --strains 4  --dense 0 --n 100 --intense -1 --identicalf 0.001 --CMDprogress_25_119
python run.py --epoches 150000 --modelLoad AA --weightModel identical --randomGraph BA              --seed 12 --strains 4  --dense 0 --n 100 --intense -1 --identicalf 0.001 --CMDprogress_26_119
python run.py --epoches 150000 --modelLoad AA --weightModel identical --randomGraph BA              --seed 13 --strains 4  --dense 0 --n 100 --intense -1 --identicalf 0.005 --CMDprogress_27_119
python run.py --epoches 150000 --modelLoad AA --weightModel identical --randomGraph ER              --seed 10 --strains 4  --dense 0 --n 100 --intense -1 --identicalf 0.005 --CMDprogress_28_119
python run.py --epoches 150000 --modelLoad AA --weightModel identical --randomGraph RGG              --seed 13 --strains 4  --dense 0 --n 100 --intense -1 --identicalf 0.05 --CMDprogress_29_119
python run.py --epoches 150000 --modelLoad AA --weightModel identical --randomGraph RGG              --seed 13 --strains 4  --dense 0 --n 100 --intense -1 --identicalf 0.1 --CMDprogress_30_119
python run.py --epoches 150000 --modelLoad AA --weightModel identical --randomGraph ER              --seed 12 --strains 4  --dense 0 --n 100 --intense -1 --identicalf 0.001 --CMDprogress_31_119
python run.py --epoches 150000 --modelLoad AA --weightModel identical --randomGraph WS              --seed 14 --strains 4  --dense 0 --n 100 --intense -1 --identicalf 0.005 --CMDprogress_32_119
python run.py --epoches 150000 --modelLoad AA --weightModel identical --randomGraph RGG              --seed 12 --strains 4  --dense 0 --n 100 --intense -1 --identicalf 0.02 --CMDprogress_33_119
python run.py --epoches 150000 --modelLoad AA --weightModel identical --randomGraph RGG              --seed 14 --strains 4  --dense 0 --n 100 --intense -1 --identicalf 0.1 --CMDprogress_34_119
python run.py --epoches 150000 --modelLoad AA --weightModel identical --randomGraph ER              --seed 13 --strains 4  --dense 0 --n 100 --intense -1 --identicalf 0.02 --CMDprogress_35_119
python run.py --epoches 150000 --modelLoad AA --weightModel identical --randomGraph RGG              --seed 11 --strains 4  --dense 0 --n 100 --intense -1 --identicalf 0.02 --CMDprogress_36_119
python run.py --epoches 150000 --modelLoad AA --weightModel identical --randomGraph WS              --seed 10 --strains 4  --dense 0 --n 100 --intense -1 --identicalf 0.005 --CMDprogress_37_119
python run.py --epoches 150000 --modelLoad AA --weightModel identical --randomGraph WS              --seed 14 --strains 4  --dense 0 --n 100 --intense -1 --identicalf 0.02 --CMDprogress_38_119
python run.py --epoches 150000 --modelLoad AA --weightModel identical --randomGraph ER              --seed 10 --strains 4  --dense 0 --n 100 --intense -1 --identicalf 0.002 --CMDprogress_39_119
python run.py --epoches 150000 --modelLoad AA --weightModel identical --randomGraph ER              --seed 11 --strains 4  --dense 0 --n 100 --intense -1 --identicalf 0.1 --CMDprogress_40_119
python run.py --epoches 150000 --modelLoad AA --weightModel identical --randomGraph WS              --seed 13 --strains 4  --dense 0 --n 100 --intense -1 --identicalf 0.002 --CMDprogress_41_119
python run.py --epoches 150000 --modelLoad AA --weightModel identical --randomGraph RGG              --seed 12 --strains 4  --dense 0 --n 100 --intense -1 --identicalf 0.05 --CMDprogress_42_119
python run.py --epoches 150000 --modelLoad AA --weightModel identical --randomGraph BA              --seed 10 --strains 4  --dense 0 --n 100 --intense -1 --identicalf 0.005 --CMDprogress_43_119
python run.py --epoches 150000 --modelLoad AA --weightModel identical --randomGraph ER              --seed 10 --strains 4  --dense 0 --n 100 --intense -1 --identicalf 0.1 --CMDprogress_44_119
python run.py --epoches 150000 --modelLoad AA --weightModel identical --randomGraph ER              --seed 14 --strains 4  --dense 0 --n 100 --intense -1 --identicalf 0.005 --CMDprogress_45_119
python run.py --epoches 150000 --modelLoad AA --weightModel identical --randomGraph RGG              --seed 13 --strains 4  --dense 0 --n 100 --intense -1 --identicalf 0.001 --CMDprogress_46_119
python run.py --epoches 150000 --modelLoad AA --weightModel identical --randomGraph ER              --seed 10 --strains 4  --dense 0 --n 100 --intense -1 --identicalf 0.02 --CMDprogress_47_119
python run.py --epoches 150000 --modelLoad AA --weightModel identical --randomGraph BA              --seed 14 --strains 4  --dense 0 --n 100 --intense -1 --identicalf 0.1 --CMDprogress_48_119
python run.py --epoches 150000 --modelLoad AA --weightModel identical --randomGraph WS              --seed 12 --strains 4  --dense 0 --n 100 --intense -1 --identicalf 0.1 --CMDprogress_49_119
python run.py --epoches 150000 --modelLoad AA --weightModel identical --randomGraph ER              --seed 14 --strains 4  --dense 0 --n 100 --intense -1 --identicalf 0.02 --CMDprogress_50_119
python run.py --epoches 150000 --modelLoad AA --weightModel identical --randomGraph BA              --seed 14 --strains 4  --dense 0 --n 100 --intense -1 --identicalf 0.005 --CMDprogress_51_119
python run.py --epoches 150000 --modelLoad AA --weightModel identical --randomGraph RGG              --seed 14 --strains 4  --dense 0 --n 100 --intense -1 --identicalf 0.05 --CMDprogress_52_119
python run.py --epoches 150000 --modelLoad AA --weightModel identical --randomGraph BA              --seed 12 --strains 4  --dense 0 --n 100 --intense -1 --identicalf 0.002 --CMDprogress_53_119
python run.py --epoches 150000 --modelLoad AA --weightModel identical --randomGraph WS              --seed 13 --strains 4  --dense 0 --n 100 --intense -1 --identicalf 0.02 --CMDprogress_54_119
python run.py --epoches 150000 --modelLoad AA --weightModel identical --randomGraph BA              --seed 13 --strains 4  --dense 0 --n 100 --intense -1 --identicalf 0.002 --CMDprogress_55_119
python run.py --epoches 150000 --modelLoad AA --weightModel identical --randomGraph WS              --seed 12 --strains 4  --dense 0 --n 100 --intense -1 --identicalf 0.005 --CMDprogress_56_119
python run.py --epoches 150000 --modelLoad AA --weightModel identical --randomGraph ER              --seed 11 --strains 4  --dense 0 --n 100 --intense -1 --identicalf 0.001 --CMDprogress_57_119
python run.py --epoches 150000 --modelLoad AA --weightModel identical --randomGraph WS              --seed 11 --strains 4  --dense 0 --n 100 --intense -1 --identicalf 0.002 --CMDprogress_58_119
python run.py --epoches 150000 --modelLoad AA --weightModel identical --randomGraph ER              --seed 14 --strains 4  --dense 0 --n 100 --intense -1 --identicalf 0.1 --CMDprogress_59_119
python run.py --epoches 150000 --modelLoad AA --weightModel identical --randomGraph BA              --seed 11 --strains 4  --dense 0 --n 100 --intense -1 --identicalf 0.02 --CMDprogress_60_119
python run.py --epoches 150000 --modelLoad AA --weightModel identical --randomGraph ER              --seed 11 --strains 4  --dense 0 --n 100 --intense -1 --identicalf 0.005 --CMDprogress_61_119
python run.py --epoches 150000 --modelLoad AA --weightModel identical --randomGraph ER              --seed 13 --strains 4  --dense 0 --n 100 --intense -1 --identicalf 0.1 --CMDprogress_62_119
python run.py --epoches 150000 --modelLoad AA --weightModel identical --randomGraph ER              --seed 13 --strains 4  --dense 0 --n 100 --intense -1 --identicalf 0.05 --CMDprogress_63_119
python run.py --epoches 150000 --modelLoad AA --weightModel identical --randomGraph BA              --seed 10 --strains 4  --dense 0 --n 100 --intense -1 --identicalf 0.05 --CMDprogress_64_119
python run.py --epoches 150000 --modelLoad AA --weightModel identical --randomGraph BA              --seed 11 --strains 4  --dense 0 --n 100 --intense -1 --identicalf 0.005 --CMDprogress_65_119
python run.py --epoches 150000 --modelLoad AA --weightModel identical --randomGraph ER              --seed 12 --strains 4  --dense 0 --n 100 --intense -1 --identicalf 0.005 --CMDprogress_66_119
python run.py --epoches 150000 --modelLoad AA --weightModel identical --randomGraph BA              --seed 11 --strains 4  --dense 0 --n 100 --intense -1 --identicalf 0.1 --CMDprogress_67_119
python run.py --epoches 150000 --modelLoad AA --weightModel identical --randomGraph ER              --seed 12 --strains 4  --dense 0 --n 100 --intense -1 --identicalf 0.002 --CMDprogress_68_119
python run.py --epoches 150000 --modelLoad AA --weightModel identical --randomGraph ER              --seed 14 --strains 4  --dense 0 --n 100 --intense -1 --identicalf 0.001 --CMDprogress_69_119
python run.py --epoches 150000 --modelLoad AA --weightModel identical --randomGraph WS              --seed 13 --strains 4  --dense 0 --n 100 --intense -1 --identicalf 0.1 --CMDprogress_70_119
python run.py --epoches 150000 --modelLoad AA --weightModel identical --randomGraph WS              --seed 14 --strains 4  --dense 0 --n 100 --intense -1 --identicalf 0.001 --CMDprogress_71_119
python run.py --epoches 150000 --modelLoad AA --weightModel identical --randomGraph BA              --seed 10 --strains 4  --dense 0 --n 100 --intense -1 --identicalf 0.002 --CMDprogress_72_119
python run.py --epoches 150000 --modelLoad AA --weightModel identical --randomGraph WS              --seed 13 --strains 4  --dense 0 --n 100 --intense -1 --identicalf 0.001 --CMDprogress_73_119
python run.py --epoches 150000 --modelLoad AA --weightModel identical --randomGraph ER              --seed 12 --strains 4  --dense 0 --n 100 --intense -1 --identicalf 0.1 --CMDprogress_74_119
python run.py --epoches 150000 --modelLoad AA --weightModel identical --randomGraph ER              --seed 11 --strains 4  --dense 0 --n 100 --intense -1 --identicalf 0.05 --CMDprogress_75_119
python run.py --epoches 150000 --modelLoad AA --weightModel identical --randomGraph WS              --seed 14 --strains 4  --dense 0 --n 100 --intense -1 --identicalf 0.002 --CMDprogress_76_119
python run.py --epoches 150000 --modelLoad AA --weightModel identical --randomGraph WS              --seed 12 --strains 4  --dense 0 --n 100 --intense -1 --identicalf 0.02 --CMDprogress_77_119
python run.py --epoches 150000 --modelLoad AA --weightModel identical --randomGraph RGG              --seed 12 --strains 4  --dense 0 --n 100 --intense -1 --identicalf 0.001 --CMDprogress_78_119
python run.py --epoches 150000 --modelLoad AA --weightModel identical --randomGraph ER              --seed 10 --strains 4  --dense 0 --n 100 --intense -1 --identicalf 0.001 --CMDprogress_79_119
python run.py --epoches 150000 --modelLoad AA --weightModel identical --randomGraph WS              --seed 10 --strains 4  --dense 0 --n 100 --intense -1 --identicalf 0.05 --CMDprogress_80_119
python run.py --epoches 150000 --modelLoad AA --weightModel identical --randomGraph ER              --seed 11 --strains 4  --dense 0 --n 100 --intense -1 --identicalf 0.002 --CMDprogress_81_119
python run.py --epoches 150000 --modelLoad AA --weightModel identical --randomGraph ER              --seed 13 --strains 4  --dense 0 --n 100 --intense -1 --identicalf 0.001 --CMDprogress_82_119
python run.py --epoches 150000 --modelLoad AA --weightModel identical --randomGraph WS              --seed 10 --strains 4  --dense 0 --n 100 --intense -1 --identicalf 0.02 --CMDprogress_83_119
python run.py --epoches 150000 --modelLoad AA --weightModel identical --randomGraph RGG              --seed 11 --strains 4  --dense 0 --n 100 --intense -1 --identicalf 0.005 --CMDprogress_84_119
python run.py --epoches 150000 --modelLoad AA --weightModel identical --randomGraph WS              --seed 11 --strains 4  --dense 0 --n 100 --intense -1 --identicalf 0.05 --CMDprogress_85_119
python run.py --epoches 150000 --modelLoad AA --weightModel identical --randomGraph BA              --seed 14 --strains 4  --dense 0 --n 100 --intense -1 --identicalf 0.05 --CMDprogress_86_119
python run.py --epoches 150000 --modelLoad AA --weightModel identical --randomGraph WS              --seed 10 --strains 4  --dense 0 --n 100 --intense -1 --identicalf 0.001 --CMDprogress_87_119
python run.py --epoches 150000 --modelLoad AA --weightModel identical --randomGraph ER              --seed 11 --strains 4  --dense 0 --n 100 --intense -1 --identicalf 0.02 --CMDprogress_88_119
python run.py --epoches 150000 --modelLoad AA --weightModel identical --randomGraph WS              --seed 14 --strains 4  --dense 0 --n 100 --intense -1 --identicalf 0.05 --CMDprogress_89_119
python run.py --epoches 150000 --modelLoad AA --weightModel identical --randomGraph WS              --seed 11 --strains 4  --dense 0 --n 100 --intense -1 --identicalf 0.001 --CMDprogress_90_119
python run.py --epoches 150000 --modelLoad AA --weightModel identical --randomGraph BA              --seed 12 --strains 4  --dense 0 --n 100 --intense -1 --identicalf 0.02 --CMDprogress_91_119
python run.py --epoches 150000 --modelLoad AA --weightModel identical --randomGraph WS              --seed 13 --strains 4  --dense 0 --n 100 --intense -1 --identicalf 0.005 --CMDprogress_92_119
python run.py --epoches 150000 --modelLoad AA --weightModel identical --randomGraph BA              --seed 10 --strains 4  --dense 0 --n 100 --intense -1 --identicalf 0.1 --CMDprogress_93_119
python run.py --epoches 150000 --modelLoad AA --weightModel identical --randomGraph BA              --seed 11 --strains 4  --dense 0 --n 100 --intense -1 --identicalf 0.002 --CMDprogress_94_119
python run.py --epoches 150000 --modelLoad AA --weightModel identical --randomGraph RGG              --seed 10 --strains 4  --dense 0 --n 100 --intense -1 --identicalf 0.005 --CMDprogress_95_119
python run.py --epoches 150000 --modelLoad AA --weightModel identical --randomGraph RGG              --seed 10 --strains 4  --dense 0 --n 100 --intense -1 --identicalf 0.1 --CMDprogress_96_119
python run.py --epoches 150000 --modelLoad AA --weightModel identical --randomGraph RGG              --seed 10 --strains 4  --dense 0 --n 100 --intense -1 --identicalf 0.05 --CMDprogress_97_119
python run.py --epoches 150000 --modelLoad AA --weightModel identical --randomGraph BA              --seed 13 --strains 4  --dense 0 --n 100 --intense -1 --identicalf 0.02 --CMDprogress_98_119
python run.py --epoches 150000 --modelLoad AA --weightModel identical --randomGraph WS              --seed 12 --strains 4  --dense 0 --n 100 --intense -1 --identicalf 0.001 --CMDprogress_99_119
python run.py --epoches 150000 --modelLoad AA --weightModel identical --randomGraph WS              --seed 14 --strains 4  --dense 0 --n 100 --intense -1 --identicalf 0.1 --CMDprogress_100_119
python run.py --epoches 150000 --modelLoad AA --weightModel identical --randomGraph ER              --seed 12 --strains 4  --dense 0 --n 100 --intense -1 --identicalf 0.05 --CMDprogress_101_119
python run.py --epoches 150000 --modelLoad AA --weightModel identical --randomGraph RGG              --seed 14 --strains 4  --dense 0 --n 100 --intense -1 --identicalf 0.005 --CMDprogress_102_119
python run.py --epoches 150000 --modelLoad AA --weightModel identical --randomGraph BA              --seed 12 --strains 4  --dense 0 --n 100 --intense -1 --identicalf 0.005 --CMDprogress_103_119
python run.py --epoches 150000 --modelLoad AA --weightModel identical --randomGraph RGG              --seed 13 --strains 4  --dense 0 --n 100 --intense -1 --identicalf 0.02 --CMDprogress_104_119
python run.py --epoches 150000 --modelLoad AA --weightModel identical --randomGraph BA              --seed 10 --strains 4  --dense 0 --n 100 --intense -1 --identicalf 0.001 --CMDprogress_105_119
python run.py --epoches 150000 --modelLoad AA --weightModel identical --randomGraph WS              --seed 11 --strains 4  --dense 0 --n 100 --intense -1 --identicalf 0.02 --CMDprogress_106_119
python run.py --epoches 150000 --modelLoad AA --weightModel identical --randomGraph BA              --seed 10 --strains 4  --dense 0 --n 100 --intense -1 --identicalf 0.02 --CMDprogress_107_119
python run.py --epoches 150000 --modelLoad AA --weightModel identical --randomGraph RGG              --seed 14 --strains 4  --dense 0 --n 100 --intense -1 --identicalf 0.002 --CMDprogress_108_119
python run.py --epoches 150000 --modelLoad AA --weightModel identical --randomGraph RGG              --seed 14 --strains 4  --dense 0 --n 100 --intense -1 --identicalf 0.001 --CMDprogress_109_119
python run.py --epoches 150000 --modelLoad AA --weightModel identical --randomGraph ER              --seed 12 --strains 4  --dense 0 --n 100 --intense -1 --identicalf 0.02 --CMDprogress_110_119
python run.py --epoches 150000 --modelLoad AA --weightModel identical --randomGraph WS              --seed 12 --strains 4  --dense 0 --n 100 --intense -1 --identicalf 0.002 --CMDprogress_111_119
python run.py --epoches 150000 --modelLoad AA --weightModel identical --randomGraph WS              --seed 12 --strains 4  --dense 0 --n 100 --intense -1 --identicalf 0.05 --CMDprogress_112_119
python run.py --epoches 150000 --modelLoad AA --weightModel identical --randomGraph ER              --seed 14 --strains 4  --dense 0 --n 100 --intense -1 --identicalf 0.002 --CMDprogress_113_119
python run.py --epoches 150000 --modelLoad AA --weightModel identical --randomGraph ER              --seed 10 --strains 4  --dense 0 --n 100 --intense -1 --identicalf 0.05 --CMDprogress_114_119
python run.py --epoches 150000 --modelLoad AA --weightModel identical --randomGraph RGG              --seed 10 --strains 4  --dense 0 --n 100 --intense -1 --identicalf 0.02 --CMDprogress_115_119
python run.py --epoches 150000 --modelLoad AA --weightModel identical --randomGraph RGG              --seed 10 --strains 4  --dense 0 --n 100 --intense -1 --identicalf 0.001 --CMDprogress_116_119
python run.py --epoches 150000 --modelLoad AA --weightModel identical --randomGraph RGG              --seed 11 --strains 4  --dense 0 --n 100 --intense -1 --identicalf 0.05 --CMDprogress_117_119
python run.py --epoches 150000 --modelLoad AA --weightModel identical --randomGraph ER              --seed 13 --strains 4  --dense 0 --n 100 --intense -1 --identicalf 0.005 --CMDprogress_118_119
python run.py --epoches 150000 --modelLoad AA --weightModel identical --randomGraph BA              --seed 11 --strains 4  --dense 0 --n 100 --intense -1 --identicalf 0.001 --CMDprogress_119_119
