Tue Nov 28 06:20:55 IST 2023

SLURM_JOBID:		 992460
SLURM_JOB_NODELIST:	 dt-gpu-03 


python run.py --epoches 100000 --modelLoad infer2018 --weightModel identical --randomGraph BA --seed 12 --strains 1 --CMDprogress_16_119
python run.py --epoches 100000 --modelLoad BB --weightModel identical --randomGraph BA --seed 11 --strains 1 --CMDprogress_17_119
python run.py --epoches 100000 --modelLoad infer2018 --weightModel identical --randomGraph WS --seed 10 --strains 1 --CMDprogress_18_119
python run.py --epoches 100000 --modelLoad infer2018 --weightModel identical --randomGraph BA --seed 14 --strains 1 --CMDprogress_19_119
python run.py --epoches 100000 --modelLoad AB --weightModel identical --randomGraph WS --seed 13 --strains 2 --CMDprogress_20_119
python run.py --epoches 100000 --modelLoad AB --weightModel identical --randomGraph ER --seed 13 --strains 2 --CMDprogress_21_119
python run.py --epoches 100000 --modelLoad AB --weightModel identical --randomGraph GEO --seed 12 --strains 1 --CMDprogress_22_119
python run.py --epoches 100000 --modelLoad infer2018 --weightModel identical --randomGraph GEO --seed 13 --strains 1 --CMDprogress_23_119
python run.py --epoches 100000 --modelLoad AB --weightModel identical --randomGraph BA --seed 10 --strains 1 --CMDprogress_24_119
python run.py --epoches 100000 --modelLoad infer2018 --weightModel identical --randomGraph WS --seed 13 --strains 2 --CMDprogress_25_119
python run.py --epoches 100000 --modelLoad AB --weightModel identical --randomGraph GEO --seed 14 --strains 1 --CMDprogress_26_119
python run.py --epoches 100000 --modelLoad infer2018 --weightModel identical --randomGraph BA --seed 13 --strains 1 --CMDprogress_27_119
python run.py --epoches 100000 --modelLoad infer2018 --weightModel identical --randomGraph WS --seed 11 --strains 1 --CMDprogress_28_119
python run.py --epoches 100000 --modelLoad AB --weightModel identical --randomGraph WS --seed 12 --strains 1 --CMDprogress_29_119
python run.py --epoches 100000 --modelLoad AB --weightModel identical --randomGraph ER --seed 12 --strains 2 --CMDprogress_30_119
python run.py --epoches 100000 --modelLoad AB --weightModel identical --randomGraph WS --seed 11 --strains 1 --CMDprogress_31_119
python run.py --epoches 100000 --modelLoad BB --weightModel identical --randomGraph WS --seed 11 --strains 1 --CMDprogress_32_119
python run.py --epoches 100000 --modelLoad BB --weightModel identical --randomGraph ER --seed 13 --strains 1 --CMDprogress_33_119
python run.py --epoches 100000 --modelLoad BB --weightModel identical --randomGraph GEO --seed 10 --strains 2 --CMDprogress_34_119
python run.py --epoches 100000 --modelLoad infer2018 --weightModel identical --randomGraph ER --seed 10 --strains 2 --CMDprogress_35_119
python run.py --epoches 100000 --modelLoad BB --weightModel identical --randomGraph GEO --seed 13 --strains 2 --CMDprogress_36_119
python run.py --epoches 100000 --modelLoad BB --weightModel identical --randomGraph WS --seed 11 --strains 2 --CMDprogress_37_119
python run.py --epoches 100000 --modelLoad AB --weightModel identical --randomGraph GEO --seed 13 --strains 1 --CMDprogress_38_119
python run.py --epoches 100000 --modelLoad infer2018 --weightModel identical --randomGraph ER --seed 11 --strains 1 --CMDprogress_39_119
python run.py --epoches 100000 --modelLoad BB --weightModel identical --randomGraph GEO --seed 10 --strains 1 --CMDprogress_40_119
python run.py --epoches 100000 --modelLoad AB --weightModel identical --randomGraph GEO --seed 13 --strains 2 --CMDprogress_41_119
python run.py --epoches 100000 --modelLoad infer2018 --weightModel identical --randomGraph GEO --seed 13 --strains 2 --CMDprogress_42_119
python run.py --epoches 100000 --modelLoad AB --weightModel identical --randomGraph WS --seed 11 --strains 2 --CMDprogress_43_119
python run.py --epoches 100000 --modelLoad AB --weightModel identical --randomGraph ER --seed 10 --strains 1 --CMDprogress_44_119
python run.py --epoches 100000 --modelLoad AB --weightModel identical --randomGraph BA --seed 12 --strains 1 --CMDprogress_45_119
python run.py --epoches 100000 --modelLoad AB --weightModel identical --randomGraph GEO --seed 11 --strains 1 --CMDprogress_46_119
python run.py --epoches 100000 --modelLoad infer2018 --weightModel identical --randomGraph GEO --seed 11 --strains 1 --CMDprogress_47_119
python run.py --epoches 100000 --modelLoad infer2018 --weightModel identical --randomGraph BA --seed 12 --strains 2 --CMDprogress_48_119
python run.py --epoches 100000 --modelLoad infer2018 --weightModel identical --randomGraph BA --seed 14 --strains 2 --CMDprogress_49_119
python run.py --epoches 100000 --modelLoad infer2018 --weightModel identical --randomGraph ER --seed 13 --strains 1 --CMDprogress_50_119
python run.py --epoches 100000 --modelLoad infer2018 --weightModel identical --randomGraph WS --seed 14 --strains 1 --CMDprogress_51_119
python run.py --epoches 100000 --modelLoad AB --weightModel identical --randomGraph BA --seed 13 --strains 1 --CMDprogress_52_119
python run.py --epoches 100000 --modelLoad BB --weightModel identical --randomGraph ER --seed 10 --strains 2 --CMDprogress_53_119
python run.py --epoches 100000 --modelLoad BB --weightModel identical --randomGraph GEO --seed 11 --strains 1 --CMDprogress_54_119
python run.py --epoches 100000 --modelLoad infer2018 --weightModel identical --randomGraph GEO --seed 14 --strains 2 --CMDprogress_55_119
python run.py --epoches 100000 --modelLoad BB --weightModel identical --randomGraph BA --seed 10 --strains 2 --CMDprogress_56_119
python run.py --epoches 100000 --modelLoad BB --weightModel identical --randomGraph WS --seed 12 --strains 1 --CMDprogress_57_119
python run.py --epoches 100000 --modelLoad BB --weightModel identical --randomGraph WS --seed 13 --strains 1 --CMDprogress_58_119
python run.py --epoches 100000 --modelLoad AB --weightModel identical --randomGraph WS --seed 10 --strains 1 --CMDprogress_59_119
python run.py --epoches 100000 --modelLoad infer2018 --weightModel identical --randomGraph GEO --seed 10 --strains 2 --CMDprogress_60_119
python run.py --epoches 100000 --modelLoad AB --weightModel identical --randomGraph ER --seed 14 --strains 2 --CMDprogress_61_119
python run.py --epoches 100000 --modelLoad AB --weightModel identical --randomGraph GEO --seed 14 --strains 2 --CMDprogress_62_119
python run.py --epoches 100000 --modelLoad infer2018 --weightModel identical --randomGraph WS --seed 12 --strains 2 --CMDprogress_63_119
python run.py --epoches 100000 --modelLoad infer2018 --weightModel identical --randomGraph ER --seed 11 --strains 2 --CMDprogress_64_119
python run.py --epoches 100000 --modelLoad BB --weightModel identical --randomGraph GEO --seed 14 --strains 2 --CMDprogress_65_119
python run.py --epoches 100000 --modelLoad infer2018 --weightModel identical --randomGraph WS --seed 14 --strains 2 --CMDprogress_66_119
python run.py --epoches 100000 --modelLoad AB --weightModel identical --randomGraph BA --seed 10 --strains 2 --CMDprogress_67_119
python run.py --epoches 100000 --modelLoad AB --weightModel identical --randomGraph ER --seed 14 --strains 1 --CMDprogress_68_119
python run.py --epoches 100000 --modelLoad BB --weightModel identical --randomGraph GEO --seed 12 --strains 2 --CMDprogress_69_119
python run.py --epoches 100000 --modelLoad infer2018 --weightModel identical --randomGraph ER --seed 12 --strains 2 --CMDprogress_70_119
python run.py --epoches 100000 --modelLoad BB --weightModel identical --randomGraph GEO --seed 13 --strains 1 --CMDprogress_71_119
python run.py --epoches 100000 --modelLoad BB --weightModel identical --randomGraph BA --seed 12 --strains 1 --CMDprogress_72_119
python run.py --epoches 100000 --modelLoad AB --weightModel identical --randomGraph GEO --seed 12 --strains 2 --CMDprogress_73_119
python run.py --epoches 100000 --modelLoad AB --weightModel identical --randomGraph BA --seed 12 --strains 2 --CMDprogress_74_119
python run.py --epoches 100000 --modelLoad AB --weightModel identical --randomGraph GEO --seed 10 --strains 2 --CMDprogress_75_119
python run.py --epoches 100000 --modelLoad BB --weightModel identical --randomGraph BA --seed 13 --strains 1 --CMDprogress_76_119
python run.py --epoches 100000 --modelLoad infer2018 --weightModel identical --randomGraph ER --seed 14 --strains 1 --CMDprogress_77_119
python run.py --epoches 100000 --modelLoad AB --weightModel identical --randomGraph ER --seed 12 --strains 1 --CMDprogress_78_119
python run.py --epoches 100000 --modelLoad AB --weightModel identical --randomGraph WS --seed 14 --strains 2 --CMDprogress_79_119
python run.py --epoches 100000 --modelLoad AB --weightModel identical --randomGraph GEO --seed 10 --strains 1 --CMDprogress_80_119
python run.py --epoches 100000 --modelLoad BB --weightModel identical --randomGraph ER --seed 12 --strains 1 --CMDprogress_81_119
python run.py --epoches 100000 --modelLoad BB --weightModel identical --randomGraph WS --seed 12 --strains 2 --CMDprogress_82_119
python run.py --epoches 100000 --modelLoad infer2018 --weightModel identical --randomGraph GEO --seed 12 --strains 2 --CMDprogress_83_119
python run.py --epoches 100000 --modelLoad AB --weightModel identical --randomGraph ER --seed 11 --strains 2 --CMDprogress_84_119
python run.py --epoches 100000 --modelLoad infer2018 --weightModel identical --randomGraph WS --seed 12 --strains 1 --CMDprogress_85_119
python run.py --epoches 100000 --modelLoad infer2018 --weightModel identical --randomGraph GEO --seed 14 --strains 1 --CMDprogress_86_119
python run.py --epoches 100000 --modelLoad infer2018 --weightModel identical --randomGraph BA --seed 10 --strains 2 --CMDprogress_87_119
python run.py --epoches 100000 --modelLoad BB --weightModel identical --randomGraph ER --seed 12 --strains 2 --CMDprogress_88_119
python run.py --epoches 100000 --modelLoad BB --weightModel identical --randomGraph ER --seed 11 --strains 1 --CMDprogress_89_119
python run.py --epoches 100000 --modelLoad AB --weightModel identical --randomGraph BA --seed 14 --strains 2 --CMDprogress_90_119
python run.py --epoches 100000 --modelLoad infer2018 --weightModel identical --randomGraph GEO --seed 11 --strains 2 --CMDprogress_91_119
python run.py --epoches 100000 --modelLoad AB --weightModel identical --randomGraph BA --seed 11 --strains 1 --CMDprogress_92_119
python run.py --epoches 100000 --modelLoad BB --weightModel identical --randomGraph ER --seed 14 --strains 1 --CMDprogress_93_119
python run.py --epoches 100000 --modelLoad BB --weightModel identical --randomGraph BA --seed 12 --strains 2 --CMDprogress_94_119
python run.py --epoches 100000 --modelLoad BB --weightModel identical --randomGraph GEO --seed 14 --strains 1 --CMDprogress_95_119
python run.py --epoches 100000 --modelLoad BB --weightModel identical --randomGraph BA --seed 14 --strains 2 --CMDprogress_96_119
python run.py --epoches 100000 --modelLoad BB --weightModel identical --randomGraph WS --seed 13 --strains 2 --CMDprogress_97_119
python run.py --epoches 100000 --modelLoad BB --weightModel identical --randomGraph WS --seed 10 --strains 1 --CMDprogress_98_119
python run.py --epoches 100000 --modelLoad infer2018 --weightModel identical --randomGraph ER --seed 12 --strains 1 --CMDprogress_99_119
python run.py --epoches 100000 --modelLoad infer2018 --weightModel identical --randomGraph BA --seed 11 --strains 1 --CMDprogress_100_119
python run.py --epoches 100000 --modelLoad BB --weightModel identical --randomGraph WS --seed 14 --strains 2 --CMDprogress_101_119
python run.py --epoches 100000 --modelLoad AB --weightModel identical --randomGraph BA --seed 13 --strains 2 --CMDprogress_102_119
python run.py --epoches 100000 --modelLoad BB --weightModel identical --randomGraph GEO --seed 11 --strains 2 --CMDprogress_103_119
python run.py --epoches 100000 --modelLoad BB --weightModel identical --randomGraph GEO --seed 12 --strains 1 --CMDprogress_104_119
python run.py --epoches 100000 --modelLoad BB --weightModel identical --randomGraph WS --seed 14 --strains 1 --CMDprogress_105_119
python run.py --epoches 100000 --modelLoad AB --weightModel identical --randomGraph WS --seed 14 --strains 1 --CMDprogress_106_119
python run.py --epoches 100000 --modelLoad AB --weightModel identical --randomGraph ER --seed 11 --strains 1 --CMDprogress_107_119
python run.py --epoches 100000 --modelLoad BB --weightModel identical --randomGraph ER --seed 13 --strains 2 --CMDprogress_108_119
python run.py --epoches 100000 --modelLoad BB --weightModel identical --randomGraph BA --seed 13 --strains 2 --CMDprogress_109_119
python run.py --epoches 100000 --modelLoad BB --weightModel identical --randomGraph ER --seed 11 --strains 2 --CMDprogress_110_119
python run.py --epoches 100000 --modelLoad infer2018 --weightModel identical --randomGraph GEO --seed 12 --strains 1 --CMDprogress_111_119
python run.py --epoches 100000 --modelLoad infer2018 --weightModel identical --randomGraph ER --seed 13 --strains 2 --CMDprogress_112_119
python run.py --epoches 100000 --modelLoad BB --weightModel identical --randomGraph WS --seed 10 --strains 2 --CMDprogress_113_119
python run.py --epoches 100000 --modelLoad BB --weightModel identical --randomGraph ER --seed 10 --strains 1 --CMDprogress_114_119
python run.py --epoches 100000 --modelLoad AB --weightModel identical --randomGraph ER --seed 10 --strains 2 --CMDprogress_115_119
python run.py --epoches 100000 --modelLoad infer2018 --weightModel identical --randomGraph ER --seed 10 --strains 1 --CMDprogress_116_119
python run.py --epoches 100000 --modelLoad infer2018 --weightModel identical --randomGraph GEO --seed 10 --strains 1 --CMDprogress_117_119
python run.py --epoches 100000 --modelLoad BB --weightModel identical --randomGraph BA --seed 10 --strains 1 --CMDprogress_118_119
python run.py --epoches 100000 --modelLoad AB --weightModel identical --randomGraph WS --seed 12 --strains 2 --CMDprogress_119_119
