Sun Dec 3 04:45:50 IST 2023

SLURM_JOBID:		 994407
SLURM_JOB_NODELIST:	 ise-gpu-09 


python run.py --epoches 100000 --modelLoad BA --weightModel identical --randomGraph ER --seed 12 --strains 4 --CMDprogress_0_19
python run.py --epoches 100000 --modelLoad BA --weightModel identical --randomGraph WS --seed 11 --strains 4 --CMDprogress_1_19
python run.py --epoches 100000 --modelLoad BA --weightModel identical --randomGraph WS --seed 13 --strains 4 --CMDprogress_2_19
python run.py --epoches 100000 --modelLoad BA --weightModel identical --randomGraph BA --seed 12 --strains 4 --CMDprogress_3_19
python run.py --epoches 100000 --modelLoad BA --weightModel identical --randomGraph BA --seed 13 --strains 4 --CMDprogress_4_19
python run.py --epoches 100000 --modelLoad BA --weightModel identical --randomGraph RGG --seed 14 --strains 4 --CMDprogress_5_19
python run.py --epoches 100000 --modelLoad BA --weightModel identical --randomGraph WS --seed 12 --strains 4 --CMDprogress_6_19
python run.py --epoches 100000 --modelLoad BA --weightModel identical --randomGraph WS --seed 14 --strains 4 --CMDprogress_7_19
python run.py --epoches 100000 --modelLoad BA --weightModel identical --randomGraph BA --seed 14 --strains 4 --CMDprogress_8_19
python run.py --epoches 100000 --modelLoad BA --weightModel identical --randomGraph BA --seed 10 --strains 4 --CMDprogress_9_19
python run.py --epoches 100000 --modelLoad BA --weightModel identical --randomGraph WS --seed 10 --strains 4 --CMDprogress_10_19
python run.py --epoches 100000 --modelLoad BA --weightModel identical --randomGraph BA --seed 11 --strains 4 --CMDprogress_11_19
python run.py --epoches 100000 --modelLoad BA --weightModel identical --randomGraph RGG --seed 12 --strains 4 --CMDprogress_12_19
python run.py --epoches 100000 --modelLoad BA --weightModel identical --randomGraph ER --seed 13 --strains 4 --CMDprogress_13_19
python run.py --epoches 100000 --modelLoad BA --weightModel identical --randomGraph RGG --seed 13 --strains 4 --CMDprogress_14_19
python run.py --epoches 100000 --modelLoad BA --weightModel identical --randomGraph ER --seed 10 --strains 4 --CMDprogress_15_19
python run.py --epoches 100000 --modelLoad BA --weightModel identical --randomGraph ER --seed 11 --strains 4 --CMDprogress_16_19
python run.py --epoches 100000 --modelLoad BA --weightModel identical --randomGraph RGG --seed 11 --strains 4 --CMDprogress_17_19
python run.py --epoches 100000 --modelLoad BA --weightModel identical --randomGraph ER --seed 14 --strains 4 --CMDprogress_18_19
python run.py --epoches 100000 --modelLoad BA --weightModel identical --randomGraph RGG --seed 10 --strains 4 --CMDprogress_19_19
