INFO:root:


.........................initialize..........................
INFO:root:FileName: AsA/AsA_WS_identical_14_4_-1_0_100_10.0_150000
INFO:root:Strains: 4
INFO:root:Using WS random graph model
INFO:root:Num of links: 400
INFO:root:Reverse ZERO: tensor(4.7218e-07, device='cuda:0')
INFO:root:Num links weight bigger than 0.1: tensor(0, device='cuda:0')
INFO:root:Num links weight bigger than 0.05: tensor(0, device='cuda:0')
INFO:root:Num links weight bigger than 0.01: tensor(395, device='cuda:0')
INFO:root:.............................................................
INFO:root:0.01841776012893646
INFO:root:[7.514605069354891, 7.438299243333438, 7.597906941977627, 7.479951931315386]
INFO:root:[8.53518482880149, 8.130123256125003, 7.931690083516979, 8.696150331032088]
INFO:root:tensor([7.7109, 7.5964, 7.7604, 7.7527], device='cuda:0',
       grad_fn=<SelectBackward0>)
INFO:root:tensor([8.8199, 8.4139, 8.2287, 9.1280], device='cuda:0',
       grad_fn=<SelectBackward0>)
INFO:root:spectral_similarity: tensor(0.5904)
INFO:root:pearson_correlation: tensor(0.4560)
INFO:root:jaccard_similarity: tensor(0.2131)
INFO:root:ROC_AUC: 0.7825797313797314
INFO:root:PR_AUC: 0.41111391344891246
INFO:root:tensor([1.1030e-06, 1.0140e-06, 9.2449e-07, 8.9101e-07], device='cuda:0',
       grad_fn=<VarBackward0>)
INFO:root:tensor([0.0002, 0.0002, 0.0002, 0.0002], device='cuda:0',
       grad_fn=<VarBackward0>)
INFO:root:tensor([[0.0000e+00, 1.0867e-03, 2.0905e-03, 2.4435e-03, 4.6678e-04, 6.7102e-07,
         1.0811e-04],
        [2.1896e-04, 0.0000e+00, 1.2319e-03, 1.5240e-03, 5.2328e-04, 1.8636e-03,
         3.3531e-04],
        [1.8612e-04, 7.5475e-04, 0.0000e+00, 1.6053e-03, 5.7820e-04, 1.8437e-03,
         3.6966e-04],
        [1.6366e-04, 6.7522e-04, 1.1707e-03, 0.0000e+00, 5.4472e-04, 2.2967e-03,
         3.5418e-04],
        [2.0856e-04, 6.8158e-04, 1.1824e-03, 1.2886e-03, 0.0000e+00, 3.1302e-03,
         7.4494e-04],
        [1.0716e-04, 9.0750e-06, 1.9342e-05, 2.4796e-05, 4.4445e-05, 0.0000e+00,
         6.3758e-05],
        [3.7133e-04, 7.9072e-04, 1.3435e-03, 1.4185e-03, 7.0835e-04, 3.3786e-03,
         0.0000e+00]], device='cuda:0', grad_fn=<SliceBackward0>)
INFO:root:tensor([[0.0000, 0.0100, 0.0100, 0.0100, 0.0100, 0.0000, 0.0000],
        [0.0100, 0.0000, 0.0100, 0.0100, 0.0100, 0.0100, 0.0000],
        [0.0100, 0.0100, 0.0000, 0.0100, 0.0100, 0.0100, 0.0100],
        [0.0100, 0.0100, 0.0100, 0.0000, 0.0100, 0.0100, 0.0100],
        [0.0100, 0.0100, 0.0100, 0.0100, 0.0000, 0.0100, 0.0100],
        [0.0000, 0.0100, 0.0100, 0.0100, 0.0100, 0.0000, 0.0100],
        [0.0000, 0.0000, 0.0100, 0.0100, 0.0100, 0.0100, 0.0000]],
       device='cuda:0')
INFO:root:


.........................initialize..........................
INFO:root:FileName: AsA/AsA_ER_identical_14_4_-1_0_100_10.0_150000
INFO:root:Strains: 4
INFO:root:Using ER random graph model
INFO:root:Num of links: 400
INFO:root:Reverse ZERO: tensor(4.7963e-07, device='cuda:0')
INFO:root:Num links weight bigger than 0.1: tensor(0, device='cuda:0')
INFO:root:Num links weight bigger than 0.05: tensor(0, device='cuda:0')
INFO:root:Num links weight bigger than 0.01: tensor(401, device='cuda:0')
INFO:root:.............................................................
INFO:root:0.014345913573547645
INFO:root:[7.407557853555521, 7.509188318586277, 7.417974588072934, 7.5900118392956255]
INFO:root:[8.746162266570833, 8.307495425818074, 8.767877830676005, 8.23726382928241]
INFO:root:tensor([7.3155, 7.5061, 7.4116, 7.6400], device='cuda:0',
       grad_fn=<SelectBackward0>)
INFO:root:tensor([8.6909, 8.4419, 8.9092, 8.2550], device='cuda:0',
       grad_fn=<SelectBackward0>)
INFO:root:spectral_similarity: tensor(0.3046)
INFO:root:pearson_correlation: tensor(0.1652)
INFO:root:jaccard_similarity: tensor(0.0821)
INFO:root:ROC_AUC: 0.5955518925518926
INFO:root:PR_AUC: 0.1533765849736339
INFO:root:tensor([9.4075e-07, 6.3056e-07, 5.9713e-07, 1.5676e-06], device='cuda:0',
       grad_fn=<VarBackward0>)
INFO:root:tensor([0.0001, 0.0001, 0.0001, 0.0001], device='cuda:0',
       grad_fn=<VarBackward0>)
INFO:root:tensor([[0.0000e+00, 1.5208e-03, 9.0873e-05, 3.2088e-04, 6.4943e-04, 1.5553e-03,
         2.4200e-04],
        [3.5141e-04, 0.0000e+00, 4.7494e-04, 4.0958e-03, 3.4536e-04, 4.9418e-04,
         6.3988e-03],
        [4.0703e-04, 2.7403e-03, 0.0000e+00, 1.6044e-03, 6.7172e-04, 2.9907e-03,
         7.2023e-04],
        [2.6046e-04, 4.4327e-04, 4.4507e-04, 0.0000e+00, 6.0246e-04, 2.1967e-03,
         8.7020e-04],
        [7.1815e-04, 3.6410e-03, 2.2698e-05, 1.2939e-04, 0.0000e+00, 1.2068e-04,
         4.7592e-04],
        [1.4093e-04, 1.8564e-03, 4.0482e-04, 3.1898e-04, 1.0895e-03, 0.0000e+00,
         2.7113e-04],
        [5.8065e-04, 1.0193e-04, 5.4461e-05, 6.3289e-05, 1.9456e-03, 1.3241e-03,
         0.0000e+00]], device='cuda:0', grad_fn=<SliceBackward0>)
INFO:root:


.........................initialize..........................
INFO:root:FileName: AsA/AsA_ER_identical_10_4_-1_0_100_10.0_150000
INFO:root:Strains: 4
INFO:root:Using ER random graph model
INFO:root:Num of links: 400
INFO:root:tensor([[0.0000, 0.0000, 0.0100, 0.0100, 0.0000, 0.0000, 0.0000],
        [0.0000, 0.0000, 0.0000, 0.0000, 0.0100, 0.0000, 0.0000],
        [0.0100, 0.0000, 0.0000, 0.0000, 0.0000, 0.0000, 0.0000],
        [0.0100, 0.0000, 0.0000, 0.0000, 0.0100, 0.0000, 0.0000],
        [0.0000, 0.0100, 0.0000, 0.0100, 0.0000, 0.0000, 0.0000],
        [0.0000, 0.0000, 0.0000, 0.0000, 0.0000, 0.0000, 0.0000],
        [0.0000, 0.0000, 0.0000, 0.0000, 0.0000, 0.0000, 0.0000]],
       device='cuda:0')
INFO:root:Reverse ZERO: tensor(4.2468e-07, device='cuda:0')
INFO:root:Num links weight bigger than 0.1: tensor(0, device='cuda:0')
INFO:root:Num links weight bigger than 0.05: tensor(0, device='cuda:0')
INFO:root:Num links weight bigger than 0.01: tensor(373, device='cuda:0')
INFO:root:.............................................................
INFO:root:0.02123531706344623
INFO:root:[7.417075600469526, 7.514312287002079, 7.518302665077282, 7.43693188732892]
INFO:root:[8.57981804310741, 8.15031962076312, 8.40021106176579, 8.62074888124137]
INFO:root:tensor([7.3957, 7.5387, 7.5219, 7.4065], device='cuda:0',
       grad_fn=<SelectBackward0>)
INFO:root:tensor([8.4510, 7.9958, 8.3588, 8.5306], device='cuda:0',
       grad_fn=<SelectBackward0>)
INFO:root:spectral_similarity: tensor(0.3711)
INFO:root:pearson_correlation: tensor(0.2249)
INFO:root:jaccard_similarity: tensor(0.0900)
INFO:root:ROC_AUC: 0.633247496947497
INFO:root:PR_AUC: 0.17997088066896338
INFO:root:tensor([1.4982e-06, 1.4186e-06, 1.4885e-06, 2.0827e-06], device='cuda:0',
       grad_fn=<VarBackward0>)
INFO:root:tensor([0.0002, 0.0002, 0.0002, 0.0002], device='cuda:0',
       grad_fn=<VarBackward0>)
INFO:root:tensor([[0.0000e+00, 1.7972e-04, 3.4546e-04, 5.3843e-04, 3.1625e-04, 6.4569e-04,
         4.2750e-03],
        [9.2683e-04, 0.0000e+00, 1.0578e-03, 2.2778e-05, 1.6810e-04, 1.1282e-04,
         2.1070e-04],
        [7.7826e-04, 2.5730e-04, 0.0000e+00, 1.3164e-05, 3.3789e-04, 1.5817e-04,
         3.2816e-03],
        [1.7551e-03, 7.3567e-05, 1.4037e-04, 0.0000e+00, 9.1733e-05, 7.9093e-04,
         1.4992e-03],
        [1.0177e-04, 7.1569e-04, 8.2521e-04, 1.9024e-03, 0.0000e+00, 5.8809e-04,
         1.8584e-05],
        [8.0841e-04, 8.6703e-04, 8.5567e-04, 9.4244e-06, 2.8416e-04, 0.0000e+00,
         1.0783e-04],
        [4.4866e-04, 1.3316e-04, 2.7161e-04, 2.0159e-04, 5.5763e-04, 1.9161e-04,
         0.0000e+00]], device='cuda:0', grad_fn=<SliceBackward0>)
INFO:root:tensor([[0.0000, 0.0000, 0.0000, 0.0000, 0.0000, 0.0000, 0.0100],
        [0.0000, 0.0000, 0.0000, 0.0000, 0.0000, 0.0000, 0.0000],
        [0.0000, 0.0000, 0.0000, 0.0000, 0.0000, 0.0000, 0.0000],
        [0.0000, 0.0000, 0.0000, 0.0000, 0.0000, 0.0000, 0.0000],
        [0.0000, 0.0000, 0.0000, 0.0000, 0.0000, 0.0100, 0.0000],
        [0.0000, 0.0000, 0.0000, 0.0000, 0.0100, 0.0000, 0.0000],
        [0.0100, 0.0000, 0.0000, 0.0000, 0.0000, 0.0000, 0.0000]],
       device='cuda:0')
INFO:root:


.........................initialize..........................
INFO:root:FileName: AsA/AsA_WS_identical_13_4_-1_0_100_10.0_150000
INFO:root:Strains: 4
INFO:root:Using WS random graph model
INFO:root:Num of links: 400
INFO:root:Reverse ZERO: tensor(4.6380e-07, device='cuda:0')
INFO:root:Num links weight bigger than 0.1: tensor(0, device='cuda:0')
INFO:root:Num links weight bigger than 0.05: tensor(0, device='cuda:0')
INFO:root:Num links weight bigger than 0.01: tensor(429, device='cuda:0')
INFO:root:.............................................................
INFO:root:0.01707726698969641
INFO:root:[7.554091661369786, 7.51201910268608, 7.58228068919001, 7.579621489346822]
INFO:root:[7.820350431798077, 8.75876915169985, 8.405623703732843, 8.505261473371243]
INFO:root:tensor([7.7106, 7.8186, 7.7977, 7.8475], device='cuda:0',
       grad_fn=<SelectBackward0>)
INFO:root:tensor([8.1943, 9.7001, 8.8910, 9.0239], device='cuda:0',
       grad_fn=<SelectBackward0>)
INFO:root:spectral_similarity: tensor(0.4021)
INFO:root:pearson_correlation: tensor(0.3181)
INFO:root:jaccard_similarity: tensor(0.1522)
INFO:root:ROC_AUC: 0.735150061050061
INFO:root:PR_AUC: 0.2773478918321536
INFO:root:tensor([1.2405e-06, 1.0488e-06, 1.1298e-06, 1.0744e-06], device='cuda:0',
       grad_fn=<VarBackward0>)
INFO:root:tensor([0.0001, 0.0003, 0.0002, 0.0002], device='cuda:0',
       grad_fn=<VarBackward0>)
INFO:root:tensor([[0.0000e+00, 2.5446e-05, 1.5967e-03, 1.5210e-03, 3.0265e-03, 2.6649e-05,
         1.0130e-03],
        [2.4325e-03, 0.0000e+00, 4.4753e-05, 2.3628e-04, 3.4120e-04, 3.0982e-03,
         1.2534e-03],
        [1.9198e-03, 2.3985e-04, 0.0000e+00, 1.4854e-03, 2.0150e-03, 2.8526e-03,
         6.2908e-04],
        [3.0122e-04, 8.2792e-04, 1.3955e-03, 0.0000e+00, 9.5955e-04, 4.3090e-04,
         4.1205e-04],
        [3.7534e-04, 8.4369e-04, 1.6415e-03, 4.3773e-04, 0.0000e+00, 5.5069e-04,
         3.2077e-04],
        [1.2215e-05, 1.3068e-05, 9.1195e-04, 9.0551e-04, 1.7412e-03, 0.0000e+00,
         5.0775e-04],
        [2.6580e-05, 1.1889e-03, 2.3858e-03, 1.8392e-04, 2.5313e-04, 6.3512e-05,
         0.0000e+00]], device='cuda:0', grad_fn=<SliceBackward0>)
INFO:root:tensor([[0.0000, 0.0100, 0.0100, 0.0100, 0.0100, 0.0000, 0.0000],
        [0.0100, 0.0000, 0.0100, 0.0100, 0.0100, 0.0100, 0.0000],
        [0.0100, 0.0100, 0.0000, 0.0000, 0.0100, 0.0100, 0.0100],
        [0.0100, 0.0100, 0.0000, 0.0000, 0.0100, 0.0000, 0.0100],
        [0.0100, 0.0100, 0.0100, 0.0100, 0.0000, 0.0100, 0.0100],
        [0.0000, 0.0100, 0.0100, 0.0000, 0.0100, 0.0000, 0.0000],
        [0.0000, 0.0000, 0.0100, 0.0100, 0.0100, 0.0000, 0.0000]],
       device='cuda:0')
INFO:root:


.........................initialize..........................
INFO:root:FileName: AsA/AsA_BA_identical_11_4_-1_0_100_10.0_150000
INFO:root:Strains: 4
INFO:root:Using BA random graph model
INFO:root:Num of links: 384
INFO:root:Reverse ZERO: tensor(4.2375e-07, device='cuda:0')
INFO:root:Num links weight bigger than 0.1: tensor(0, device='cuda:0')
INFO:root:Num links weight bigger than 0.05: tensor(0, device='cuda:0')
INFO:root:Num links weight bigger than 0.01: tensor(395, device='cuda:0')
INFO:root:.............................................................
INFO:root:0.02029147178221207
INFO:root:[7.507636723226706, 7.506800952015023, 7.44323427356967, 7.517328932667917]
INFO:root:[8.415794384179478, 8.663839057321214, 8.018343746137761, 8.342941284266942]
INFO:root:tensor([7.5299, 7.5960, 7.3877, 7.4676], device='cuda:0',
       grad_fn=<SelectBackward0>)
INFO:root:tensor([8.5969, 8.6667, 7.9891, 8.4273], device='cuda:0',
       grad_fn=<SelectBackward0>)
INFO:root:spectral_similarity: tensor(0.3309)
INFO:root:pearson_correlation: tensor(0.2425)
INFO:root:jaccard_similarity: tensor(0.1108)
INFO:root:ROC_AUC: 0.64109017563195
INFO:root:PR_AUC: 0.21474182143140427
INFO:root:tensor([1.2006e-06, 1.2994e-06, 1.4381e-06, 1.5850e-06], device='cuda:0',
       grad_fn=<VarBackward0>)
INFO:root:tensor([1.0546e-04, 9.2848e-05, 1.0062e-04, 1.1855e-04], device='cuda:0',
       grad_fn=<VarBackward0>)
INFO:root:tensor([[0.0000e+00, 9.2066e-04, 1.0496e-02, 5.2199e-04, 1.7275e-03, 8.6535e-03,
         2.0447e-03],
        [2.9057e-03, 0.0000e+00, 8.6422e-03, 7.7600e-04, 2.2858e-03, 7.2139e-03,
         4.5053e-03],
        [3.1025e-03, 3.3897e-03, 0.0000e+00, 3.6087e-03, 2.7348e-03, 5.8875e-03,
         1.0220e-02],
        [1.3135e-03, 7.9490e-04, 7.7944e-03, 0.0000e+00, 4.9468e-04, 1.0136e-03,
         9.6409e-04],
        [7.5137e-04, 4.5835e-04, 8.6702e-05, 9.2254e-04, 0.0000e+00, 2.8090e-04,
         1.0763e-03],
        [4.0239e-04, 4.2604e-04, 1.9831e-04, 1.3045e-03, 3.9057e-03, 0.0000e+00,
         1.8317e-03],
        [7.8658e-04, 6.8794e-04, 1.0289e-02, 4.6754e-04, 2.2890e-04, 3.0356e-04,
         0.0000e+00]], device='cuda:0', grad_fn=<SliceBackward0>)
INFO:root:


.........................initialize..........................
INFO:root:FileName: AsA/AsA_BA_identical_14_4_-1_0_100_10.0_150000
INFO:root:Strains: 4
INFO:root:Using BA random graph model
INFO:root:Num of links: 384
INFO:root:tensor([[0.0000, 0.0000, 0.0100, 0.0100, 0.0100, 0.0100, 0.0000],
        [0.0000, 0.0000, 0.0100, 0.0000, 0.0000, 0.0000, 0.0000],
        [0.0100, 0.0100, 0.0000, 0.0100, 0.0000, 0.0000, 0.0100],
        [0.0100, 0.0000, 0.0100, 0.0000, 0.0000, 0.0000, 0.0100],
        [0.0100, 0.0000, 0.0000, 0.0000, 0.0000, 0.0100, 0.0000],
        [0.0100, 0.0000, 0.0000, 0.0000, 0.0100, 0.0000, 0.0100],
        [0.0000, 0.0000, 0.0100, 0.0100, 0.0000, 0.0100, 0.0000]],
       device='cuda:0')
INFO:root:Reverse ZERO: tensor(4.5449e-07, device='cuda:0')
INFO:root:Num links weight bigger than 0.1: tensor(0, device='cuda:0')
INFO:root:Num links weight bigger than 0.05: tensor(0, device='cuda:0')
INFO:root:Num links weight bigger than 0.01: tensor(388, device='cuda:0')
INFO:root:.............................................................
INFO:root:0.024368753656744957
INFO:root:[7.4877849508097745, 7.587451345787124, 7.476902548973979, 7.4473403615531355]
INFO:root:[8.758540113187065, 8.244273989610456, 8.187011168607484, 8.199263497968584]
INFO:root:tensor([7.4368, 7.6573, 7.4600, 7.4903], device='cuda:0',
       grad_fn=<SelectBackward0>)
INFO:root:tensor([8.5152, 8.5691, 7.9004, 8.2059], device='cuda:0',
       grad_fn=<SelectBackward0>)
INFO:root:spectral_similarity: tensor(0.3510)
INFO:root:pearson_correlation: tensor(0.0977)
INFO:root:jaccard_similarity: tensor(0.1136)
INFO:root:ROC_AUC: 0.6556033778014618
INFO:root:PR_AUC: 0.21547498973031604
INFO:root:tensor([1.5643e-06, 1.7411e-06, 2.2623e-06, 1.5888e-06], device='cuda:0',
       grad_fn=<VarBackward0>)
INFO:root:tensor([0.0002, 0.0002, 0.0002, 0.0002], device='cuda:0',
       grad_fn=<VarBackward0>)
INFO:root:tensor([[0.0000e+00, 6.9643e-03, 6.4958e-03, 1.3067e-03, 8.0737e-03, 2.5863e-04,
         3.7382e-03],
        [7.1252e-03, 0.0000e+00, 1.6149e-02, 6.4827e-04, 1.0176e-02, 9.3692e-05,
         9.1892e-03],
        [3.2271e-03, 7.6958e-03, 0.0000e+00, 1.3906e-03, 9.4135e-03, 7.6789e-03,
         7.7431e-04],
        [7.4213e-03, 1.9420e-03, 2.6996e-03, 0.0000e+00, 9.0934e-04, 6.9997e-04,
         2.9484e-04],
        [6.3819e-03, 3.1220e-03, 9.1875e-03, 1.5627e-03, 0.0000e+00, 1.1285e-04,
         6.2028e-03],
        [5.7771e-03, 1.3668e-03, 4.2721e-03, 3.0783e-03, 9.6717e-04, 0.0000e+00,
         5.6372e-04],
        [3.0579e-03, 9.4178e-03, 2.1579e-03, 8.1376e-04, 9.8958e-03, 8.1192e-04,
         0.0000e+00]], device='cuda:0', grad_fn=<SliceBackward0>)
INFO:root:tensor([[0.0000, 0.0100, 0.0100, 0.0100, 0.0100, 0.0000, 0.0000],
        [0.0100, 0.0000, 0.0100, 0.0000, 0.0000, 0.0000, 0.0100],
        [0.0100, 0.0100, 0.0000, 0.0000, 0.0100, 0.0100, 0.0000],
        [0.0100, 0.0000, 0.0000, 0.0000, 0.0000, 0.0000, 0.0000],
        [0.0100, 0.0000, 0.0100, 0.0000, 0.0000, 0.0000, 0.0100],
        [0.0000, 0.0000, 0.0100, 0.0000, 0.0000, 0.0000, 0.0000],
        [0.0000, 0.0100, 0.0000, 0.0000, 0.0100, 0.0000, 0.0000]],
       device='cuda:0')
INFO:root:


.........................initialize..........................
INFO:root:FileName: AsA/AsA_WS_identical_11_4_-1_0_100_10.0_150000
INFO:root:Strains: 4
INFO:root:Using WS random graph model
INFO:root:Num of links: 400
INFO:root:Reverse ZERO: tensor(4.3772e-07, device='cuda:0')
INFO:root:Num links weight bigger than 0.1: tensor(0, device='cuda:0')
INFO:root:Num links weight bigger than 0.05: tensor(0, device='cuda:0')
INFO:root:Num links weight bigger than 0.01: tensor(411, device='cuda:0')
INFO:root:.............................................................
INFO:root:0.01545293420991477
INFO:root:[7.527602519757068, 7.415239197834456, 7.551849643819547, 7.586030766276424]
INFO:root:[8.79510515555471, 8.60952822152268, 8.397536583754638, 7.845113618570738]
INFO:root:tensor([7.8503, 7.7849, 7.8222, 7.8166], device='cuda:0',
       grad_fn=<SelectBackward0>)
INFO:root:tensor([9.2482, 9.1738, 8.8506, 8.2091], device='cuda:0',
       grad_fn=<SelectBackward0>)
INFO:root:spectral_similarity: tensor(0.4436)
INFO:root:pearson_correlation: tensor(0.4242)
INFO:root:jaccard_similarity: tensor(0.1878)
INFO:root:ROC_AUC: 0.7629406593406594
INFO:root:PR_AUC: 0.36632964015832625
INFO:root:tensor([5.8935e-07, 9.1560e-07, 8.6727e-07, 7.8087e-07], device='cuda:0',
       grad_fn=<VarBackward0>)
INFO:root:tensor([0.0002, 0.0002, 0.0002, 0.0002], device='cuda:0',
       grad_fn=<VarBackward0>)
INFO:root:tensor([[0.0000e+00, 2.0313e-04, 5.6078e-04, 1.1955e-03, 1.2408e-04, 1.1760e-04,
         1.2812e-04],
        [1.6577e-03, 0.0000e+00, 2.0366e-03, 2.6592e-03, 2.7127e-04, 3.6575e-04,
         3.7639e-04],
        [4.0599e-03, 2.2004e-04, 0.0000e+00, 7.3331e-04, 9.2893e-05, 1.2608e-04,
         4.9159e-04],
        [1.6607e-03, 4.3011e-04, 2.1540e-04, 0.0000e+00, 8.3018e-05, 5.7309e-05,
         1.0453e-04],
        [1.0255e-04, 7.7310e-04, 3.1219e-03, 2.5742e-02, 0.0000e+00, 2.4413e-04,
         1.4539e-03],
        [1.3333e-04, 1.6526e-03, 3.7785e-03, 2.1694e-02, 3.3802e-04, 0.0000e+00,
         1.0351e-03],
        [6.2296e-07, 4.6812e-05, 3.0387e-03, 1.8510e-02, 5.3238e-04, 4.5098e-04,
         0.0000e+00]], device='cuda:0', grad_fn=<SliceBackward0>)
INFO:root:tensor([[0.0000, 0.0100, 0.0100, 0.0100, 0.0000, 0.0000, 0.0000],
        [0.0100, 0.0000, 0.0100, 0.0100, 0.0100, 0.0100, 0.0000],
        [0.0100, 0.0100, 0.0000, 0.0100, 0.0100, 0.0100, 0.0100],
        [0.0100, 0.0100, 0.0100, 0.0000, 0.0100, 0.0100, 0.0100],
        [0.0000, 0.0100, 0.0100, 0.0100, 0.0000, 0.0100, 0.0100],
        [0.0000, 0.0100, 0.0100, 0.0100, 0.0100, 0.0000, 0.0100],
        [0.0000, 0.0000, 0.0100, 0.0100, 0.0100, 0.0100, 0.0000]],
       device='cuda:0')
INFO:root:


.........................initialize..........................
INFO:root:FileName: AsA/AsA_RGG_identical_10_4_-1_0_100_10.0_150000
INFO:root:Strains: 4
INFO:root:Using RGG random graph model
INFO:root:Num of links: 400
INFO:root:Reverse ZERO: tensor(4.8615e-07, device='cuda:0')
INFO:root:Num links weight bigger than 0.1: tensor(0, device='cuda:0')
INFO:root:Num links weight bigger than 0.05: tensor(0, device='cuda:0')
INFO:root:Num links weight bigger than 0.01: tensor(368, device='cuda:0')
INFO:root:.............................................................
INFO:root:0.005377155806248387
INFO:root:[7.544338699637052, 7.457993180354814, 7.578291282205388, 7.581443091514427]
INFO:root:[7.9068273143667875, 8.110838272595872, 8.44954326934656, 8.145582275343315]
INFO:root:tensor([7.5868, 7.5094, 7.6464, 7.5783], device='cuda:0',
       grad_fn=<SelectBackward0>)
INFO:root:tensor([7.9965, 8.2122, 8.5294, 8.2381], device='cuda:0',
       grad_fn=<SelectBackward0>)
INFO:root:spectral_similarity: tensor(0.7018)
INFO:root:pearson_correlation: tensor(0.5248)
INFO:root:jaccard_similarity: tensor(0.2925)
INFO:root:ROC_AUC: 0.8105772283272284
INFO:root:PR_AUC: 0.4755465053541764
INFO:root:tensor([1.9014e-07, 2.0464e-07, 3.1811e-07, 2.1196e-07], device='cuda:0',
       grad_fn=<VarBackward0>)
INFO:root:tensor([9.9589e-05, 1.0975e-04, 1.2686e-04, 8.1011e-05], device='cuda:0',
       grad_fn=<VarBackward0>)
INFO:root:tensor([[0.0000e+00, 7.0668e-03, 5.2116e-06, 1.0709e-02, 2.7290e-06, 1.8644e-05,
         1.3159e-05],
        [1.0967e-02, 0.0000e+00, 1.3755e-05, 7.6712e-03, 2.4534e-05, 3.6707e-07,
         3.4172e-04],
        [1.0335e-08, 2.2688e-08, 0.0000e+00, 7.7445e-07, 2.1897e-03, 6.1100e-07,
         2.2004e-07],
        [5.7930e-06, 4.5572e-04, 1.0386e-06, 0.0000e+00, 3.7115e-06, 9.4147e-09,
         6.8743e-04],
        [1.2566e-08, 2.0616e-08, 4.2800e-03, 2.5643e-07, 0.0000e+00, 1.2918e-06,
         5.5759e-07],
        [8.2874e-06, 2.2048e-06, 1.5783e-04, 8.4330e-06, 3.2892e-05, 0.0000e+00,
         2.4983e-07],
        [3.4147e-06, 8.0754e-07, 1.4092e-05, 1.1409e-03, 1.1742e-04, 5.2664e-08,
         0.0000e+00]], device='cuda:0', grad_fn=<SliceBackward0>)
INFO:root:tensor([[0.0000, 0.0100, 0.0000, 0.0000, 0.0000, 0.0000, 0.0000],
        [0.0100, 0.0000, 0.0000, 0.0000, 0.0000, 0.0000, 0.0000],
        [0.0000, 0.0000, 0.0000, 0.0000, 0.0100, 0.0000, 0.0000],
        [0.0000, 0.0000, 0.0000, 0.0000, 0.0000, 0.0000, 0.0000],
        [0.0000, 0.0000, 0.0100, 0.0000, 0.0000, 0.0000, 0.0000],
        [0.0000, 0.0000, 0.0000, 0.0000, 0.0000, 0.0000, 0.0000],
        [0.0000, 0.0000, 0.0000, 0.0000, 0.0000, 0.0000, 0.0000]],
       device='cuda:0')
INFO:root:


.........................initialize..........................
INFO:root:FileName: AsA/AsA_BA_identical_13_4_-1_0_100_10.0_150000
INFO:root:Strains: 4
INFO:root:Using BA random graph model
INFO:root:Num of links: 384
INFO:root:Reverse ZERO: tensor(3.9954e-07, device='cuda:0')
INFO:root:Num links weight bigger than 0.1: tensor(0, device='cuda:0')
INFO:root:Num links weight bigger than 0.05: tensor(0, device='cuda:0')
INFO:root:Num links weight bigger than 0.01: tensor(398, device='cuda:0')
INFO:root:.............................................................
INFO:root:0.017937045329465315
INFO:root:[7.403854443664679, 7.55031308136728, 7.4213881792842775, 7.512686798228832]
INFO:root:[8.70565461990456, 8.162301359537654, 8.546731916017063, 8.542115580737171]
INFO:root:tensor([7.3326, 7.5134, 7.4007, 7.4040], device='cuda:0',
       grad_fn=<SelectBackward0>)
INFO:root:tensor([8.3932, 8.0883, 8.5974, 8.2600], device='cuda:0',
       grad_fn=<SelectBackward0>)
INFO:root:spectral_similarity: tensor(0.3934)
INFO:root:pearson_correlation: tensor(0.2122)
INFO:root:jaccard_similarity: tensor(0.1131)
INFO:root:ROC_AUC: 0.6297654876456115
INFO:root:PR_AUC: 0.19522220400005486
INFO:root:tensor([1.3938e-06, 1.6086e-06, 1.1398e-06, 1.6443e-06], device='cuda:0',
       grad_fn=<VarBackward0>)
INFO:root:tensor([0.0002, 0.0001, 0.0002, 0.0001], device='cuda:0',
       grad_fn=<VarBackward0>)
INFO:root:tensor([[0.0000, 0.0075, 0.0012, 0.0008, 0.0281, 0.0096, 0.0015],
        [0.0023, 0.0000, 0.0014, 0.0028, 0.0043, 0.0040, 0.0021],
        [0.0013, 0.0005, 0.0000, 0.0007, 0.0018, 0.0160, 0.0001],
        [0.0010, 0.0016, 0.0006, 0.0000, 0.0056, 0.0052, 0.0014],
        [0.0016, 0.0008, 0.0004, 0.0004, 0.0000, 0.0121, 0.0004],
        [0.0017, 0.0019, 0.0004, 0.0015, 0.0019, 0.0000, 0.0019],
        [0.0010, 0.0033, 0.0004, 0.0004, 0.0104, 0.0051, 0.0000]],
       device='cuda:0', grad_fn=<SliceBackward0>)
INFO:root:tensor([[0.0000, 0.0100, 0.0100, 0.0100, 0.0100, 0.0100, 0.0100],
        [0.0100, 0.0000, 0.0000, 0.0000, 0.0000, 0.0100, 0.0000],
        [0.0100, 0.0000, 0.0000, 0.0100, 0.0000, 0.0000, 0.0000],
        [0.0100, 0.0000, 0.0100, 0.0000, 0.0000, 0.0100, 0.0100],
        [0.0100, 0.0000, 0.0000, 0.0000, 0.0000, 0.0000, 0.0000],
        [0.0100, 0.0100, 0.0000, 0.0100, 0.0000, 0.0000, 0.0000],
        [0.0100, 0.0000, 0.0000, 0.0100, 0.0000, 0.0000, 0.0000]],
       device='cuda:0')
INFO:root:


.........................initialize..........................
INFO:root:FileName: AsA/AsA_BA_identical_10_4_-1_0_100_10.0_150000
INFO:root:Strains: 4
INFO:root:Using BA random graph model
INFO:root:Num of links: 384
INFO:root:Reverse ZERO: tensor(4.4052e-07, device='cuda:0')
INFO:root:Num links weight bigger than 0.1: tensor(0, device='cuda:0')
INFO:root:Num links weight bigger than 0.05: tensor(0, device='cuda:0')
INFO:root:Num links weight bigger than 0.01: tensor(341, device='cuda:0')
INFO:root:.............................................................
INFO:root:0.031288351863622665
INFO:root:[7.493865405253721, 7.518089922352687, 7.5403899465115245, 7.498926941334979]
INFO:root:[8.306665398694904, 7.8431404373777935, 7.96645439319059, 8.781787571398317]
INFO:root:tensor([7.4059, 7.4862, 7.4192, 7.4701], device='cuda:0',
       grad_fn=<SelectBackward0>)
INFO:root:tensor([8.6000, 7.9447, 7.7603, 8.7474], device='cuda:0',
       grad_fn=<SelectBackward0>)
INFO:root:spectral_similarity: tensor(0.4412)
INFO:root:pearson_correlation: tensor(0.1729)
INFO:root:jaccard_similarity: tensor(0.1116)
INFO:root:ROC_AUC: 0.6580932296618363
INFO:root:PR_AUC: 0.20830073135245017
INFO:root:tensor([2.0235e-06, 2.9827e-06, 1.5519e-06, 1.7746e-06], device='cuda:0',
       grad_fn=<VarBackward0>)
INFO:root:tensor([0.0002, 0.0001, 0.0001, 0.0002], device='cuda:0',
       grad_fn=<VarBackward0>)
INFO:root:tensor([[0.0000, 0.0105, 0.0031, 0.0123, 0.0022, 0.0037, 0.0034],
        [0.0145, 0.0000, 0.0041, 0.0196, 0.0014, 0.0196, 0.0021],
        [0.0011, 0.0089, 0.0000, 0.0031, 0.0007, 0.0005, 0.0017],
        [0.0005, 0.0094, 0.0007, 0.0000, 0.0012, 0.0007, 0.0013],
        [0.0041, 0.0005, 0.0019, 0.0044, 0.0000, 0.0028, 0.0033],
        [0.0018, 0.0098, 0.0030, 0.0077, 0.0015, 0.0000, 0.0042],
        [0.0009, 0.0004, 0.0004, 0.0013, 0.0010, 0.0007, 0.0000]],
       device='cuda:0', grad_fn=<SliceBackward0>)
INFO:root:tensor([[0.0000, 0.0100, 0.0100, 0.0100, 0.0100, 0.0100, 0.0000],
        [0.0100, 0.0000, 0.0100, 0.0100, 0.0000, 0.0100, 0.0000],
        [0.0100, 0.0100, 0.0000, 0.0000, 0.0100, 0.0000, 0.0000],
        [0.0100, 0.0100, 0.0000, 0.0000, 0.0100, 0.0000, 0.0000],
        [0.0100, 0.0000, 0.0100, 0.0100, 0.0000, 0.0000, 0.0100],
        [0.0100, 0.0100, 0.0000, 0.0000, 0.0000, 0.0000, 0.0000],
        [0.0000, 0.0000, 0.0000, 0.0000, 0.0100, 0.0000, 0.0000]],
       device='cuda:0')
INFO:root:


.........................initialize..........................
INFO:root:FileName: AsA/AsA_RGG_identical_14_4_-1_0_100_10.0_150000
INFO:root:Strains: 4
INFO:root:Using RGG random graph model
INFO:root:Num of links: 400
INFO:root:Reverse ZERO: tensor(4.7125e-07, device='cuda:0')
INFO:root:Num links weight bigger than 0.1: tensor(0, device='cuda:0')
INFO:root:Num links weight bigger than 0.05: tensor(0, device='cuda:0')
INFO:root:Num links weight bigger than 0.01: tensor(401, device='cuda:0')
INFO:root:.............................................................
INFO:root:0.005649820797973209
INFO:root:[7.448346200673635, 7.441105262253295, 7.550367956739654, 7.506595729411562]
INFO:root:[8.620834025253046, 8.391303717667906, 8.338516662876625, 8.176848050913495]
INFO:root:tensor([7.8655, 7.6594, 7.9305, 7.7275], device='cuda:0',
       grad_fn=<SelectBackward0>)
INFO:root:tensor([9.0522, 8.6223, 8.7200, 8.4106], device='cuda:0',
       grad_fn=<SelectBackward0>)
INFO:root:spectral_similarity: tensor(0.5916)
INFO:root:pearson_correlation: tensor(0.3718)
INFO:root:jaccard_similarity: tensor(0.2568)
INFO:root:ROC_AUC: 0.7743816849816849
INFO:root:PR_AUC: 0.3962278146820806
INFO:root:tensor([6.3256e-07, 6.2254e-07, 4.7047e-07, 4.9281e-07], device='cuda:0',
       grad_fn=<VarBackward0>)
INFO:root:tensor([2.0264e-04, 9.0521e-05, 1.1906e-04, 1.1385e-04], device='cuda:0',
       grad_fn=<VarBackward0>)
INFO:root:tensor([[0.0000e+00, 1.1633e-06, 3.3315e-04, 3.7434e-05, 6.8193e-05, 2.0946e-05,
         1.7761e-07],
        [2.0927e-05, 0.0000e+00, 4.1002e-03, 4.2178e-03, 6.4923e-03, 5.7579e-06,
         8.9791e-03],
        [6.9494e-09, 3.7042e-07, 0.0000e+00, 2.8880e-04, 7.9231e-03, 1.0311e-06,
         1.8789e-08],
        [8.1013e-08, 3.3744e-08, 1.8578e-03, 0.0000e+00, 2.1651e-04, 9.3252e-06,
         1.5736e-09],
        [3.8561e-09, 3.1284e-09, 4.5063e-05, 1.9260e-03, 0.0000e+00, 4.4551e-06,
         7.6718e-09],
        [1.5605e-04, 7.8530e-06, 1.4889e-06, 4.8870e-06, 6.0473e-05, 0.0000e+00,
         3.2989e-06],
        [5.6819e-07, 5.0368e-03, 3.0370e-04, 9.7211e-04, 4.5440e-03, 1.0857e-05,
         0.0000e+00]], device='cuda:0', grad_fn=<SliceBackward0>)
INFO:root:tensor([[0.0000, 0.0000, 0.0000, 0.0000, 0.0000, 0.0000, 0.0000],
        [0.0000, 0.0000, 0.0000, 0.0000, 0.0000, 0.0000, 0.0100],
        [0.0000, 0.0000, 0.0000, 0.0000, 0.0100, 0.0000, 0.0000],
        [0.0000, 0.0000, 0.0000, 0.0000, 0.0000, 0.0000, 0.0000],
        [0.0000, 0.0000, 0.0100, 0.0000, 0.0000, 0.0000, 0.0000],
        [0.0000, 0.0000, 0.0000, 0.0000, 0.0000, 0.0000, 0.0000],
        [0.0000, 0.0100, 0.0000, 0.0000, 0.0000, 0.0000, 0.0000]],
       device='cuda:0')
INFO:root:


.........................initialize..........................
INFO:root:FileName: AsA/AsA_RGG_identical_12_4_-1_0_100_10.0_150000
INFO:root:Strains: 4
INFO:root:Using RGG random graph model
INFO:root:Num of links: 400
INFO:root:Reverse ZERO: tensor(4.8708e-07, device='cuda:0')
INFO:root:Num links weight bigger than 0.1: tensor(0, device='cuda:0')
INFO:root:Num links weight bigger than 0.05: tensor(0, device='cuda:0')
INFO:root:Num links weight bigger than 0.01: tensor(406, device='cuda:0')
INFO:root:.............................................................
INFO:root:0.0024547394155999833
INFO:root:[7.425861996931457, 7.421628627811464, 7.411286227162031, 7.449904783116261]
INFO:root:[8.639049562192417, 7.862386045096081, 7.88424475644418, 7.808402965463959]
INFO:root:tensor([7.4549, 7.4424, 7.4204, 7.4696], device='cuda:0',
       grad_fn=<SelectBackward0>)
INFO:root:tensor([8.6633, 7.8410, 7.8796, 7.7882], device='cuda:0',
       grad_fn=<SelectBackward0>)
INFO:root:spectral_similarity: tensor(0.8035)
INFO:root:pearson_correlation: tensor(0.7785)
INFO:root:jaccard_similarity: tensor(0.4858)
INFO:root:ROC_AUC: 0.8743173382173381
INFO:root:PR_AUC: 0.7298988718482752
INFO:root:tensor([2.7357e-07, 2.0895e-07, 3.1008e-07, 3.2407e-07], device='cuda:0',
       grad_fn=<VarBackward0>)
INFO:root:tensor([6.4505e-05, 4.9757e-05, 4.3666e-05, 5.5915e-05], device='cuda:0',
       grad_fn=<VarBackward0>)
INFO:root:tensor([[0.0000e+00, 5.6388e-08, 2.4416e-03, 8.3053e-03, 1.3765e-08, 1.0196e-07,
         2.3137e-08],
        [2.3881e-06, 0.0000e+00, 1.6284e-05, 2.6170e-06, 1.3850e-04, 6.9871e-04,
         3.2902e-08],
        [4.5162e-03, 3.4441e-06, 0.0000e+00, 4.8020e-03, 3.4398e-08, 1.2050e-06,
         2.8376e-09],
        [7.5685e-03, 5.9498e-08, 2.4200e-03, 0.0000e+00, 1.4136e-08, 9.8489e-08,
         2.4342e-08],
        [7.3239e-05, 1.9024e-05, 1.4098e-03, 7.9044e-05, 0.0000e+00, 5.9208e-06,
         1.6775e-06],
        [6.5702e-06, 3.5469e-04, 1.5910e-04, 7.7613e-06, 4.9854e-04, 0.0000e+00,
         6.3290e-09],
        [1.0414e-03, 9.0593e-07, 3.2808e-04, 1.1109e-03, 1.3534e-07, 1.2596e-09,
         0.0000e+00]], device='cuda:0', grad_fn=<SliceBackward0>)
INFO:root:tensor([[0.0000, 0.0000, 0.0100, 0.0100, 0.0000, 0.0000, 0.0000],
        [0.0000, 0.0000, 0.0000, 0.0000, 0.0000, 0.0000, 0.0000],
        [0.0100, 0.0000, 0.0000, 0.0100, 0.0000, 0.0000, 0.0000],
        [0.0100, 0.0000, 0.0100, 0.0000, 0.0000, 0.0000, 0.0000],
        [0.0000, 0.0000, 0.0000, 0.0000, 0.0000, 0.0000, 0.0000],
        [0.0000, 0.0000, 0.0000, 0.0000, 0.0000, 0.0000, 0.0000],
        [0.0000, 0.0000, 0.0000, 0.0000, 0.0000, 0.0000, 0.0000]],
       device='cuda:0')
INFO:root:


.........................initialize..........................
INFO:root:FileName: AsA/AsA_BA_identical_12_4_-1_0_100_10.0_150000
INFO:root:Strains: 4
INFO:root:Using BA random graph model
INFO:root:Num of links: 384
INFO:root:Reverse ZERO: tensor(4.0140e-07, device='cuda:0')
INFO:root:Num links weight bigger than 0.1: tensor(0, device='cuda:0')
INFO:root:Num links weight bigger than 0.05: tensor(0, device='cuda:0')
INFO:root:Num links weight bigger than 0.01: tensor(390, device='cuda:0')
INFO:root:.............................................................
INFO:root:0.021661036751336522
INFO:root:[7.543023942266409, 7.447837994382143, 7.545299761719925, 7.5324773530895355]
INFO:root:[8.159405616469742, 8.551495951387857, 8.326011323812551, 8.301563255930175]
INFO:root:tensor([7.4568, 7.2655, 7.4632, 7.3020], device='cuda:0',
       grad_fn=<SelectBackward0>)
INFO:root:tensor([7.8899, 8.4702, 8.0804, 7.9143], device='cuda:0',
       grad_fn=<SelectBackward0>)
INFO:root:spectral_similarity: tensor(0.3551)
INFO:root:pearson_correlation: tensor(0.1465)
INFO:root:jaccard_similarity: tensor(0.0985)
INFO:root:ROC_AUC: 0.6427348327953961
INFO:root:PR_AUC: 0.16759853115715423
INFO:root:tensor([2.0917e-06, 1.5173e-06, 1.6265e-06, 2.0326e-06], device='cuda:0',
       grad_fn=<VarBackward0>)
INFO:root:tensor([0.0002, 0.0002, 0.0001, 0.0002], device='cuda:0',
       grad_fn=<VarBackward0>)
INFO:root:tensor([[0.0000, 0.0168, 0.0031, 0.0048, 0.0034, 0.0014, 0.0066],
        [0.0005, 0.0000, 0.0008, 0.0004, 0.0020, 0.0002, 0.0046],
        [0.0025, 0.0050, 0.0000, 0.0031, 0.0038, 0.0022, 0.0082],
        [0.0028, 0.0179, 0.0053, 0.0000, 0.0031, 0.0033, 0.0063],
        [0.0004, 0.0050, 0.0007, 0.0010, 0.0000, 0.0008, 0.0028],
        [0.0059, 0.0083, 0.0033, 0.0038, 0.0026, 0.0000, 0.0057],
        [0.0008, 0.0017, 0.0004, 0.0009, 0.0028, 0.0002, 0.0000]],
       device='cuda:0', grad_fn=<SliceBackward0>)
INFO:root:tensor([[0.0000, 0.0100, 0.0100, 0.0100, 0.0100, 0.0100, 0.0000],
        [0.0100, 0.0000, 0.0000, 0.0000, 0.0000, 0.0000, 0.0000],
        [0.0100, 0.0000, 0.0000, 0.0100, 0.0100, 0.0100, 0.0000],
        [0.0100, 0.0000, 0.0100, 0.0000, 0.0000, 0.0100, 0.0100],
        [0.0100, 0.0000, 0.0100, 0.0000, 0.0000, 0.0000, 0.0100],
        [0.0100, 0.0000, 0.0100, 0.0100, 0.0000, 0.0000, 0.0000],
        [0.0000, 0.0000, 0.0000, 0.0100, 0.0100, 0.0000, 0.0000]],
       device='cuda:0')
INFO:root:


.........................initialize..........................
INFO:root:FileName: AsA/AsA_ER_identical_13_4_-1_0_100_10.0_150000
INFO:root:Strains: 4
INFO:root:Using ER random graph model
INFO:root:Num of links: 400
INFO:root:Reverse ZERO: tensor(4.8801e-07, device='cuda:0')
INFO:root:Num links weight bigger than 0.1: tensor(0, device='cuda:0')
INFO:root:Num links weight bigger than 0.05: tensor(0, device='cuda:0')
INFO:root:Num links weight bigger than 0.01: tensor(419, device='cuda:0')
INFO:root:.............................................................
INFO:root:0.01831811553399478
INFO:root:[7.568971814259644, 7.402958014563055, 7.59226923346701, 7.4716092816691795]
INFO:root:[8.653088388433694, 8.652898518866417, 8.677284809698655, 8.387656716666667]
INFO:root:tensor([7.5714, 7.4009, 7.6584, 7.3967], device='cuda:0',
       grad_fn=<SelectBackward0>)
INFO:root:tensor([8.5130, 8.6474, 8.5672, 8.2906], device='cuda:0',
       grad_fn=<SelectBackward0>)
INFO:root:spectral_similarity: tensor(0.2100)
INFO:root:pearson_correlation: tensor(0.1815)
INFO:root:jaccard_similarity: tensor(0.0963)
INFO:root:ROC_AUC: 0.657106105006105
INFO:root:PR_AUC: 0.18073196308808823
INFO:root:tensor([1.7183e-06, 1.9431e-06, 1.2766e-06, 1.3100e-06], device='cuda:0',
       grad_fn=<VarBackward0>)
INFO:root:tensor([0.0002, 0.0002, 0.0002, 0.0002], device='cuda:0',
       grad_fn=<VarBackward0>)
INFO:root:tensor([[0.0000e+00, 3.0285e-04, 1.9023e-03, 3.6113e-04, 1.1490e-03, 2.1213e-03,
         6.6661e-04],
        [6.3676e-04, 0.0000e+00, 1.0098e-03, 5.7539e-04, 7.8671e-04, 1.5682e-03,
         8.6863e-04],
        [4.8330e-04, 1.2965e-05, 0.0000e+00, 2.1223e-05, 1.1014e-03, 1.7414e-03,
         1.2321e-03],
        [1.4128e-03, 1.0115e-03, 9.4382e-04, 0.0000e+00, 1.0583e-03, 1.5452e-03,
         5.3019e-04],
        [4.1242e-04, 4.6463e-06, 1.8834e-03, 6.0808e-06, 0.0000e+00, 1.7503e-03,
         3.9535e-04],
        [3.7010e-04, 7.3684e-06, 1.5890e-03, 1.2101e-05, 1.4122e-03, 0.0000e+00,
         1.1006e-03],
        [1.0738e-03, 5.5862e-06, 1.6940e-03, 7.5121e-06, 1.4101e-03, 1.8976e-03,
         0.0000e+00]], device='cuda:0', grad_fn=<SliceBackward0>)
INFO:root:tensor([[0.0000, 0.0000, 0.0000, 0.0000, 0.0000, 0.0100, 0.0000],
        [0.0000, 0.0000, 0.0000, 0.0000, 0.0000, 0.0000, 0.0000],
        [0.0000, 0.0000, 0.0000, 0.0000, 0.0000, 0.0000, 0.0000],
        [0.0000, 0.0000, 0.0000, 0.0000, 0.0000, 0.0000, 0.0000],
        [0.0000, 0.0000, 0.0000, 0.0000, 0.0000, 0.0000, 0.0000],
        [0.0100, 0.0000, 0.0000, 0.0000, 0.0000, 0.0000, 0.0000],
        [0.0000, 0.0000, 0.0000, 0.0000, 0.0000, 0.0000, 0.0000]],
       device='cuda:0')
INFO:root:


.........................initialize..........................
INFO:root:FileName: AsA/AsA_ER_identical_12_4_-1_0_100_10.0_150000
INFO:root:Strains: 4
INFO:root:Using ER random graph model
INFO:root:Num of links: 400
INFO:root:Reverse ZERO: tensor(4.7497e-07, device='cuda:0')
INFO:root:Num links weight bigger than 0.1: tensor(0, device='cuda:0')
INFO:root:Num links weight bigger than 0.05: tensor(0, device='cuda:0')
INFO:root:Num links weight bigger than 0.01: tensor(409, device='cuda:0')
INFO:root:.............................................................
INFO:root:0.01641195439906032
INFO:root:[7.5143003345449495, 7.584280161478151, 7.414498947080219, 7.584184016658588]
INFO:root:[8.23202343500701, 8.519938200174154, 8.615286642506382, 8.117096046762502]
INFO:root:tensor([7.4854, 7.6166, 7.4765, 7.5783], device='cuda:0',
       grad_fn=<SelectBackward0>)
INFO:root:tensor([8.3477, 8.5538, 8.7157, 8.1784], device='cuda:0',
       grad_fn=<SelectBackward0>)
INFO:root:spectral_similarity: tensor(0.2760)
INFO:root:pearson_correlation: tensor(0.1862)
INFO:root:jaccard_similarity: tensor(0.0873)
INFO:root:ROC_AUC: 0.6225181929181929
INFO:root:PR_AUC: 0.1605634291231826
INFO:root:tensor([1.4461e-06, 1.2264e-06, 1.2231e-06, 1.1504e-06], device='cuda:0',
       grad_fn=<VarBackward0>)
INFO:root:tensor([0.0001, 0.0001, 0.0002, 0.0002], device='cuda:0',
       grad_fn=<VarBackward0>)
INFO:root:tensor([[0.0000e+00, 1.1459e-03, 8.2470e-04, 3.3236e-05, 6.8805e-06, 2.5145e-05,
         3.3705e-07],
        [2.0173e-03, 0.0000e+00, 1.3783e-03, 3.1064e-07, 9.8393e-04, 4.2217e-03,
         4.2815e-05],
        [4.1675e-03, 2.7474e-03, 0.0000e+00, 2.4203e-05, 1.3757e-04, 9.1890e-04,
         8.0490e-06],
        [1.0721e-04, 2.0003e-05, 1.9182e-04, 0.0000e+00, 6.2255e-04, 3.3810e-03,
         9.5908e-03],
        [3.6125e-03, 1.5020e-05, 9.4443e-04, 2.8440e-07, 0.0000e+00, 1.9204e-03,
         5.5708e-05],
        [2.6739e-06, 2.8567e-05, 4.9067e-07, 1.3349e-07, 4.5493e-04, 0.0000e+00,
         3.4400e-05],
        [1.0383e-03, 7.4312e-06, 2.0402e-04, 1.0101e-02, 2.0833e-04, 2.9049e-04,
         0.0000e+00]], device='cuda:0', grad_fn=<SliceBackward0>)
INFO:root:tensor([[0.0000, 0.0100, 0.0000, 0.0000, 0.0000, 0.0000, 0.0000],
        [0.0100, 0.0000, 0.0000, 0.0000, 0.0000, 0.0000, 0.0000],
        [0.0000, 0.0000, 0.0000, 0.0000, 0.0000, 0.0000, 0.0000],
        [0.0000, 0.0000, 0.0000, 0.0000, 0.0000, 0.0000, 0.0100],
        [0.0000, 0.0000, 0.0000, 0.0000, 0.0000, 0.0000, 0.0000],
        [0.0000, 0.0000, 0.0000, 0.0000, 0.0000, 0.0000, 0.0000],
        [0.0000, 0.0000, 0.0000, 0.0100, 0.0000, 0.0000, 0.0000]],
       device='cuda:0')
INFO:root:


.........................initialize..........................
INFO:root:FileName: AsA/AsA_RGG_identical_13_4_-1_0_100_10.0_150000
INFO:root:Strains: 4
INFO:root:Using RGG random graph model
INFO:root:Num of links: 400
INFO:root:Reverse ZERO: tensor(4.0885e-07, device='cuda:0')
INFO:root:Num links weight bigger than 0.1: tensor(0, device='cuda:0')
INFO:root:Num links weight bigger than 0.05: tensor(0, device='cuda:0')
INFO:root:Num links weight bigger than 0.01: tensor(439, device='cuda:0')
INFO:root:.............................................................
INFO:root:0.003200982008939204
INFO:root:[7.488890808116291, 7.46765112635428, 7.58253055543553, 7.47506065604084]
INFO:root:[8.733005898141247, 8.7523981979525, 8.472314227555595, 8.483638381416814]
INFO:root:tensor([7.5366, 7.5536, 7.6709, 7.5022], device='cuda:0',
       grad_fn=<SelectBackward0>)
INFO:root:tensor([8.8028, 8.8342, 8.5943, 8.5182], device='cuda:0',
       grad_fn=<SelectBackward0>)
INFO:root:spectral_similarity: tensor(0.8138)
INFO:root:pearson_correlation: tensor(0.7841)
INFO:root:jaccard_similarity: tensor(0.4992)
INFO:root:ROC_AUC: 0.8716274725274726
INFO:root:PR_AUC: 0.7408818331032055
INFO:root:tensor([2.1054e-07, 2.1796e-07, 2.4477e-07, 3.3893e-07], device='cuda:0',
       grad_fn=<VarBackward0>)
INFO:root:tensor([6.8334e-05, 6.7487e-05, 4.7493e-05, 6.4220e-05], device='cuda:0',
       grad_fn=<VarBackward0>)
INFO:root:tensor([[0.0000e+00, 2.9322e-06, 3.3015e-03, 1.9471e-09, 3.2058e-08, 6.0793e-06,
         5.2414e-05],
        [2.0727e-06, 0.0000e+00, 5.3799e-06, 5.0734e-06, 1.6049e-06, 9.9372e-03,
         1.6529e-07],
        [2.2959e-03, 2.6876e-06, 0.0000e+00, 5.0710e-09, 1.4074e-08, 5.5509e-06,
         6.0759e-05],
        [5.0409e-07, 9.8779e-05, 1.1880e-06, 0.0000e+00, 1.7742e-04, 1.2866e-04,
         1.1223e-05],
        [3.0882e-06, 5.6488e-04, 5.3733e-06, 3.0554e-05, 0.0000e+00, 5.1837e-06,
         2.2776e-05],
        [6.4896e-06, 9.6425e-03, 7.6032e-06, 3.3756e-06, 8.3789e-08, 0.0000e+00,
         2.9206e-07],
        [8.9598e-06, 1.0699e-07, 7.3906e-07, 3.4572e-09, 1.3778e-10, 1.2379e-07,
         0.0000e+00]], device='cuda:0', grad_fn=<SliceBackward0>)
INFO:root:tensor([[0.0000, 0.0000, 0.0000, 0.0000, 0.0000, 0.0000, 0.0000],
        [0.0000, 0.0000, 0.0000, 0.0000, 0.0000, 0.0100, 0.0000],
        [0.0000, 0.0000, 0.0000, 0.0000, 0.0000, 0.0000, 0.0000],
        [0.0000, 0.0000, 0.0000, 0.0000, 0.0000, 0.0000, 0.0000],
        [0.0000, 0.0000, 0.0000, 0.0000, 0.0000, 0.0000, 0.0000],
        [0.0000, 0.0100, 0.0000, 0.0000, 0.0000, 0.0000, 0.0000],
        [0.0000, 0.0000, 0.0000, 0.0000, 0.0000, 0.0000, 0.0000]],
       device='cuda:0')
